[SUCCESS] service@taling.com.tw
[SUCCESS] vicky@goodlcd.com.tw
[SUCCESS] maggie@top-player.com.tw
[SUCCESS] leon@pact.com.tw
[SUCCESS] chris@ichu.com.tw
[SUCCESS] sharon@ite-corp.com
[SUCCESS] judy@etake.com.tw
[SUCCESS] event@ape.net.tw
[SUCCESS] christine@cmax.com.tw
[SUCCESS] taina@fijittro.org.tw
[SUCCESS] client@law100.com.tw
[SUCCESS] hung@yotek.com.tw
[SUCCESS] yang@naycherng.com.tw
[SUCCESS] angel@lianyivi.com.tw
[SUCCESS] zhiren@mail.joupo.com
[SUCCESS] lydia@gfktwn.com.tw
[SUCCESS] william_lan@angleton.com.tw
[SUCCESS] kelly@micro-view.com.tw
[SUCCESS] annielin@sinwa.com.tw
[SUCCESS] susan@goodlcd.com.tw
[SUCCESS] lili@asiagen.com.tw
[SUCCESS] ray_lin@fabiatech.com
[SUCCESS] a3035@neostones.com.tw
[SUCCESS] kuo@acgf.org.tw
[SUCCESS] jorin@exartech.com.tw
[SUCCESS] jameschen@exartech.com.tw
[SUCCESS] andy@exartech.com.tw
[SUCCESS] rick@starview.com.tw
[SUCCESS] anko.huang@lhccpa.com.tw
[SUCCESS] meggy@konlin.com.tw
[SUCCESS] ming@eastek.com.tw
[SUCCESS] amy@exartech.com.tw
[SUCCESS] webmaster@lobos.com.tw
[SUCCESS] phoebefeng@iptec.com.tw
[SUCCESS] bill@mail.joupo.com
[SUCCESS] lin@penku.com.tw
[SUCCESS] qin@anco.com.tw
[SUCCESS] nico_l@power-tech.biz
[SUCCESS] viannchao@eupl.com.tw
[SUCCESS] sales@lobos.com.tw
[SUCCESS] dodo@toplulu.net
[SUCCESS] doris@citycase.com.tw
[SUCCESS] ryan@maistek.com.tw
[SUCCESS] jimmy@top-player.com.tw
[SUCCESS] vincent@iavx.com.tw
[SUCCESS] service@powerflow.com.tw
[SUCCESS] service@lawtw.net
[SUCCESS] lawyer@lawtw.net
[SUCCESS] law@lawtw.net
[SUCCESS] construction@edg.com.tw
[SUCCESS] joan@solidlite.com
[SUCCESS] master@rcsacorp.com.tw
[SUCCESS] evan@vos.org.tw
[SUCCESS] scottlin@eastek.com.tw
[SUCCESS] edhuang@eastek.com.tw
[SUCCESS] beverly@exartech.com.tw
[SUCCESS] airport.tpe@vietnamairlines.com.tw
[SUCCESS] celine@fabiatech.com
[SUCCESS] adm@enrichmusic.com.tw
[SUCCESS] service@magnet.com.tw
[SUCCESS] intl@exartech.com.tw
[SUCCESS] arthurh@heli-ocean.com.tw
[SUCCESS] aifaye@xiertek.com.tw
[SUCCESS] tseng@gppc.com.tw
[SUCCESS] tylee@solacorp.com
[SUCCESS] achang@burnstewart.com.tw
[SUCCESS] sales@burnstewart.com.tw
[SUCCESS] pc@goodlcd.com.tw
[SUCCESS] ching@foodnews.com.tw
[SUCCESS] brucechung@lhccpa.com.tw
[SUCCESS] mkgt@shinkin.com.tw
[SUCCESS] chel@acgf.org.tw
[SUCCESS] walter@acgf.org.tw
[SUCCESS] service@acgf.org.tw
[SUCCESS] sherry@acgf.org.tw
[SUCCESS] market@sableinc.com.tw
[SUCCESS] macgyver@citycase.com.tw
[SUCCESS] sales@citycase.com.tw
[SUCCESS] test@gfktwn.com.tw
[SUCCESS] info@taiwaninfo.com.tw
[SUCCESS] support@lobos.com.tw
[SUCCESS] erica@astrodyne.com.tw
[SUCCESS] ying@tronlink.com.tw
[SUCCESS] tina@rstech.com.tw
[SUCCESS] law104@lawtw.net
[SUCCESS] gyen@cmax.com.tw
[SUCCESS] hsu@acgf.org.tw
[SUCCESS] txg@vang.com.tw
[SUCCESS] alice@maistek.com.tw
[SUCCESS] vlin@gppc.com.tw
[SUCCESS] ramy@hs-tech.com.tw
[SUCCESS] finance@sinwa.com.tw
[SUCCESS] sallylin@sinwa.com.tw
[SUCCESS] daiven@sentravel.com.tw
[SUCCESS] davidh@exartech.com.tw
[SUCCESS] mark_chen@nistem.com.tw
[SUCCESS] chen@ichu.com.tw
[SUCCESS] tml105@gppc.com.tw
[SUCCESS] mark@worldtech.com.tw
[SUCCESS] amos@exartech.com.tw
[SUCCESS] sales3@victorylink.com.tw
[SUCCESS] khs@acgf.org.tw
[SUCCESS] james_yao@goodlcd.com.tw
[SUCCESS] chien@citycase.com.tw
[SUCCESS] carol@citycase.com.tw
[SUCCESS] service@nobility.com.tw
[SUCCESS] joanne@top-player.com.tw
[SUCCESS] chuckchang@aped.com.tw
[SUCCESS] jack@pact.com.tw
[SUCCESS] kansin@edg.com.tw
[SUCCESS] jessica@tronstar.com.tw
[SUCCESS] lola@ri-pro.com
[SUCCESS] may870322@acgf.org.tw
[SUCCESS] sales@prime.com.tw
[SUCCESS] lilian@prime.com.tw
[SUCCESS] amy@sencun.com.tw
[SUCCESS] gino_tzeng@lobos.com.tw
[SUCCESS] anita@webwatch.com.tw
[SUCCESS] support@exartech.com.tw
[SUCCESS] lucaslee@de-consult.com.tw
[SUCCESS] sherry@teppro.com.tw
[SUCCESS] taffy@foodnews.com.tw
[SUCCESS] julian@foodnews.com.tw
[SUCCESS] cecily_chou@edg.com.tw
[SUCCESS] evelyn_kuo@edg.com.tw
[SUCCESS] michael_huang@edg.com.tw
[SUCCESS] winner_lin@angleton.com.tw
[SUCCESS] alumi_lu@angleton.com.tw
[SUCCESS] jerry@xiertek.com.tw
[SUCCESS] miki@zchao.com.tw
[SUCCESS] jason_3t@edg.com.tw
[SUCCESS] rita@xiertek.com.tw
[SUCCESS] jaspershen@taiwan-leader.com
[SUCCESS] yeh@acgf.org.tw
[SUCCESS] a3061@neostones.com.tw
[SUCCESS] jacklee@acgf.org.tw
[SUCCESS] ruru@xiertek.com.tw
[SUCCESS] bright@click-animation.com
[SUCCESS] johnny@micro-view.com.tw
[SUCCESS] service@sinwa.com.tw
[SUCCESS] rouhlan@foodnews.com.tw
[SUCCESS] flora_chou@edg.com.tw
[SUCCESS] steve@rcsacorp.com.tw
[SUCCESS] vos@vos.org.tw
[SUCCESS] gordon@exartech.com.tw
[SUCCESS] tammy.tang@livingpro.com.tw
[SUCCESS] eng1@surtecpm.com.tw
[SUCCESS] pichen@sentravel.com.tw
[SUCCESS] louisliao@auslinx.com.tw
[SUCCESS] joan@easternfashions.com.tw
[SUCCESS] bruce_wang@fabiatech.com
[SUCCESS] frank@famouship.com.tw
[SUCCESS] rick@unicomes.com.tw
[SUCCESS] service@cleantec.com.tw
[SUCCESS] chechi@exartech.com.tw
[SUCCESS] frank_wu@angleton.com.tw
[SUCCESS] rich@anco.com.tw
[SUCCESS] bruce@etake.com.tw
[SUCCESS] bert@777.com.tw
[SUCCESS] amy@stanley-tpe.com.tw
[SUCCESS] slu@burnstewart.com.tw
[SUCCESS] vincent@lianyivi.com.tw
[SUCCESS] ming@acgf.org.tw
[SUCCESS] betty-ho@tw-tpi.com.tw
[SUCCESS] lucy@eastek.com.tw
[SUCCESS] teresa@liu-law.com.tw
[SUCCESS] arther@winstron.com
[SUCCESS] larry@sableinc.com.tw
[SUCCESS] rd@sableinc.com.tw
[SUCCESS] mandy@lianyivi.com.tw
[SUCCESS] cmchen@eid.com.tw
[SUCCESS] angela_chang@fabiatech.com
[SUCCESS] vincent@ape.net.tw
[SUCCESS] sales@envinex.com.tw
[SUCCESS] ted@tronlink.com.tw
[SUCCESS] taling@taling.com.tw
[SUCCESS] kelly@ri-pro.com
[SUCCESS] angel@citycase.com.tw
[SUCCESS] jimmy@citycase.com.tw
[SUCCESS] ada@exartech.com.tw
[SUCCESS] mirror@alphamoon.com.tw
[SUCCESS] jack_hu@angleton.com.tw
[SUCCESS] eric_huang@angleton.com.tw
[SUCCESS] charlene_chung@edg.com.tw
[SUCCESS] steve.hsu@imtec.com.tw
[SUCCESS] kevin@hpctaiwan.com
[SUCCESS] crc@avacavac.com.tw
[SUCCESS] candy@mega-force.com.tw
[SUCCESS] miranda@maistek.com.tw
[SUCCESS] webmaster@taiwan-leader.com
[SUCCESS] taiwan@taiwan-leader.com
[SUCCESS] bon@ite-corp.com
[SUCCESS] mpowerx5@workmen.com.tw
[SUCCESS] michael@heliopolis.com.tw
[SUCCESS] ken_lin@sonostar.com
[SUCCESS] michael@anco.com.tw
[SUCCESS] james@exartech.com.tw
[SUCCESS] pd-1@sableinc.com.tw
[SUCCESS] anniewu@iptec.com.tw
[SUCCESS] mailbox@sentravel.com.tw
[SUCCESS] arnold@sentravel.com.tw
[SUCCESS] admin@ethome.net
[SUCCESS] service@e-fss.org
[SUCCESS] chris@stanley-tpe.com.tw
[SUCCESS] joanne@goodlcd.com.tw
[SUCCESS] karlking@konlin.com.tw
[SUCCESS] vivian@continental-link.com.tw
[SUCCESS] joyce@solidlite.com
[SUCCESS] led@solidlite.com
[SUCCESS] james@acceleratedtechnology.com.tw
[SUCCESS] tpi@tw-tpi.com.tw
[SUCCESS] rita@mail.joupo.com
[SUCCESS] max@keewah.com.tw
[SUCCESS] manu@sableinc.com.tw
[SUCCESS] purchase@sableinc.com.tw
[SUCCESS] admi@sableinc.com.tw
[SUCCESS] kaku@stanley-tpe.com.tw
[SUCCESS] chen@stanley-tpe.com.tw
[SUCCESS] a3046@neostones.com.tw
[SUCCESS] wesley@etake.com.tw
[SUCCESS] michael@mtrend.com.tw
[SUCCESS] ange0227@ferrite.com.tw
[SUCCESS] sale@behonest.com.tw
[SUCCESS] market@gfktwn.com.tw
[SUCCESS] kate@citycase.com.tw
[SUCCESS] soon@scopewell.com.tw
[SUCCESS] a2027@neostones.com.tw
[SUCCESS] vc_tpe@edg.com.tw
[SUCCESS] sai@fijittro.org.tw
[SUCCESS] chen@hs-tech.com.tw
[SUCCESS] roger@romax.com.tw
[SUCCESS] carlyang@eastek.com.tw
[SUCCESS] monchi@jtonsys.com
[SUCCESS] richard_wu@wking.com.tw
[SUCCESS] ella@nistem.com.tw
[SUCCESS] blue@behonest.com.tw
[SUCCESS] mandy@goodlcd.com.tw
[SUCCESS] jenlin@konlin.com.tw
[SUCCESS] karen@hontek-tw.com.tw
[SUCCESS] riva@workmen.com.tw
[SUCCESS] vincent@romax.com.tw
[SUCCESS] khwu@gppc.com.tw
[SUCCESS] dennywu@eastek.com.tw
[SUCCESS] jack@exartech.com.tw
[SUCCESS] peggy@unicomes.com.tw
[SUCCESS] jason@sableinc.com.tw
[SUCCESS] ariel@stanley-tpe.com.tw
[SUCCESS] vic@tronlink.com.tw
[SUCCESS] amy-wu@tw-tpi.com.tw
[SUCCESS] johnson@starview.com.tw
[SUCCESS] cyliu@ferrite.com.tw
[SUCCESS] samyuan@infotec.com.tw
[SUCCESS] terence@cleantec.com.tw
[SUCCESS] gary@focuslight.com
[SUCCESS] rosa@wcorp.net
[SUCCESS] click.huang@click-animation.com
[SUCCESS] richard@prime.com.tw
[SUCCESS] kathy@vang.com.tw
[SUCCESS] fuliang@shine-tech.com.tw
[SUCCESS] cathy@ri-pro.com
[SUCCESS] marketing@astrodyne.com.tw
[SUCCESS] jack@starview.com.tw
[SUCCESS] edg@edg.com.tw
[SUCCESS] vincent_ham@edg.com.tw
[SUCCESS] gianteec@gianteec.com.tw
[SUCCESS] eng2@surtecpm.com.tw
[SUCCESS] service@naycherng.com.tw
[SUCCESS] vivi@romax.com.tw
[SUCCESS] nancy@romax.com.tw
[SUCCESS] julie@mail.joupo.com
[SUCCESS] service@digi-king.com.tw
[SUCCESS] info@5a.com.tw
[SUCCESS] rd@citycase.com.tw
[SUCCESS] k502@gppc.com.tw
[SUCCESS] linda@yotek.com.tw
[SUCCESS] sunny@jackiesunny.com.tw
[SUCCESS] sunny1@jackiesunny.com.tw
[SUCCESS] neelylin@sinwa.com.tw
[SUCCESS] jason@sentravel.com.tw
[SUCCESS] service@aishih.com.tw
[SUCCESS] johnny@unicomes.com.tw
[SUCCESS] a3059@neostones.com.tw
[SUCCESS] gill@unicomes.com.tw
[SUCCESS] graceyang@heliopolis.com.tw
[SUCCESS] a2020@neostones.com.tw
[SUCCESS] icome@ai-kang.com.tw
[SUCCESS] victoria@easternfashions.com.tw
[SUCCESS] lian@enrichmusic.com.tw
[SUCCESS] enjoy@goodlcd.com.tw
[SUCCESS] anna@starview.com.tw
[SUCCESS] amy@wensong.com.tw
[SUCCESS] material@solidlite.com
[SUCCESS] aparecium@lhccpa.com.tw
[SUCCESS] krystalhsiao@lhccpa.com.tw
[SUCCESS] fairy@winaccord.com.tw
[SUCCESS] linux_sung@angleton.com.tw
[SUCCESS] vc_site@edg.com.tw
[SUCCESS] shui@nistem.com.tw
[SUCCESS] hsinchu1@hsinyu.com.tw
[SUCCESS] freda@infotec.com.tw
[SUCCESS] jessie@lma.com.tw
[SUCCESS] a3019@neostones.com.tw
[SUCCESS] paul@tronlink.com.tw
[SUCCESS] fuliang@tronlink.com.tw
[SUCCESS] bertha_lin@fabiatech.com
[SUCCESS] daniellu@eastek.com.tw
[SUCCESS] eastek@eastek.com.tw
[SUCCESS] yujui_lin@konlin.com.tw
[SUCCESS] robin@sentravel.com.tw
[SUCCESS] christina@sentravel.com.tw
[SUCCESS] operation@sentravel.com.tw
[SUCCESS] john@surtecpm.com.tw
[SUCCESS] jeff@surtecpm.com.tw
[SUCCESS] mary@surtecpm.com.tw
[SUCCESS] bill@surtecpm.com.tw
[SUCCESS] joe@surtecpm.com.tw
[SUCCESS] elenawen@borica.com.tw
[SUCCESS] bear@surtecpm.com.tw
[SUCCESS] khl@surtecpm.com.tw
[SUCCESS] cyberyeh@easternfashions.com.tw
[SUCCESS] peter@surtecpm.com.tw
[SUCCESS] wyeh@era-tw.com
[SUCCESS] taimin@highpull.com.tw
[SUCCESS] famouship@famouship.com.tw
[SUCCESS] chris@konlin.com.tw
[SUCCESS] van@ruody.com.tw
[SUCCESS] nono@surtecpm.com.tw
[SUCCESS] ou_yang@bontech.com.tw
[SUCCESS] robin_huang@angleton.com.tw
[SUCCESS] shumin@taiwan-leader.com
[SUCCESS] kelly@fortex.com.tw
[SUCCESS] jackie@jackiesunny.com.tw
[SUCCESS] gladys@taiwan-leader.com
[SUCCESS] enrich@enrichmusic.com.tw
[SUCCESS] jessielin@eid.com.tw
[SUCCESS] jackie1@jackiesunny.com.tw
[SUCCESS] kathy@continental-link.com.tw
[SUCCESS] dennis@continental-link.com.tw
[SUCCESS] belle@continental-link.com.tw
[SUCCESS] howard@solidlite.com
[SUCCESS] richard@rcsacorp.com.tw
[SUCCESS] sunnie.wu@bridging.com.tw
[SUCCESS] elaine@stanley-tpe.com.tw
[SUCCESS] peter@etake.com.tw
[SUCCESS] 826@hs-tech.com.tw
[SUCCESS] nico@worldtech.com.tw
[SUCCESS] bill@etake.com.tw
[SUCCESS] michelle@click-animation.com
[SUCCESS] jerry@etake.com.tw
[SUCCESS] leo@etake.com.tw
[SUCCESS] service@livingpro.com.tw
[SUCCESS] ilan@smoothtour.com.tw
[SUCCESS] tom@fortex.com.tw
[SUCCESS] chiaoyi@dorm.com.tw
[SUCCESS] j.c.@lhccpa.com.tw
[SUCCESS] judy@eastek.com.tw
[SUCCESS] stevenchuang@iptec.com.tw
[SUCCESS] rma@fabiatech.com
[SUCCESS] victor_hsu@fabiatech.com
[SUCCESS] jessie@ferrite.com.tw
[SUCCESS] joan@goldenco.com.tw
[SUCCESS] cp_chiang@sonostar.com
[SUCCESS] todd@fabiatech.com
[SUCCESS] nicole_chen@fabiatech.com
[SUCCESS] sen_yu@fabiatech.com
[SUCCESS] sandy_wu@fabiatech.com
[SUCCESS] andy@etake.com.tw
[SUCCESS] carol@etake.com.tw
[SUCCESS] liangchang@aped.com.tw
[SUCCESS] max@bodywave.com.tw
[SUCCESS] power@surtecpm.com.tw
[SUCCESS] patricia_kao@angleton.com.tw
[SUCCESS] alan@pact.com.tw
[SUCCESS] mei@konlin.com.tw
[SUCCESS] eva@seponline.com.tw
[SUCCESS] lt.wang@ape.net.tw
[SUCCESS] tiffany@goodlcd.com.tw
[SUCCESS] k.k@goodlcd.com.tw
[SUCCESS] samson@goodlcd.com.tw
[SUCCESS] shun@heli-ocean.com.tw
[SUCCESS] sales-kao@burnstewart.com.tw
[SUCCESS] sales-tch@burnstewart.com.tw
[SUCCESS] paul@5a.com.tw
[SUCCESS] sabrina@taiwan-leader.com
[SUCCESS] judy@hitechs.com.tw
[SUCCESS] kay@eastek.com.tw
[SUCCESS] rosalind@mail.joupo.com
[SUCCESS] huang_cs@nistem.com.tw
[SUCCESS] pd@sableinc.com.tw
[SUCCESS] art@foodnews.com.tw
[SUCCESS] christine@hpctaiwan.com
[SUCCESS] clin@era-tw.com
[SUCCESS] may@exartech.com.tw
[SUCCESS] laihp@nistem.com.tw
[SUCCESS] service@borica.com.tw
[SUCCESS] tailai@archinexus.com
[SUCCESS] ruth@yotek.com.tw
[SUCCESS] eric@yotek.com.tw
[SUCCESS] irene@etake.com.tw
[SUCCESS] jason@yotek.com.tw
[SUCCESS] david@yotek.com.tw
[SUCCESS] ape@ape.net.tw
[SUCCESS] rsam@rsam.com.tw
[SUCCESS] harmony@apexcorp.com.tw
[SUCCESS] lucia@apexcorp.com.tw
[SUCCESS] junior@sunwayfood.com.tw
[SUCCESS] allen@tronstar.com.tw
[SUCCESS] eagle@elemtek.com.tw
[SUCCESS] leon.tsai@imtec.com.tw
[SUCCESS] johnwen@borica.com.tw
[SUCCESS] plusin@plusin.com
[SUCCESS] kevintsuo@borica.com.tw
[SUCCESS] cathylu@borica.com.tw
[SUCCESS] jack@winstron.com
[SUCCESS] apex@apexcorp.com.tw
[SUCCESS] pamd@deeu.com.tw
[SUCCESS] nathalie_chan@borica.com.tw
[SUCCESS] sales@qman.com.tw
[SUCCESS] jacky@maistek.com.tw
[SUCCESS] 001@eastern-unicorn.com
[SUCCESS] audrey@maistek.com.tw
[SUCCESS] max@maistek.com.tw
[SUCCESS] eugene@maistek.com.tw
[SUCCESS] george@xiertek.com.tw
[SUCCESS] bem@maistek.com.tw
[SUCCESS] sales@yotek.com.tw
[SUCCESS] christina@hitechs.com.tw
[SUCCESS] evan@eastek.com.tw
[SUCCESS] james@xiertek.com.tw
[SUCCESS] kathy@stanley-tpe.com.tw
[SUCCESS] ray@fabiatech.com
[SUCCESS] angel@xiertek.com.tw
[SUCCESS] joyce@xiertek.com.tw
[SUCCESS] simon@xiertek.com.tw
[SUCCESS] twsales@xiertek.com.tw
[SUCCESS] yvonne@rcsacorp.com.tw
[SUCCESS] eileen.yao@livingpro.com.tw
[SUCCESS] goldenco@goldenco.com.tw
[SUCCESS] carol@ri-pro.com
[SUCCESS] liang@nistem.com.tw
[SUCCESS] chou@sembatw.com.tw
[SUCCESS] purchase@shinkin.com.tw
[SUCCESS] technical@e-castle.cc
[SUCCESS] yuron@vantectw.com
[SUCCESS] claire@vaxcel.com.tw
[SUCCESS] service@heli-ocean.com.tw
[SUCCESS] beverly@acceleratedtechnology.com.tw
[SUCCESS] eric@anco.com.tw
[SUCCESS] jodie@anco.com.tw
[SUCCESS] ted@anco.com.tw
[SUCCESS] ancord@anco.com.tw
[SUCCESS] carol@jiuhshin.com
[SUCCESS] tony@anco.com.tw
[SUCCESS] chou@shinkin.com.tw
[SUCCESS] grace@anco.com.tw
[SUCCESS] neil@etake.com.tw
[SUCCESS] a3057@neostones.com.tw
[SUCCESS] shyang@well.com.tw
[SUCCESS] alex@anco.com.tw
[SUCCESS] kcshiu@cashmere.com.tw
[SUCCESS] carol@shinkin.com.tw
[SUCCESS] juno@heliopolis.com.tw
[SUCCESS] joesam_liu@sonostar.com
[SUCCESS] carrie@worldtech.com.tw
[SUCCESS] a3066@neostones.com.tw
[SUCCESS] lee@shinkin.com.tw
[SUCCESS] twlawyer@lawtw.net
[SUCCESS] lisa_hsu@angleton.com.tw
[SUCCESS] webwatch@webwatch.com.tw
[SUCCESS] jessica.hsaio@lhccpa.com.tw
[SUCCESS] kai@solidlite.com
[SUCCESS] allan@anco.com.tw
[SUCCESS] rita@sableinc.com.tw
[SUCCESS] sales-tpe@burnstewart.com.tw
[SUCCESS] zeninc@zeninc.com.tw
[SUCCESS] kc@pnm.com.tw
[SUCCESS] sales2@solidlite.com
[SUCCESS] a3042@neostones.com.tw
[SUCCESS] jessica@hitechs.com.tw
[SUCCESS] tnc106@gppc.com.tw
[SUCCESS] david.lee@imtec.com.tw
[SUCCESS] a4002@neostones.com.tw
[SUCCESS] kong@mtrend.com.tw
[SUCCESS] admin@nytaps.com.tw
[SUCCESS] tina@elemtek.com.tw
[SUCCESS] jack@hilltop.com.tw
[SUCCESS] admin@scopewell.com.tw
[SUCCESS] info@accesspro.com.tw
[SUCCESS] sales@accesspro.com.tw
[SUCCESS] jerry@accesspro.com.tw
[SUCCESS] service@accesspro.com.tw
[SUCCESS] mintarja@cypac.com.tw
[SUCCESS] otto@webwatch.com.tw
[SUCCESS] a1001@neostones.com.tw
[SUCCESS] purple@cypac.com.tw
[SUCCESS] reese@cypac.com.tw
[SUCCESS] alan_teng@hs-tech.com.tw
[SUCCESS] ap@accesspro.com.tw
[SUCCESS] kender@cleantec.com.tw
[SUCCESS] sales@cleantec.com.tw
[SUCCESS] grace@cleantec.com.tw
[SUCCESS] alice@cleantec.com.tw
[SUCCESS] service@prime.com.tw
[SUCCESS] support@prime.com.tw
[SUCCESS] logistic@prime.com.tw
[SUCCESS] wayne@exartech.com.tw
[SUCCESS] stanley@advancedcapital.com.tw
[SUCCESS] law@gppc.com.tw
[SUCCESS] kenny@advancedcapital.com.tw
[SUCCESS] airporttpe@vietnamairlines.com.tw
[SUCCESS] aom@livingpro.com.tw
[SUCCESS] jasonlee@eastern-unicorn.com
[SUCCESS] 168@eastern-unicorn.com
[SUCCESS] moon@archinexus.com
[SUCCESS] maylin@iptec.com.tw
[SUCCESS] peiching@cypac.com.tw
[SUCCESS] jean@cypac.com.tw
[SUCCESS] scottliao@hydra.com.tw
[SUCCESS] user8@elemtek.com.tw
[SUCCESS] jason@taiwaninfo.com.tw
[SUCCESS] dick@etake.com.tw
[SUCCESS] sales5@crowneplaza-taipei.com
[SUCCESS] catheleen@easternfashions.com.tw
[SUCCESS] george@george-tech.com.tw
[SUCCESS] judy@george-tech.com.tw
[SUCCESS] yeong@gppc.com.tw
[SUCCESS] ct@vaxcel.com.tw
[SUCCESS] sales@fabric999-hsh.com
[SUCCESS] jean@solidlite.com
[SUCCESS] monica@schmid-taiwan.com
[SUCCESS] kenneth@solidlite.com
[SUCCESS] simon@schmid-taiwan.com
[SUCCESS] eric@etake.com.tw
[SUCCESS] evon@heliopolis.com.tw
[SUCCESS] mei@well.com.tw
[SUCCESS] steven@winstron.com
[SUCCESS] chad@envinex.com.tw
[SUCCESS] lsm566@bontech.com.tw
[SUCCESS] may@winshen.com.tw
[SUCCESS] cylin@hsinyu.com.tw
[SUCCESS] yvonnechen@hsinyu.com.tw
[SUCCESS] hsinchu2@hsinyu.com.tw
[SUCCESS] tina.fu@genechannel.com
[SUCCESS] wplin@hsinyu.com.tw
[SUCCESS] evelynhua@iptec.com.tw
[SUCCESS] dnchen@hsinyu.com.tw
[SUCCESS] cjwu@hsinyu.com.tw
[SUCCESS] evajeng@hsinyu.com.tw
[SUCCESS] ckhuang@hsinyu.com.tw
[SUCCESS] darrenwu@hsinyu.com.tw
[SUCCESS] lisayeh@hsinyu.com.tw
[SUCCESS] vic@5a.com.tw
[SUCCESS] stanleyliu@hsinyu.com.tw
[SUCCESS] liangchang@hsinyu.com.tw
[SUCCESS] jason@solidlite.com
[SUCCESS] liu@liu-law.com.tw
[SUCCESS] mico@liu-law.com.tw
[SUCCESS] pichiu@liu-law.com.tw
[SUCCESS] pameli@tronlink.com.tw
[SUCCESS] jysu@pnm.com.tw
[SUCCESS] hata@liu-law.com.tw
[SUCCESS] anne@liu-law.com.tw
[SUCCESS] barbara@sevenstar.com.tw
[SUCCESS] max@yotek.com.tw
[SUCCESS] michael@shred-et.com
[SUCCESS] c.h.chang@yuisheng.com.tw
[SUCCESS] sandy@keewah.com.tw
[SUCCESS] kelly@keewah.com.tw
[SUCCESS] jojo@keewah.com.tw
[SUCCESS] paulina@bridgeone.net
[SUCCESS] betty@keewah.com.tw
[SUCCESS] pat@keewah.com.tw
[SUCCESS] kshuang@gppc.com.tw
[SUCCESS] anil@acceleratedtechnology.com.tw
[SUCCESS] support@fabiatech.com
[SUCCESS] client@liu-law.com.tw
[SUCCESS] set-sales@stanley-tpe.com.tw
[SUCCESS] housman@highpull.com.tw
[SUCCESS] uan@goodlcd.com.tw
[SUCCESS] wen@avacavac.com.tw
[SUCCESS] lady@fortex.com.tw
[SUCCESS] keke@magnet.com.tw
[SUCCESS] david@magnet.com.tw
[SUCCESS] marx@magnet.com.tw
[SUCCESS] boss@avacavac.com.tw
[SUCCESS] kerin@magnet.com.tw
[SUCCESS] alissa@magnet.com.tw
[SUCCESS] fanny@magnet.com.tw
[SUCCESS] joyce@magnet.com.tw
[SUCCESS] wendy@highpull.com.tw
[SUCCESS] antony@highpull.com.tw
[SUCCESS] vinson@highpull.com.tw
[SUCCESS] bill@pro-technology.com.tw
[SUCCESS] china@alphamoon.com.tw
[SUCCESS] tony@asiagen.com.tw
[SUCCESS] hs-tech@hs-tech.com.tw
[SUCCESS] viola@famouship.com.tw
[SUCCESS] cct@hs-tech.com.tw
[SUCCESS] frank@shine-tech.com.tw
[SUCCESS] msli@cashmere.com.tw
[SUCCESS] ytlin@gppc.com.tw
[SUCCESS] wada@stanley-tpe.com.tw
[SUCCESS] feleen_w@power-tech.biz
[SUCCESS] tim@george-tech.com.tw
[SUCCESS] edward_ko@angleton.com.tw
[SUCCESS] anna@solidlite.com
[SUCCESS] jackie@pnm.com.tw
[SUCCESS] annie@pro-technology.com.tw
[SUCCESS] laura.chen@crowneplaza-taipei.com
[SUCCESS] tommy@vantectw.com
[SUCCESS] trade@northtech.com.tw
[SUCCESS] wayne@regis-tech.com
[SUCCESS] regis@regis-tech.com
[SUCCESS] service@regis-tech.com
[SUCCESS] sam@regis-tech.com
[SUCCESS] smart@lavita.com.tw
[SUCCESS] teresa@ape.net.tw
[SUCCESS] pung@acgf.org.tw
[SUCCESS] gobby068@workmen.com.tw
[SUCCESS] tina@collinselco.com
[SUCCESS] goodheart@e-castle.cc
[SUCCESS] rachel@vang.com.tw
[SUCCESS] katy@carmen.com.tw
[SUCCESS] service@carmen.com.tw
[SUCCESS] jennifer@carmen.com.tw
[SUCCESS] vivi@acgf.org.tw
[SUCCESS] matt@hitechs.com.tw
[SUCCESS] sales1@solidlite.com
[SUCCESS] jeff@skysis.com.tw
[SUCCESS] info@plusin.com
[SUCCESS] chang_jiun_li@asiagen.com.tw
[SUCCESS] amy@xiertek.com.tw
[SUCCESS] samuel@plusin.com
[SUCCESS] micky@astrodyne.com.tw
[SUCCESS] tpe@smoothtour.com.tw
[SUCCESS] chungwutsai@heliopolis.com.tw
[SUCCESS] fanny@imtec.com.tw
[SUCCESS] rhl@hs-tech.com.tw
[SUCCESS] erica@vantectw.com
[SUCCESS] christer@well.com.tw
[SUCCESS] service@alphamoon.com.tw
[SUCCESS] jason@vaxcel.com.tw
[SUCCESS] james@astrodyne.com.tw
[SUCCESS] jackson@tronlink.com.tw
[SUCCESS] ameko@fortex.com.tw
[SUCCESS] alex@sableinc.com.tw
[SUCCESS] service@cashmere.com.tw
[SUCCESS] w211@acgf.org.tw
[SUCCESS] polly@behonest.com.tw
[SUCCESS] paul_chen@edg.com.tw
[SUCCESS] 0921@hs-tech.com.tw
[SUCCESS] david@well.com.tw
[SUCCESS] claire@infotec.com.tw
[SUCCESS] alice@infotec.com.tw
[SUCCESS] steven@infotec.com.tw
[SUCCESS] william@infotec.com.tw
[SUCCESS] coco@solidlite.com
[SUCCESS] landy_chen@lobos.com.tw
[SUCCESS] jackly@jsicom.com.tw
[SUCCESS] cam@fortex.com.tw
[SUCCESS] montell@worldtech.com.tw
[SUCCESS] mary@sevenstar.com.tw
[SUCCESS] james@sevenstar.com.tw
[SUCCESS] alan@sevenstar.com.tw
[SUCCESS] vincent@foodnews.com.tw
[SUCCESS] banny@5a.com.tw
[SUCCESS] joyce@sevenstar.com.tw
[SUCCESS] jessica@sevenstar.com.tw
[SUCCESS] david@ite-corp.com
[SUCCESS] sevenstar@sevenstar.com.tw
[SUCCESS] cynthia@vaxcel.com.tw
[SUCCESS] lily@vaxcel.com.tw
[SUCCESS] william@vaxcel.com.tw
[SUCCESS] whyne@vaxcel.com.tw
[SUCCESS] michael@vaxcel.com.tw
[SUCCESS] monica@vaxcel.com.tw
[SUCCESS] maggie@vaxcel.com.tw
[SUCCESS] kathy@vaxcel.com.tw
[SUCCESS] eva@vaxcel.com.tw
[SUCCESS] thomas@vaxcel.com.tw
[SUCCESS] teresa@vaxcel.com.tw
[SUCCESS] jasmine@vaxcel.com.tw
[SUCCESS] belle@vaxcel.com.tw
[SUCCESS] mico@vaxcel.com.tw
[SUCCESS] cashier@nytaps.com.tw
[SUCCESS] lu@skysis.com.tw
[SUCCESS] service@vaxcel.com.tw
[SUCCESS] tammy@vaxcel.com.tw
[SUCCESS] chris@vaxcel.com.tw
[SUCCESS] emily@vaxcel.com.tw
[SUCCESS] amy@vaxcel.com.tw
[SUCCESS] kent@vaxcel.com.tw
[SUCCESS] grace@vaxcel.com.tw
[SUCCESS] ahda@vaxcel.com.tw
[SUCCESS] eric@vaxcel.com.tw
[SUCCESS] jacky@vaxcel.com.tw
[SUCCESS] alanweng@iptec.com.tw
[SUCCESS] mandy@tld.com.tw
[SUCCESS] ann@heliopolis.com.tw
[SUCCESS] fanny@alphamoon.com.tw
[SUCCESS] max@schmid-taiwan.com
[SUCCESS] hershow@jtonsys.com
[SUCCESS] service@infotec.com.tw
[SUCCESS] davidjou@mail.joupo.com
[SUCCESS] jo@vang.com.tw
[SUCCESS] jean@hilltop.com.tw
[SUCCESS] nick@astrodyne.com.tw
[SUCCESS] yu@penmotors.com.tw
[SUCCESS] yichia@yichia.com.tw
[SUCCESS] ab81@airblue.com.tw
[SUCCESS] vivian@ite-corp.com
[SUCCESS] chinllee@lhccpa.com.tw
[SUCCESS] a3010@neostones.com.tw
[SUCCESS] colin@acceleratedtechnology.com.tw
[SUCCESS] shelley@tronlink.com.tw
[SUCCESS] dabby@tronlink.com.tw
[SUCCESS] karen@ferrite.com.tw
[SUCCESS] gloria@power-tech.biz
[SUCCESS] sabrinalee@iptec.com.tw
[SUCCESS] michaelchang@inkcom.com.tw
[SUCCESS] melinda_chen@taipeicapital.com.tw
[SUCCESS] jackt@heli-ocean.com.tw
[SUCCESS] tronstar@tronstar.com.tw
[SUCCESS] tina@winstron.com
[SUCCESS] johnny_shen@sonostar.com
[SUCCESS] ywchen@sableinc.com.tw
[SUCCESS] alice@worldtech.com.tw
[SUCCESS] patty@vaxcel.com.tw
[SUCCESS] kenny@sevenstar.com.tw
[SUCCESS] pnm99@pnm.com.tw
[SUCCESS] pony@fabiatech.com
[SUCCESS] jacky@goodlcd.com.tw
[SUCCESS] service@click-animation.com
[SUCCESS] jimchang@magnet.com.tw
[SUCCESS] dpeng@rstech.com.tw
[SUCCESS] piggy@sentravel.com.tw
[SUCCESS] candice@ape.net.tw
[SUCCESS] keith@sunprogroup.com.tw
[SUCCESS] a2011@neostones.com.tw
[SUCCESS] eunice_ma@edg.com.tw
[SUCCESS] eileenchiu@iptec.com.tw
[SUCCESS] thales@rsam.com.tw
[SUCCESS] jason@5a.com.tw
[SUCCESS] fion@5a.com.tw
[SUCCESS] robin@yotek.com.tw
[SUCCESS] eric@worldtech.com.tw
[SUCCESS] 007@eastern-unicorn.com
[SUCCESS] joesam_liu@taipeicapital.com.tw
[SUCCESS] johnny_shen@taipeicapital.com.tw
[SUCCESS] mandy@plusin.com
[SUCCESS] swu@cmax.com.tw
[SUCCESS] waylon@lma.com.tw
[SUCCESS] sm2@gppc.com.tw
[SUCCESS] iren@vantectw.com
[SUCCESS] logistic1@prime.com.tw
[SUCCESS] se-chao@tw-tpi.com.tw
[SUCCESS] wy-chong@tw-tpi.com.tw
[SUCCESS] kitty@astrodyne.com.tw
[SUCCESS] maggie_shie@fabiatech.com
[SUCCESS] account@acgf.org.tw
[SUCCESS] scottliu@hsinyu.com.tw
[SUCCESS] rogerwu@asiagen.com.tw
[SUCCESS] reiner@highpull.com.tw
[SUCCESS] justine@bridgeone.net
[SUCCESS] work@eastern-unicorn.com
[SUCCESS] service@skysis.com.tw
[SUCCESS] jack@skysis.com.tw
[SUCCESS] sheila@skysis.com.tw
[SUCCESS] eva@digi-king.com.tw
[SUCCESS] qq@fatec.com.tw
[SUCCESS] charlene@er-opto.com
[SUCCESS] dennis@exartech.com.tw
[SUCCESS] grantjou@mail.joupo.com
[SUCCESS] shawn@exartech.com.tw
[SUCCESS] alex@schmid-taiwan.com
[SUCCESS] jack@konlin.com.tw
[SUCCESS] kaede@konlin.com.tw
[SUCCESS] senthil@exartech.com.tw
[SUCCESS] mei@tronlink.com.tw
[SUCCESS] joan@ri-pro.com
[SUCCESS] wayne@bodywave.com.tw
[SUCCESS] rose@pnm.com.tw
[SUCCESS] dino@flyking.com.tw
[SUCCESS] jessie@acgf.org.tw
[SUCCESS] dr@nytaps.com.tw
[SUCCESS] mail@acgf.org.tw
[SUCCESS] service@bigdoor.cc
[SUCCESS] wen@penmotors.com.tw
[SUCCESS] ivy@mail.joupo.com
[SUCCESS] support@acceleratedtechnology.com.tw
[SUCCESS] tymou@behonest.com.tw
[SUCCESS] james@fijittro.org.tw
[SUCCESS] 1202@astrodyne.com.tw
[SUCCESS] meilin@astrodyne.com.tw
[SUCCESS] sales@astrodyne.com.tw
[SUCCESS] henry@astrodyne.com.tw
[SUCCESS] 0302@astrodyne.com.tw
[SUCCESS] henry@mtrend.com.tw
[SUCCESS] fred@infotec.com.tw
[SUCCESS] yi-ping@citycase.com.tw
[SUCCESS] sam@ri-pro.com
[SUCCESS] juju@citycase.com.tw
[SUCCESS] cathy@citycase.com.tw
[SUCCESS] tony@heliopolis.com.tw
[SUCCESS] city@anco.com.tw
[SUCCESS] ctba@ctba.org.tw
[SUCCESS] service@ctba.org.tw
[SUCCESS] sales3@crowneplaza-taipei.com
[SUCCESS] a3029@neostones.com.tw
[SUCCESS] miko3@sowan.com.tw
[SUCCESS] miko4@sowan.com.tw
[SUCCESS] sam@yotek.com.tw
[SUCCESS] masterli@worldtech.com.tw
[SUCCESS] sam@worldtech.com.tw
[SUCCESS] jacqueline@eupl.com.tw
[SUCCESS] rebeccayang@eupl.com.tw
[SUCCESS] eva@hotpops.com.tw
[SUCCESS] danny@taiwan-leader.com
[SUCCESS] lio@worldtech.com.tw
[SUCCESS] mayas@rsam.com.tw
[SUCCESS] dickc@heli-ocean.com.tw
[SUCCESS] stevel@heli-ocean.com.tw
[SUCCESS] vivianl@heli-ocean.com.tw
[SUCCESS] davidc@heli-ocean.com.tw
[SUCCESS] jassey@newcd.com.tw
[SUCCESS] eric@worldwise.com.tw
[SUCCESS] allenh@heli-ocean.com.tw
[SUCCESS] sales@heli-ocean.com.tw
[SUCCESS] laura@heli-ocean.com.tw
[SUCCESS] abec@airblue.com.tw
[SUCCESS] sales@evitak.cc
[SUCCESS] anne@evitak.cc
[SUCCESS] eric@evitak.cc
[SUCCESS] hnen@ztek.com.tw
[SUCCESS] emma@flyking.com.tw
[SUCCESS] tina@mail.howard.com.tw
[SUCCESS] cs@vantectw.com
[SUCCESS] howard@mail.howard.com.tw
[SUCCESS] louis@vantectw.com
[SUCCESS] andyl@heli-ocean.com.tw
[SUCCESS] bonnieh@heli-ocean.com.tw
[SUCCESS] alexl@heli-ocean.com.tw
[SUCCESS] buffyl@heli-ocean.com.tw
[SUCCESS] candyt@heli-ocean.com.tw
[SUCCESS] martinl@heli-ocean.com.tw
[SUCCESS] beauc@heli-ocean.com.tw
[SUCCESS] kevinh@heli-ocean.com.tw
[SUCCESS] mayc@heli-ocean.com.tw
[SUCCESS] jason@lianyivi.com.tw
[SUCCESS] alex@heli-ocean.com.tw
[SUCCESS] rainey@heli-ocean.com.tw
[SUCCESS] amyw@heli-ocean.com.tw
[SUCCESS] vishen@ztek.com.tw
[SUCCESS] valerie@hontek-tw.com.tw
[SUCCESS] kylec@heli-ocean.com.tw
[SUCCESS] guard@gppc.com.tw
[SUCCESS] davidf@heli-ocean.com.tw
[SUCCESS] jasonw@heli-ocean.com.tw
[SUCCESS] maruko@magnet.com.tw
[SUCCESS] pat@romax.com.tw
[SUCCESS] alex@romax.com.tw
[SUCCESS] licky@collinselco.com
[SUCCESS] spencer_hsieh@borica.com.tw
[SUCCESS] jerry@highpull.com.tw
[SUCCESS] jiannder2@jiannder.com.tw
[SUCCESS] service@highpull.com.tw
[SUCCESS] vincent@bridgeone.net
[SUCCESS] desmand_chou@edg.com.tw
[SUCCESS] hrm@gppc.com.tw
[SUCCESS] alexkuo@iptec.com.tw
[SUCCESS] olivia@penmotors.com.tw
[SUCCESS] ss135750@penmotors.com.tw
[SUCCESS] yen@penmotors.com.tw
[SUCCESS] jimmy@fortex.com.tw
[SUCCESS] david@penmotors.com.tw
[SUCCESS] gary@penmotors.com.tw
[SUCCESS] clchang@wking.com.tw
[SUCCESS] anne@penmotors.com.tw
[SUCCESS] william@penmotors.com.tw
[SUCCESS] anniechen@penmotors.com.tw
[SUCCESS] ss136311@penmotors.com.tw
[SUCCESS] a3060@neostones.com.tw
[SUCCESS] wang@emman.com.tw
[SUCCESS] v-shop@top-player.com.tw
[SUCCESS] may@worldtech.com.tw
[SUCCESS] tseng@penmotors.com.tw
[SUCCESS] mayhsin@justherb.com.tw
[SUCCESS] sylvia@justherb.com.tw
[SUCCESS] wh@sableinc.com.tw
[SUCCESS] secret@acgf.org.tw
[SUCCESS] zaki@winstream.com.tw
[SUCCESS] vincent@hilltop.com.tw
[SUCCESS] tina36154@konlin.com.tw
[SUCCESS] yuying@heliopolis.com.tw
[SUCCESS] bl@focuslight.com
[SUCCESS] hing@sembatw.com.tw
[SUCCESS] jo.010@sableinc.com.tw
[SUCCESS] debby@ite-corp.com
[SUCCESS] fenny@sembatw.com.tw
[SUCCESS] ken1008@sembatw.com.tw
[SUCCESS] wang@penmotors.com.tw
[SUCCESS] beaut67@cherting.com.tw
[SUCCESS] ab82@airblue.com.tw
[SUCCESS] ab87@airblue.com.tw
[SUCCESS] tomy@breita.com.tw
[SUCCESS] cindy@bridgeone.net
[SUCCESS] fanny@sableinc.com.tw
[SUCCESS] may@acgf.org.tw
[SUCCESS] allenl@heli-ocean.com.tw
[SUCCESS] hope@bella-hope.com.tw
[SUCCESS] chiu-meiling@acgf.org.tw
[SUCCESS] mac.lin@livingpro.com.tw
[SUCCESS] sure@justherb.com.tw
[SUCCESS] yuka@mail.joupo.com
[SUCCESS] sales@fabiatech.com
[SUCCESS] luieis@justherb.com.tw
[SUCCESS] julia@top-player.com.tw
[SUCCESS] tiny@justherb.com.tw
[SUCCESS] jennifer@exartech.com.tw
[SUCCESS] matthew@behonest.com.tw
[SUCCESS] nancy@justherb.com.tw
[SUCCESS] kevin@justherb.com.tw
[SUCCESS] daffodil@heli-ocean.com.tw
[SUCCESS] patrickl@heli-ocean.com.tw
[SUCCESS] cwuerth@schmid-taiwan.com
[SUCCESS] ht@hitechs.com.tw
[SUCCESS] marine@hitechs.com.tw
[SUCCESS] yvonne@heli-ocean.com.tw
[SUCCESS] sandra@eupl.com.tw
[SUCCESS] wendy@schmid-taiwan.com
[SUCCESS] coscattseng@iptec.com.tw
[SUCCESS] phoebefan@iptec.com.tw
[SUCCESS] vivian@sableinc.com.tw
[SUCCESS] litien.lee@genechannel.com
[SUCCESS] jason@schmid-taiwan.com
[SUCCESS] cheng@citycase.com.tw
[SUCCESS] tseng@ruody.com.tw
[SUCCESS] king@vantectw.com
[SUCCESS] yen@taiwan-leader.com
[SUCCESS] marvin@taiwan-leader.com
[SUCCESS] sandy@taiwan-leader.com
[SUCCESS] jeff@taiwan-leader.com
[SUCCESS] johnson@vaxcel.com.tw
[SUCCESS] eliza@solidlite.com
[SUCCESS] linda.chiu@bridging.com.tw
[SUCCESS] bert@sableinc.com.tw
[SUCCESS] thales@law100.com.tw
[SUCCESS] klaus@gppc.com.tw
[SUCCESS] sunny@citycase.com.tw
[SUCCESS] elan@bodywave.com.tw
[SUCCESS] karen@hotpops.com.tw
[SUCCESS] warren@breita.com.tw
[SUCCESS] thomas.chang@bridging.com.tw
[SUCCESS] service@ape.net.tw
[SUCCESS] angela@gppc.com.tw
[SUCCESS] ilee@era-tw.com
[SUCCESS] mavis@jiuhshin.com
[SUCCESS] sales@yuisheng.com.tw
[SUCCESS] mendy@continental-link.com.tw
[SUCCESS] fang@kdi.com.tw
[SUCCESS] allen@lumbini.com.tw
[SUCCESS] mouse@asiagen.com.tw
[SUCCESS] ab83@airblue.com.tw
[SUCCESS] johnny_chiang@bontech.com.tw
[SUCCESS] keela@bodywave.com.tw
[SUCCESS] cs@rsam.com.tw
[SUCCESS] danny@continental-link.com.tw
[SUCCESS] com@toplulu.net
[SUCCESS] peggy@solidlite.com
[SUCCESS] polly@pencoal.com.tw
[SUCCESS] thomas@pencoal.com.tw
[SUCCESS] emily@pencoal.com.tw
[SUCCESS] tinahuang@pencoal.com.tw
[SUCCESS] jeffrey@pencoal.com.tw
[SUCCESS] tom@fatec.com.tw
[SUCCESS] lee@law100.com.tw
[SUCCESS] stephen@er-opto.com
[SUCCESS] jessie@er-opto.com
[SUCCESS] happy@penku.com.tw
[SUCCESS] snow@er-opto.com
[SUCCESS] cjwu@eid.com.tw
[SUCCESS] benson@taiwan-leader.com
[SUCCESS] ksir@yan-kuan.com.tw
[SUCCESS] carol@bodywave.com.tw
[SUCCESS] david@solidlite.com
[SUCCESS] xavier@solidlite.com
[SUCCESS] janekung@lumbini.com.tw
[SUCCESS] max.tower@workmen.com.tw
[SUCCESS] peggy@workmen.com.tw
[SUCCESS] sales@webwatch.com.tw
[SUCCESS] dixon@s-channel.com.tw
[SUCCESS] ctcba@ctcba.org.tw
[SUCCESS] tracy@er-opto.com
[SUCCESS] is@alphamoon.com.tw
[SUCCESS] christina@alphamoon.com.tw
[SUCCESS] fion-teng@easternfashions.com.tw
[SUCCESS] jacky@workmen.com.tw
[SUCCESS] boss@ruody.com.tw
[SUCCESS] chin@gppc.com.tw
[SUCCESS] debbie@ruody.com.tw
[SUCCESS] tony@click-animation.com
[SUCCESS] sharon@solidlite.com
[SUCCESS] terry@easternfashions.com.tw
[SUCCESS] tina@easternfashions.com.tw
[SUCCESS] angel@easternfashions.com.tw
[SUCCESS] jackchang@bridging.com.tw
[SUCCESS] sun.lin@suntex89.com
[SUCCESS] seda.tseng@suntex89.com
[SUCCESS] jessica@taiwan-leader.com
[SUCCESS] jason@cenracing.com.tw
[SUCCESS] anne@acgf.org.tw
[SUCCESS] account@ruody.com.tw
[SUCCESS] peggy@winaccord.com.tw
[SUCCESS] huang@heli-ocean.com.tw
[SUCCESS] loca@sableinc.com.tw
[SUCCESS] julian@alphamoon.com.tw
[SUCCESS] tina.lee@livingpro.com.tw
[SUCCESS] ocarol@ocarol.com.tw
[SUCCESS] carol@ocarol.com.tw
[SUCCESS] joe@ocarol.com.tw
[SUCCESS] catherine@acceleratedtechnology.com.tw
[SUCCESS] service@glorytech.net
[SUCCESS] rose@ocarol.com.tw
[SUCCESS] sabrina@rsam.com.tw
[SUCCESS] daphne@worldtech.com.tw
[SUCCESS] connie@ocarol.com.tw
[SUCCESS] workmen_ch@workmen.com.tw
[SUCCESS] shipping@micro-view.com.tw
[SUCCESS] finance@micro-view.com.tw
[SUCCESS] sales@micro-view.com.tw
[SUCCESS] kevin@hellodisc.com.tw
[SUCCESS] vincent@worldtech.com.tw
[SUCCESS] grace@webwatch.com.tw
[SUCCESS] leolee@accesspro.com.tw
[SUCCESS] ad123a@cherting.com.tw
[SUCCESS] whitehorse@whitehorse.com.tw
[SUCCESS] purchase@whitehorse.com.tw
[SUCCESS] finance@whitehorse.com.tw
[SUCCESS] hr@whitehorse.com.tw
[SUCCESS] gm@whitehorse.com.tw
[SUCCESS] secretary@whitehorse.com.tw
[SUCCESS] mis@whitehorse.com.tw
[SUCCESS] jenny@hilltop.com.tw
[SUCCESS] karen@webwatch.com.tw
[SUCCESS] yvonne@worldtech.com.tw
[SUCCESS] jessica@worldtech.com.tw
[SUCCESS] jackeytang@ferrite.com.tw
[SUCCESS] chousc@ite-corp.com
[SUCCESS] doris@heli-ocean.com.tw
[SUCCESS] xiao@well.com.tw
[SUCCESS] bess@heli-ocean.com.tw
[SUCCESS] vincent_yen@northtech.com.tw
[SUCCESS] connie@george-tech.com.tw
[SUCCESS] a2013@neostones.com.tw
[SUCCESS] deeu@deeu.com.tw
[SUCCESS] joanne@hilltop.com.tw
[SUCCESS] vicky@hilltop.com.tw
[SUCCESS] patience@hilltop.com.tw
[SUCCESS] nico@hilltop.com.tw
[SUCCESS] yukai@acgf.org.tw
[SUCCESS] james@hilltop.com.tw
[SUCCESS] love@hilltop.com.tw
[SUCCESS] lmh@hilltop.com.tw
[SUCCESS] antony@seyen.com.tw
[SUCCESS] belinda@hilltop.com.tw
[SUCCESS] lct@hilltop.com.tw
[SUCCESS] service@hilltop.com.tw
[SUCCESS] tiffeny@hilltop.com.tw
[SUCCESS] hsiang@hilltop.com.tw
[SUCCESS] amy@hilltop.com.tw
[SUCCESS] service@fsk2002.com.tw
[SUCCESS] fchu2@era-tw.com
[SUCCESS] augustlin@ape.net.tw
[SUCCESS] nicole@hellodisc.com.tw
[SUCCESS] crystalwu@hsinyu.com.tw
[SUCCESS] sys@hellodisc.com.tw
[SUCCESS] jany@ctcba.org.tw
[SUCCESS] chunlin@heliopolis.com.tw
[SUCCESS] michelleliu@iptec.com.tw
[SUCCESS] chiang@justherb.com.tw
[SUCCESS] service@ichu.com.tw
[SUCCESS] rita@sevenstar.com.tw
[SUCCESS] christine_lee@edg.com.tw
[SUCCESS] kong@acgf.org.tw
[SUCCESS] may_hsueh@fabiatech.com
[SUCCESS] hsnu749@ctcba.org.tw
[SUCCESS] editor@ctcba.org.tw
[SUCCESS] chk@ctcba.org.tw
[SUCCESS] angel1106@ferrite.com.tw
[SUCCESS] morgan_lai@fabiatech.com
[SUCCESS] mavis@rcsacorp.com.tw
[SUCCESS] mark@burkle.com.tw
[SUCCESS] qa@solidlite.com
[SUCCESS] zoy@solidlite.com
[SUCCESS] wufrank@maistek.com.tw
[SUCCESS] konch@sevenstar.com.tw
[SUCCESS] jeffery@vaxcel.com.tw
[SUCCESS] tllee@acgf.org.tw
[SUCCESS] carrie@taiwan-leader.com
[SUCCESS] jason@workmen.com.tw
[SUCCESS] jeanpaul@wensong.com.tw
[SUCCESS] jimmychang@heliopolis.com.tw
[SUCCESS] fiona@sevenstar.com.tw
[SUCCESS] emily@sevenstar.com.tw
[SUCCESS] sales@tld.com.tw
[SUCCESS] wchern@omniservice.com.tw
[SUCCESS] bill@sableinc.com.tw
[SUCCESS] service@mail.joupo.com
[SUCCESS] 813@hs-tech.com.tw
[SUCCESS] catherine@mail.joupo.com
[SUCCESS] elisa@mail.joupo.com
[SUCCESS] service@lavita.com.tw
[SUCCESS] fang@mail.joupo.com
[SUCCESS] abi_tsou@fabiatech.com
[SUCCESS] fl@mail.joupo.com
[SUCCESS] ikumi@mail.joupo.com
[SUCCESS] laura@mail.joupo.com
[SUCCESS] andy@bridgeone.net
[SUCCESS] sophia@mail.joupo.com
[SUCCESS] sophy@mail.joupo.com
[SUCCESS] jerry@worldtech.com.tw
[SUCCESS] shimo@mail.joupo.com
[SUCCESS] wanling@mail.joupo.com
[SUCCESS] wenfei@mail.joupo.com
[SUCCESS] t3366@ferrite.com.tw
[SUCCESS] grace@justherb.com.tw
[SUCCESS] bunny_chen@lobos.com.tw
[SUCCESS] beta@vaxcel.com.tw
[SUCCESS] levi@anco.com.tw
[SUCCESS] teresa@penku.com.tw
[SUCCESS] jan@penku.com.tw
[SUCCESS] sandy@penku.com.tw
[SUCCESS] paul@shine-tech.com.tw
[SUCCESS] rogerkang@iptec.com.tw
[SUCCESS] tenlin@penku.com.tw
[SUCCESS] jacktau@iptec.com.tw
[SUCCESS] jewel@penku.com.tw
[SUCCESS] williamchen@iptec.com.tw
[SUCCESS] richardyang@iptec.com.tw
[SUCCESS] sandy@ctcba.org.tw
[SUCCESS] a3045@neostones.com.tw
[SUCCESS] teresayang@iptec.com.tw
[SUCCESS] plan@acgf.org.tw
[SUCCESS] contact@fda2003.com
[SUCCESS] peng@fortex.com.tw
[SUCCESS] aa8703@ferrite.com.tw
[SUCCESS] may399@workmen.com.tw
[SUCCESS] service@iptec.com.tw
[SUCCESS] psu@cmax.com.tw
[SUCCESS] doralee@iptec.com.tw
[SUCCESS] ericchuang@iptec.com.tw
[SUCCESS] jack@acceleratedtechnology.com.tw
[SUCCESS] bang@anco.com.tw
[SUCCESS] a2052@neostones.com.tw
[SUCCESS] sales@anco.com.tw
[SUCCESS] jean@sentravel.com.tw
[SUCCESS] jessica@focuslight.com
[SUCCESS] slash.tseng@lhccpa.com.tw
[SUCCESS] cindy@vantectw.com
[SUCCESS] sally@vantectw.com
[SUCCESS] amy@vantectw.com
[SUCCESS] bobby@vantectw.com
[SUCCESS] steven@vantectw.com
[SUCCESS] sam@top-player.com.tw
[SUCCESS] info@powerfarm.com.tw
[SUCCESS] arvin@enrichmusic.com.tw
[SUCCESS] fancy@eastek.com.tw
[SUCCESS] ted@silversilk.com.tw
[SUCCESS] gracelee@hsinyu.com.tw
[SUCCESS] mark@ri-pro.com
[SUCCESS] lumirack@vaxcel.com.tw
[SUCCESS] glp@vietnamairlines.com.tw
[SUCCESS] sharon@goodlcd.com.tw
[SUCCESS] annie@goodlcd.com.tw
[SUCCESS] goodlcd@goodlcd.com.tw
[SUCCESS] ifl@vos.org.tw
[SUCCESS] sandra@easternfashions.com.tw
[SUCCESS] prog@vos.org.tw
[SUCCESS] owen@unicomes.com.tw
[SUCCESS] budox@wcorp.net
[SUCCESS] kender@steptek.com.tw
[SUCCESS] ava@schmid-taiwan.com
[SUCCESS] teresa@mtrend.com.tw
[SUCCESS] wtcheng@ite-corp.com
[SUCCESS] yeh@ite-corp.com
[SUCCESS] mcliu@ite-corp.com
[SUCCESS] eason@ite-corp.com
[SUCCESS] yuming@tronlink.com.tw
[SUCCESS] dennis@ite-corp.com
[SUCCESS] h_s_chen28@ite-corp.com
[SUCCESS] johnny@ite-corp.com
[SUCCESS] wyd@ite-corp.com
[SUCCESS] ivy@konlin.com.tw
[SUCCESS] kevin@well.com.tw
[SUCCESS] joan@hontek-tw.com.tw
[SUCCESS] office@de-consult.com.tw
[SUCCESS] andy@xiertek.com.tw
[SUCCESS] david@vantectw.com
[SUCCESS] mitchell@kdi.com.tw
[SUCCESS] eddie@worldtech.com.tw
[SUCCESS] stanley@envinex.com.tw
[SUCCESS] thomas@envinex.com.tw
[SUCCESS] sarah@envinex.com.tw
[SUCCESS] daweuy2@gppc.com.tw
[SUCCESS] vicky@777.com.tw
[SUCCESS] emma@jiuhshin.com
[SUCCESS] vivian@schmid-taiwan.com
[SUCCESS] sitc@teppro.com.tw
[SUCCESS] lance@cmax.com.tw
[SUCCESS] jtsao@cmax.com.tw
[SUCCESS] nteng@cmax.com.tw
[SUCCESS] vhuang@cmax.com.tw
[SUCCESS] yao@acgf.org.tw
[SUCCESS] ykchen@kdi.com.tw
[SUCCESS] a3065@neostones.com.tw
[SUCCESS] jason@ztek.com.tw
[SUCCESS] markchiu@ztek.com.tw
[SUCCESS] jill@heliopolis.com.tw
[SUCCESS] alec.yuan@bridging.com.tw
[SUCCESS] pe@solidlite.com
[SUCCESS] pd@solidlite.com
[SUCCESS] carey@winstron.com
[SUCCESS] a3064@neostones.com.tw
[SUCCESS] nba@ocarol.com.tw
[SUCCESS] kho@ptahdesign.com.tw
[SUCCESS] mia@ptahdesign.com.tw
[SUCCESS] marklin@gppc.com.tw
[SUCCESS] standly@hpctaiwan.com
[SUCCESS] tony@starview.com.tw
[SUCCESS] sales@starview.com.tw
[SUCCESS] buyer@starview.com.tw
[SUCCESS] hou@accesspro.com.tw
[SUCCESS] tarker@magnet.com.tw
[SUCCESS] james@george-tech.com.tw
[SUCCESS] info@diecasting.com.tw
[SUCCESS] miko@sowan.com.tw
[SUCCESS] rose@ri-pro.com
[SUCCESS] cathy_lu@borica.com.tw
[SUCCESS] daveliao@jtonsys.com
[SUCCESS] kensu@hsinyu.com.tw
[SUCCESS] evelyn@tronstar.com.tw
[SUCCESS] sandy@sevenstar.com.tw
[SUCCESS] teddy@sevenstar.com.tw
[SUCCESS] user5@elemtek.com.tw
[SUCCESS] isao.itoda@sembatw.com.tw
[SUCCESS] kelly@worldtech.com.tw
[SUCCESS] jason@kdi.com.tw
[SUCCESS] paolo@solidlite.com
[SUCCESS] richard@kdi.com.tw
[SUCCESS] kevin@fabiatech.com
[SUCCESS] product@kdi.com.tw
[SUCCESS] training@kdi.com.tw
[SUCCESS] cservice@kdi.com.tw
[SUCCESS] lei@fortex.com.tw
[SUCCESS] jarod@vantectw.com
[SUCCESS] jerry@vantectw.com
[SUCCESS] chiah@gppc.com.tw
[SUCCESS] sam-yeh@focuslight.com
[SUCCESS] andre@fortex.com.tw
[SUCCESS] angel@neomed.com.tw
[SUCCESS] a4001@neostones.com.tw
[SUCCESS] jeff@777.com.tw
[SUCCESS] fang_yeh@hpctaiwan.com
[SUCCESS] minno@lianyivi.com.tw
[SUCCESS] franklee@tronlink.com.tw
[SUCCESS] jeffery@top-player.com.tw
[SUCCESS] leon@tronlink.com.tw
[SUCCESS] wang@vos.org.tw
[SUCCESS] im77@ite-corp.com
[SUCCESS] s39105008@asiagen.com.tw
[SUCCESS] lihger@tronlink.com.tw
[SUCCESS] zack@tronlink.com.tw
[SUCCESS] charles_lu@tronlink.com.tw
[SUCCESS] amy@tronlink.com.tw
[SUCCESS] annyta@tronlink.com.tw
[SUCCESS] isaac@tronlink.com.tw
[SUCCESS] a2049@neostones.com.tw
[SUCCESS] jr.lin@tronlink.com.tw
[SUCCESS] lai@tronlink.com.tw
[SUCCESS] jui@tronlink.com.tw
[SUCCESS] fun@tronlink.com.tw
[SUCCESS] mywang@gppc.com.tw
[SUCCESS] lins729@gppc.com.tw
[SUCCESS] samlu@rsam.com.tw
[SUCCESS] oywc@acgf.org.tw
[SUCCESS] hchen@era-tw.com
[SUCCESS] eva@taiwan-leader.com
[SUCCESS] lily@fortex.com.tw
[SUCCESS] wh01@sableinc.com.tw
[SUCCESS] beijing@anco.com.tw
[SUCCESS] cllin@gppc.com.tw
[SUCCESS] cmchou@gppc.com.tw
[SUCCESS] austini@gppc.com.tw
[SUCCESS] kuei_ying@gppc.com.tw
[SUCCESS] fuhuatsao@gppc.com.tw
[SUCCESS] jcliang@gppc.com.tw
[SUCCESS] tecwei@gppc.com.tw
[SUCCESS] lin123@gppc.com.tw
[SUCCESS] hsiu_ying@gppc.com.tw
[SUCCESS] rtyang@gppc.com.tw
[SUCCESS] wangchenghua@gppc.com.tw
[SUCCESS] k069@gppc.com.tw
[SUCCESS] hcwu@gppc.com.tw
[SUCCESS] chaotsungpin@gppc.com.tw
[SUCCESS] a801158@gppc.com.tw
[SUCCESS] anteng@gppc.com.tw
[SUCCESS] christine@gppc.com.tw
[SUCCESS] ching@gppc.com.tw
[SUCCESS] ccy@gppc.com.tw
[SUCCESS] hsieh@gppc.com.tw
[SUCCESS] hfchiang@gppc.com.tw
[SUCCESS] jennifer@gppc.com.tw
[SUCCESS] kuo@gppc.com.tw
[SUCCESS] lu@gppc.com.tw
[SUCCESS] clwu@gppc.com.tw
[SUCCESS] pauline@gppc.com.tw
[SUCCESS] jslan@gppc.com.tw
[SUCCESS] cbhu@gppc.com.tw
[SUCCESS] chiangst@gppc.com.tw
[SUCCESS] sfchou@gppc.com.tw
[SUCCESS] tmchang@gppc.com.tw
[SUCCESS] ruby@gppc.com.tw
[SUCCESS] fanny@gppc.com.tw
[SUCCESS] yau@gppc.com.tw
[SUCCESS] mcl@gppc.com.tw
[SUCCESS] hsueh@gppc.com.tw
[SUCCESS] tsmao@gppc.com.tw
[SUCCESS] tecshf@gppc.com.tw
[SUCCESS] thur@gppc.com.tw
[SUCCESS] phwang@gppc.com.tw
[SUCCESS] hstuan@gppc.com.tw
[SUCCESS] solomon_lou@gppc.com.tw
[SUCCESS] kuni_chang@gppc.com.tw
[SUCCESS] cmfang@gppc.com.tw
[SUCCESS] felix_huang@gppc.com.tw
[SUCCESS] wejn@gppc.com.tw
[SUCCESS] sylvia@gppc.com.tw
[SUCCESS] her@gppc.com.tw
[SUCCESS] k079@gppc.com.tw
[SUCCESS] chuanlu@gppc.com.tw
[SUCCESS] chinle@gppc.com.tw
[SUCCESS] a801092@gppc.com.tw
[SUCCESS] k071@gppc.com.tw
[SUCCESS] yangshiowmei@gppc.com.tw
[SUCCESS] chenshinan@gppc.com.tw
[SUCCESS] chengjlake@gppc.com.tw
[SUCCESS] ycm@gppc.com.tw
[SUCCESS] liusc@gppc.com.tw
[SUCCESS] wslin@gppc.com.tw
[SUCCESS] cilin@gppc.com.tw
[SUCCESS] john@gppc.com.tw
[SUCCESS] joletta@gppc.com.tw
[SUCCESS] laura@gppc.com.tw
[SUCCESS] sfliu@gppc.com.tw
[SUCCESS] lien@gppc.com.tw
[SUCCESS] ccwu@gppc.com.tw
[SUCCESS] myshen@gppc.com.tw
[SUCCESS] cc@gppc.com.tw
[SUCCESS] k086@gppc.com.tw
[SUCCESS] meiling@gppc.com.tw
[SUCCESS] yao.may@gppc.com.tw
[SUCCESS] a801097@gppc.com.tw
[SUCCESS] chungwc@gppc.com.tw
[SUCCESS] sentra@gppc.com.tw
[SUCCESS] barly@gppc.com.tw
[SUCCESS] wctsai@gppc.com.tw
[SUCCESS] k425@gppc.com.tw
[SUCCESS] fang@gppc.com.tw
[SUCCESS] a801407@gppc.com.tw
[SUCCESS] tecta@gppc.com.tw
[SUCCESS] lan290@gppc.com.tw
[SUCCESS] pong@gppc.com.tw
[SUCCESS] carol@gppc.com.tw
[SUCCESS] stc@gppc.com.tw
[SUCCESS] chiangmw@gppc.com.tw
[SUCCESS] fion_hou@gppc.com.tw
[SUCCESS] gary@gppc.com.tw
[SUCCESS] patty@gppc.com.tw
[SUCCESS] cws@gppc.com.tw
[SUCCESS] ara1234@gppc.com.tw
[SUCCESS] edger@gppc.com.tw
[SUCCESS] liping@gppc.com.tw
[SUCCESS] ho@gppc.com.tw
[SUCCESS] hsumingchao@gppc.com.tw
[SUCCESS] lillian@solidlite.com
[SUCCESS] elvis@gppc.com.tw
[SUCCESS] changtp@gppc.com.tw
[SUCCESS] linjuyi@gppc.com.tw
[SUCCESS] sjy@gppc.com.tw
[SUCCESS] dannylin@orzmail.idv.tw
[SUCCESS] chin@law100.com.tw
[SUCCESS] ken@lma.com.tw
[SUCCESS] patrick@lma.com.tw
[SUCCESS] rita@lma.com.tw
[SUCCESS] ann@lma.com.tw
[SUCCESS] redyyen@winaccord.com.tw
[SUCCESS] sales@shred-et.com
[SUCCESS] service@shred-et.com
[SUCCESS] personnel@shred-et.com
[SUCCESS] bosser@bossernet.com
[SUCCESS] danny.hsiao@bridgeone.net
[SUCCESS] james@diecasting.com.tw
[SUCCESS] cheng-wei@ite-corp.com
[SUCCESS] ricky@vantectw.com
[SUCCESS] debbiechiu@bridging.com.tw
[SUCCESS] denkenho@sevenstar.com.tw
[SUCCESS] jean@flyking.com.tw
[SUCCESS] joss@focuslight.com
[SUCCESS] lawrencewang@ape.net.tw
[SUCCESS] doris@focuslight.com
[SUCCESS] amy@focuslight.com
[SUCCESS] hong@gppc.com.tw
[SUCCESS] acct@focuslight.com
[SUCCESS] rd@focuslight.com
[SUCCESS] uhp@focuslight.com
[SUCCESS] jerry_chen@hs-tech.com.tw
[SUCCESS] mingchu@ite-corp.com
[SUCCESS] connie@fortex.com.tw
[SUCCESS] wangyt@gppc.com.tw
[SUCCESS] jean@gppc.com.tw
[SUCCESS] cpchen@gppc.com.tw
[SUCCESS] meigen@gppc.com.tw
[SUCCESS] chihhou@gppc.com.tw
[SUCCESS] ckltina@gppc.com.tw
[SUCCESS] aslin@gppc.com.tw
[SUCCESS] yuan@gppc.com.tw
[SUCCESS] jsc@gppc.com.tw
[SUCCESS] wen4498@gppc.com.tw
[SUCCESS] jackyeh@auslinx.com.tw
[SUCCESS] lincj@gppc.com.tw
[SUCCESS] gppc@gppc.com.tw
[SUCCESS] doris@rcsacorp.com.tw
[SUCCESS] justin@sableinc.com.tw
[SUCCESS] akiyo@taiwan-leader.com
[SUCCESS] service@cherting.com.tw
[SUCCESS] candy@webwatch.com.tw
[SUCCESS] mos@george-tech.com.tw
[SUCCESS] suching@ri-pro.com
[SUCCESS] karen@mail.howard.com.tw
[SUCCESS] stevenchang@worldtech.com.tw
[SUCCESS] fion@easternfashions.com.tw
[SUCCESS] meya@sevenstar.com.tw
[SUCCESS] daniel@relaxt.com.tw
[SUCCESS] sonia@relaxt.com.tw
[SUCCESS] dchen@era-tw.com
[SUCCESS] qa@focuslight.com
[SUCCESS] alex@fortex.com.tw
[SUCCESS] csw@fortex.com.tw
[SUCCESS] lan@fortex.com.tw
[SUCCESS] daniel@vaxcel.com.tw
[SUCCESS] mike@fortex.com.tw
[SUCCESS] pearl@fortex.com.tw
[SUCCESS] anchu@fortex.com.tw
[SUCCESS] sandy@fortex.com.tw
[SUCCESS] marvin@jtonsys.com
[SUCCESS] shirley@fortex.com.tw
[SUCCESS] young@fortex.com.tw
[SUCCESS] anchi@sableinc.com.tw
[SUCCESS] jay@vantectw.com
[SUCCESS] david@sevenstar.com.tw
[SUCCESS] clare@glorytech.net
[SUCCESS] service@samson-metal.com.tw
[SUCCESS] marketing@iptec.com.tw
[SUCCESS] service@breita.com.tw
[SUCCESS] anchia@s-channel.com.tw
[SUCCESS] hsungchi@asiagen.com.tw
[SUCCESS] jensen@heli-ocean.com.tw
[SUCCESS] dking@digi-king.com.tw
[SUCCESS] monica@solidlite.com
[SUCCESS] jungle@avacavac.com.tw
[SUCCESS] louis@sableinc.com.tw
[SUCCESS] et.chou@solacorp.com
[SUCCESS] hsuchun.liu@genechannel.com
[SUCCESS] jolynn@hontek-tw.com.tw
[SUCCESS] lin@taiwan-leader.com
[SUCCESS] magda@fortex.com.tw
[SUCCESS] erin@schmid-taiwan.com
[SUCCESS] wenggy@law100.com.tw
[SUCCESS] ryanchen@iptec.com.tw
[SUCCESS] info@behonest.com.tw
[SUCCESS] hlh@ctcba.org.tw
[SUCCESS] vivi@comweal.com.tw
[SUCCESS] din@well.com.tw
[SUCCESS] design@eastern-unicorn.com
[SUCCESS] carrie@comweal.com.tw
[SUCCESS] frank@comweal.com.tw
[SUCCESS] jean@comweal.com.tw
[SUCCESS] tsao@worldtech.com.tw
[SUCCESS] jessica@pact.com.tw
[SUCCESS] barrywu@bridging.com.tw
[SUCCESS] ab88@airblue.com.tw
[SUCCESS] artwu@auslinx.com.tw
[SUCCESS] susan@newcd.com.tw
[SUCCESS] ice-white@acgf.org.tw
[SUCCESS] wen@solidlite.com
[SUCCESS] ab90@airblue.com.tw
[SUCCESS] syl@keewah.com.tw
[SUCCESS] emily@etake.com.tw
[SUCCESS] jonathon_chen@sonostar.com
[SUCCESS] nancy@digihomewin.com.tw
[SUCCESS] candy@ferrite.com.tw
[SUCCESS] sammy@solidlite.com
[SUCCESS] ann@easternfashions.com.tw
[SUCCESS] avery@heli-ocean.com.tw
[SUCCESS] tim@burkle.com.tw
[SUCCESS] joyceh@heli-ocean.com.tw
[SUCCESS] sales@lianyivi.com.tw
[SUCCESS] service@elemtek.com.tw
[SUCCESS] tami@worldwise.com.tw
[SUCCESS] monica@taiwan-leader.com
[SUCCESS] amy@webwatch.com.tw
[SUCCESS] steven@mail.joupo.com
[SUCCESS] cloudia@goodlcd.com.tw
[SUCCESS] rebar@crowneplaza-taipei.com
[SUCCESS] salesovs@crowneplaza-taipei.com
[SUCCESS] marcom@crowneplaza-taipei.com
[SUCCESS] sales@crowneplaza-taipei.com
[SUCCESS] hr@crowneplaza-taipei.com
[SUCCESS] room-rsvn@crowneplaza-taipei.com
[SUCCESS] food-rsvn@crowneplaza-taipei.com
[SUCCESS] kevin@magtekcontrol.com.tw
[SUCCESS] gm@crowneplaza-taipei.com
[SUCCESS] yenling@asiagen.com.tw
[SUCCESS] leopard_yang@angleton.com.tw
[SUCCESS] vivian@easternfashions.com.tw
[SUCCESS] wenhung_chen@angleton.com.tw
[SUCCESS] sarah@easternfashions.com.tw
[SUCCESS] mandylin@iptec.com.tw
[SUCCESS] ray@etake.com.tw
[SUCCESS] sunny@taiwan-leader.com
[SUCCESS] peter@mtrend.com.tw
[SUCCESS] susan.wang@foodnews.com.tw
[SUCCESS] eddics@eupl.com.tw
[SUCCESS] teresawen@catc.com.tw
[SUCCESS] jacklai@catc.com.tw
[SUCCESS] project@catc.com.tw
[SUCCESS] report@catc.com.tw
[SUCCESS] thomas@enrichmusic.com.tw
[SUCCESS] monica_chen@angleton.com.tw
[SUCCESS] peter@silversilk.com.tw
[SUCCESS] juliana@goldenco.com.tw
[SUCCESS] liu@emman.com.tw
[SUCCESS] a4004@neostones.com.tw
[SUCCESS] betty@workmen.com.tw
[SUCCESS] chris@worldwise.com.tw
[SUCCESS] caommnn@anco.com.tw
[SUCCESS] guenter@schmid-taiwan.com
[SUCCESS] alex@avacavac.com.tw
[SUCCESS] ivy@avacavac.com.tw
[SUCCESS] fei@heli-ocean.com.tw
[SUCCESS] jean@avacavac.com.tw
[SUCCESS] jane@maistek.com.tw
[SUCCESS] vivihsu@accesspro.com.tw
[SUCCESS] lchen@focuslight.com
[SUCCESS] bill_wang@gppc.com.tw
[SUCCESS] eugene@collinselco.com
[SUCCESS] pact@pact.com.tw
[SUCCESS] alb@lavita.com.tw
[SUCCESS] eric@lavita.com.tw
[SUCCESS] krissy@lavita.com.tw
[SUCCESS] fian@lavita.com.tw
[SUCCESS] tiya@lavita.com.tw
[SUCCESS] gchen@omniservice.com.tw
[SUCCESS] tjwang@gppc.com.tw
[SUCCESS] lavita@lavita.com.tw
[SUCCESS] clare@heliopolis.com.tw
[SUCCESS] jameschen@acceleratedtechnology.com.tw
[SUCCESS] service@heliopolis.com.tw
[SUCCESS] rita@heliopolis.com.tw
[SUCCESS] trudy@heliopolis.com.tw
[SUCCESS] service@lumbini.com.tw
[SUCCESS] ab85@airblue.com.tw
[SUCCESS] jessica@goldenco.com.tw
[SUCCESS] pam@steptek.com.tw
[SUCCESS] chuang@eid.com.tw
[SUCCESS] alien@seyen.com.tw
[SUCCESS] sammi@sentravel.com.tw
[SUCCESS] janicechen@worldtech.com.tw
[SUCCESS] china@lavita.com.tw
[SUCCESS] taiwan@lavita.com.tw
[SUCCESS] epaper@apbw.com
[SUCCESS] janny@sableinc.com.tw
[SUCCESS] maxlee@pencoal.com.tw
[SUCCESS] judychen@pencoal.com.tw
[SUCCESS] janne@pencoal.com.tw
[SUCCESS] coal@pencoal.com.tw
[SUCCESS] postmaster@borica.com.tw
[SUCCESS] mandy@ri-pro.com
[SUCCESS] a2004@neostones.com.tw
[SUCCESS] cylin@eid.com.tw
[SUCCESS] airport_tpe@vietnamairlines.com.tw
[SUCCESS] pin@ferrite.com.tw
[SUCCESS] sony@solidlite.com
[SUCCESS] greg@astrodyne.com.tw
[SUCCESS] fan@law100.com.tw
[SUCCESS] wilson@vaxcel.com.tw
[SUCCESS] service@x-fragrance.com.tw
[SUCCESS] jenny@enrichmusic.com.tw
[SUCCESS] mchien@era-tw.com
[SUCCESS] marketing@ri-pro.com
[SUCCESS] cchen@expense-reduction.com.tw
[SUCCESS] amanda@heli-ocean.com.tw
[SUCCESS] max.chang@lhccpa.com.tw
[SUCCESS] david@mtrend.com.tw
[SUCCESS] stephen@sevenstar.com.tw
[SUCCESS] jerry@sevenstar.com.tw
[SUCCESS] magnet@ferrite.com.tw
[SUCCESS] weeklyreport@gppc.com.tw
[SUCCESS] sales@tronstar.com.tw
[SUCCESS] gary@fortex.com.tw
[SUCCESS] sales@counterpoint.com.tw
[SUCCESS] judy@teppro.com.tw
[SUCCESS] a1002@neostones.com.tw
[SUCCESS] a1003@neostones.com.tw
[SUCCESS] a1004@neostones.com.tw
[SUCCESS] a1005@neostones.com.tw
[SUCCESS] a1006@neostones.com.tw
[SUCCESS] a1007@neostones.com.tw
[SUCCESS] a1008@neostones.com.tw
[SUCCESS] a1009@neostones.com.tw
[SUCCESS] a1011@neostones.com.tw
[SUCCESS] a1012@neostones.com.tw
[SUCCESS] a1013@neostones.com.tw
[SUCCESS] hpc@hpctaiwan.com
[SUCCESS] monnicamon@ztek.com.tw
[SUCCESS] a1016@neostones.com.tw
[SUCCESS] a1017@neostones.com.tw
[SUCCESS] a1018@neostones.com.tw
[SUCCESS] a1019@neostones.com.tw
[SUCCESS] a1020@neostones.com.tw
[SUCCESS] chao@rsam.com.tw
[SUCCESS] a1026@neostones.com.tw
[SUCCESS] a1027@neostones.com.tw
[SUCCESS] a1028@neostones.com.tw
[SUCCESS] a1030@neostones.com.tw
[SUCCESS] a1031@neostones.com.tw
[SUCCESS] a1033@neostones.com.tw
[SUCCESS] a1034@neostones.com.tw
[SUCCESS] tina@neomed.com.tw
[SUCCESS] paul@heli-ocean.com.tw
[SUCCESS] a1038@neostones.com.tw
[SUCCESS] a1039@neostones.com.tw
[SUCCESS] a1040@neostones.com.tw
[SUCCESS] a1043@neostones.com.tw
[SUCCESS] a1044@neostones.com.tw
[SUCCESS] a1045@neostones.com.tw
[SUCCESS] ellen@ape.net.tw
[SUCCESS] a1047@neostones.com.tw
[SUCCESS] a1048@neostones.com.tw
[SUCCESS] a1049@neostones.com.tw
[SUCCESS] tipo_iptec@iptec.com.tw
[SUCCESS] a1052@neostones.com.tw
[SUCCESS] a1051@neostones.com.tw
[SUCCESS] a1053@neostones.com.tw
[SUCCESS] a1054@neostones.com.tw
[SUCCESS] lisa@sableinc.com.tw
[SUCCESS] quotes@astrodyne.com.tw
[SUCCESS] a2001@neostones.com.tw
[SUCCESS] jier@samson-metal.com.tw
[SUCCESS] cliu@burnstewart.com.tw
[SUCCESS] sonja@winstream.com.tw
[SUCCESS] a2002@neostones.com.tw
[SUCCESS] abby_ding@borica.com.tw
[SUCCESS] wps@penku.com.tw
[SUCCESS] kbh@gppc.com.tw
[SUCCESS] kevinchang@fabiatech.com
[SUCCESS] gary_chen@fabiatech.com
[SUCCESS] simon@samson-metal.com.tw
[SUCCESS] ahsueh@omniservice.com.tw
[SUCCESS] a3070@neostones.com.tw
[SUCCESS] miko5@sowan.com.tw
[SUCCESS] julie@fijittro.org.tw
[SUCCESS] sandra@heliopolis.com.tw
[SUCCESS] ming@bontech.com.tw
[SUCCESS] aaron@fijittro.org.tw
[SUCCESS] tseng@citycase.com.tw
[SUCCESS] ken@exartech.com.tw
[SUCCESS] peter@hilltop.com.tw
[SUCCESS] catalog@astrodyne.com.tw
[SUCCESS] emily_wang@edg.com.tw
[SUCCESS] emily@hilltop.com.tw
[SUCCESS] terry@hilltop.com.tw
[SUCCESS] james.jeng@ape.net.tw
[SUCCESS] lsm@xiertek.com.tw
[SUCCESS] jessica_chiang@fabiatech.com
[SUCCESS] bbqtp@bbqtp.com.tw
[SUCCESS] sales2005@fabiatech.com
[SUCCESS] lin@wensong.com.tw
[SUCCESS] sales@wensong.com.tw
[SUCCESS] king@citycase.com.tw
[SUCCESS] kent@citycase.com.tw
[SUCCESS] terry@vaxcel.com.tw
[SUCCESS] sarah@stanley-tpe.com.tw
[SUCCESS] rita@fortex.com.tw
[SUCCESS] support@mail.anco.com.tw
[SUCCESS] jessica@neomed.com.tw
[SUCCESS] nina@sevenstar.com.tw
[SUCCESS] dora@ri-pro.com
[SUCCESS] ec_service@apbw.com
[SUCCESS] chia-teh@vaxcel.com.tw
[SUCCESS] service@bridging.com.tw
[SUCCESS] angel@tronlink.com.tw
[SUCCESS] emma@acgf.org.tw
[SUCCESS] vivian@777.com.tw
[SUCCESS] avis@jiuhshin.com
[SUCCESS] sam0903@acgf.org.tw
[SUCCESS] eva@acgf.org.tw
[SUCCESS] kinggi@cenracing.com.tw
[SUCCESS] neostones@neostones.com.tw
[SUCCESS] star@astrodyne.com.tw
[SUCCESS] ccm@diecasting.com.tw
[SUCCESS] constance@acgf.org.tw
[SUCCESS] daphne@acgf.org.tw
[SUCCESS] s340710@acgf.org.tw
[SUCCESS] jpenguinz@acgf.org.tw
[SUCCESS] yaona@exartech.com.tw
[SUCCESS] a3041@neostones.com.tw
[SUCCESS] tippi@continental-link.com.tw
[SUCCESS] frank@mail.joupo.com
[SUCCESS] king@777.com.tw
[SUCCESS] ivan.chen@jsicom.com.tw
[SUCCESS] hui@jsicom.com.tw
[SUCCESS] eddy.chen@jsicom.com.tw
[SUCCESS] vanessa@jsicom.com.tw
[SUCCESS] reaky@jsicom.com.tw
[SUCCESS] meg@counterpoint.com.tw
[SUCCESS] peggy@counterpoint.com.tw
[SUCCESS] services@counterpoint.com.tw
[SUCCESS] chin@iavx.com.tw
[SUCCESS] jerry@jsicom.com.tw
[SUCCESS] info@rcsacorp.com.tw
[SUCCESS] conrad@fortex.com.tw
[SUCCESS] drq_chiou@sonostar.com
[SUCCESS] kimi@hellodisc.com.tw
[SUCCESS] francis@winstream.com.tw
[SUCCESS] kay@winstream.com.tw
[SUCCESS] yingche@winstream.com.tw
[SUCCESS] k501@gppc.com.tw
[SUCCESS] anie@law100.com.tw
[SUCCESS] lily@bossernet.com
[SUCCESS] emily@gianteec.com.tw
[SUCCESS] reg@ape.net.tw
[SUCCESS] morning.tsai@imtec.com.tw
[SUCCESS] lys@acgf.org.tw
[SUCCESS] yufon@asiagen.com.tw
[SUCCESS] order@greenmagic.com.tw
[SUCCESS] service@greenmagic.com.tw
[SUCCESS] ney@greenmagic.com.tw
[SUCCESS] simon@greenmagic.com.tw
[SUCCESS] sales@jiuhshin.com
[SUCCESS] linda@ite-corp.com
[SUCCESS] olivekuo@carmen.com.tw
[SUCCESS] steve@carmen.com.tw
[SUCCESS] jean@penmotors.com.tw
[SUCCESS] susan@ichu.com.tw
[SUCCESS] lank@tronlink.com.tw
[SUCCESS] eagle@tronlink.com.tw
[SUCCESS] tess@solidlite.com
[SUCCESS] iris@fortex.com.tw
[SUCCESS] cecilia@acgf.org.tw
[SUCCESS] admi-1@sableinc.com.tw
[SUCCESS] kathy_yu@northtech.com.tw
[SUCCESS] amy_chen@northtech.com.tw
[SUCCESS] toni@astrodyne.com.tw
[SUCCESS] gppcsales@gppc.com.tw
[SUCCESS] monica@citycase.com.tw
[SUCCESS] jacky@citycase.com.tw
[SUCCESS] amitec@goodlcd.com.tw
[SUCCESS] tsenkuei@ite-corp.com
[SUCCESS] thomas@schmid-taiwan.com
[SUCCESS] peter@alphamoon.com.tw
[SUCCESS] maggie@hotpops.com.tw
[SUCCESS] info@emman.com.tw
[SUCCESS] propagation@alphamoon.com.tw
[SUCCESS] marco@exartech.com.tw
[SUCCESS] jane@fortex.com.tw
[SUCCESS] jackie@alphamoon.com.tw
[SUCCESS] kelly@taiwan-leader.com
[SUCCESS] yaoyao@eupl.com.tw
[SUCCESS] lillian_wang@taipeicapital.com.tw
[SUCCESS] vitachen@auslinx.com.tw
[SUCCESS] lillian_wang@sonostar.com
[SUCCESS] mikechao@eastek.com.tw
[SUCCESS] kelly@starview.com.tw
[SUCCESS] yoyo@neostones.com.tw
[SUCCESS] edison@acgf.org.tw
[SUCCESS] lisa@well.com.tw
[SUCCESS] vivian@enrichmusic.com.tw
[SUCCESS] paul@burkle.com.tw
[SUCCESS] nicole@tronlink.com.tw
[SUCCESS] daniel@5a.com.tw
[SUCCESS] annyta@shine-tech.com.tw
[SUCCESS] chiang@taiwan-leader.com
[SUCCESS] grace@taiwan-leader.com
[SUCCESS] betty@taiwan-leader.com
[SUCCESS] nico@cherting.com.tw
[SUCCESS] yukichin@neomed.com.tw
[SUCCESS] hptu@maistek.com.tw
[SUCCESS] lindon@maistek.com.tw
[SUCCESS] ben@hpctaiwan.com
[SUCCESS] horlic@majestic-pets.com
[SUCCESS] hachi@majestic-pets.com
[SUCCESS] tedl@majestic-pets.com
[SUCCESS] brian.huang@yuisheng.com.tw
[SUCCESS] sales@vantectw.com
[SUCCESS] tiger@toplulu.net
[SUCCESS] job@taiwaninfo.com.tw
[SUCCESS] a490903@ferrite.com.tw
[SUCCESS] a530122@ferrite.com.tw
[SUCCESS] amo@ferrite.com.tw
[SUCCESS] vivi@ferrite.com.tw
[SUCCESS] lydia@pact.com.tw
[SUCCESS] coco.chiu@cherting.com.tw
[SUCCESS] serdar@lumbini.com.tw
[SUCCESS] chihjang@ferrite.com.tw
[SUCCESS] apple@ferrite.com.tw
[SUCCESS] simon@ferrite.com.tw
[SUCCESS] jason@ferrite.com.tw
[SUCCESS] cynthia@ferrite.com.tw
[SUCCESS] racher@ferrite.com.tw
[SUCCESS] jacky@5a.com.tw
[SUCCESS] elyse@vaxcel.com.tw
[SUCCESS] pro@nytaps.com.tw
[SUCCESS] yang@ferrite.com.tw
[SUCCESS] fang@ferrite.com.tw
[SUCCESS] sun@ferrite.com.tw
[SUCCESS] lisa@ichu.com.tw
[SUCCESS] lin@yan-kuan.com.tw
[SUCCESS] donna@ichu.com.tw
[SUCCESS] peter@ichu.com.tw
[SUCCESS] dick_du@angleton.com.tw
[SUCCESS] 827@hs-tech.com.tw
[SUCCESS] queeny@citycase.com.tw
[SUCCESS] jeffrey@fabiatech.com
[SUCCESS] info2005@fabiatech.com
[SUCCESS] steve@lma.com.tw
[SUCCESS] ayang@cmax.com.tw
[SUCCESS] only@ferrite.com.tw
[SUCCESS] eric@stanley-tpe.com.tw
[SUCCESS] anita@hitechs.com.tw
[SUCCESS] betty@ichu.com.tw
[SUCCESS] hr@solidlite.com
[SUCCESS] huei@gppc.com.tw
[SUCCESS] ibc@ctcba.org.tw
[SUCCESS] joyce@fijittro.org.tw
[SUCCESS] ycchang@heliopolis.com.tw
[SUCCESS] eric@well.com.tw
[SUCCESS] a1042@neostones.com.tw
[SUCCESS] angel@astrodyne.com.tw
[SUCCESS] corinachen@soezco.com.tw
[SUCCESS] emmi@solidlite.com
[SUCCESS] todd@well.com.tw
[SUCCESS] angel@fortex.com.tw
[SUCCESS] emerly@rstech.com.tw
[SUCCESS] tom@acgf.org.tw
[SUCCESS] tonyhu@eupl.com.tw
[SUCCESS] sandy@gppc.com.tw
[SUCCESS] sclee@gppc.com.tw
[SUCCESS] isun@era-tw.com
[SUCCESS] hubert@penmotors.com.tw
[SUCCESS] bingo@zeninc.com.tw
[SUCCESS] ak@zeninc.com.tw
[SUCCESS] su@zeninc.com.tw
[SUCCESS] ac@zeninc.com.tw
[SUCCESS] kitty@er-opto.com
[SUCCESS] alex@fijittro.org.tw
[SUCCESS] levani@fijittro.org.tw
[SUCCESS] 888@toplulu.net
[SUCCESS] andy.weng@bridgeone.net
[SUCCESS] sue@schmid-taiwan.com
[SUCCESS] linda@easternfashions.com.tw
[SUCCESS] philip@yotek.com.tw
[SUCCESS] roger.ho@genechannel.com
[SUCCESS] robert@gppc.com.tw
[SUCCESS] terry@acceleratedtechnology.com.tw
[SUCCESS] angel@schmid-taiwan.com
[SUCCESS] peace@powerfarm.com.tw
[SUCCESS] vortex@top-player.com.tw
[SUCCESS] ada_tseng@wking.com.tw
[SUCCESS] a2021@neostones.com.tw
[SUCCESS] a2022@neostones.com.tw
[SUCCESS] service@winshen.com.tw
[SUCCESS] thales@dorm.com.tw
[SUCCESS] man@digihomewin.com.tw
[SUCCESS] jackywei@workmen.com.tw
[SUCCESS] dorm@dorm.com.tw
[SUCCESS] meg@winshen.com.tw
[SUCCESS] ivy@winshen.com.tw
[SUCCESS] angs@winshen.com.tw
[SUCCESS] samlu@dorm.com.tw
[SUCCESS] derek@dorm.com.tw
[SUCCESS] chao0412@gppc.com.tw
[SUCCESS] ariel@schmid-taiwan.com
[SUCCESS] carlson@schmid-taiwan.com
[SUCCESS] claudia@schmid-taiwan.com
[SUCCESS] summer@ite-corp.com
[SUCCESS] wells@schmid-taiwan.com
[SUCCESS] revita@schmid-taiwan.com
[SUCCESS] jerry.yang@livingpro.com.tw
[SUCCESS] lisa@xiertek.com.tw
[SUCCESS] vanessa@er-opto.com
[SUCCESS] matt@behonest.com.tw
[SUCCESS] f-b@crowneplaza-taipei.com
[SUCCESS] kevin@eastek.com.tw
[SUCCESS] shelly@goodlcd.com.tw
[SUCCESS] chen@rsam.com.tw
[SUCCESS] se.tech@eastek.com.tw
[SUCCESS] jason_yen@lobos.com.tw
[SUCCESS] service@galaxylighting.com.tw
[SUCCESS] annie@law100.com.tw
[SUCCESS] andrew@sunwayfood.com.tw
[SUCCESS] contact@northtech.com.tw
[SUCCESS] jc@ferrite.com.tw
[SUCCESS] lawyer007@lawtw.net
[SUCCESS] swh@ite-corp.com
[SUCCESS] fiona.lin@genechannel.com
[SUCCESS] jush@cleantec.com.tw
[SUCCESS] george@sableinc.com.tw
[SUCCESS] jeff@hs-tech.com.tw
[SUCCESS] jason@iavx.com.tw
[SUCCESS] ellen@nistem.com.tw
[SUCCESS] alumi127@ferrite.com.tw
[SUCCESS] kcl@winstream.com.tw
[SUCCESS] acc@tld.com.tw
[SUCCESS] assis@tld.com.tw
[SUCCESS] sales3@tld.com.tw
[SUCCESS] sales5@tld.com.tw
[SUCCESS] sales2@tld.com.tw
[SUCCESS] sales6@tld.com.tw
[SUCCESS] sales7@tld.com.tw
[SUCCESS] service@tld.com.tw
[SUCCESS] tina@exartech.com.tw
[SUCCESS] ernesthuang@lianyivi.com.tw
[SUCCESS] sam@jtonsys.com
[SUCCESS] fornix@mail.joupo.com
[SUCCESS] fangfang@heliopolis.com.tw
[SUCCESS] sf_chiang@bontech.com.tw
[SUCCESS] irene@bridgeone.net
[SUCCESS] nora@bella-hope.com.tw
[SUCCESS] adam_hsu@fabiatech.com
[SUCCESS] jack@glorytech.net
[SUCCESS] davies@glorytech.net
[SUCCESS] lina@glorytech.net
[SUCCESS] meihua@fortex.com.tw
[SUCCESS] monica@sableinc.com.tw
[SUCCESS] achang@rstech.com.tw
[SUCCESS] finna@fortex.com.tw
[SUCCESS] justine@neomed.com.tw
[SUCCESS] lisa@yan-kuan.com.tw
[SUCCESS] kodama@yan-kuan.com.tw
[SUCCESS] denise@schmid-taiwan.com
[SUCCESS] johnny@schmid-taiwan.com
[SUCCESS] rose@yan-kuan.com.tw
[SUCCESS] afa@yan-kuan.com.tw
[SUCCESS] support@ape.net.tw
[SUCCESS] webmaster@ape.net.tw
[SUCCESS] sales@ape.net.tw
[SUCCESS] fortex@fortex.com.tw
[SUCCESS] juei28@ite-corp.com
[SUCCESS] sy@ite-corp.com
[SUCCESS] mic@acgf.org.tw
[SUCCESS] biz@ape.net.tw
[SUCCESS] duck@ite-corp.com
[SUCCESS] ting@yan-kuan.com.tw
[SUCCESS] julia@hilltop.com.tw
[SUCCESS] jack@penmotors.com.tw
[SUCCESS] arma@heli-ocean.com.tw
[SUCCESS] kc@taiwan-leader.com
[SUCCESS] ac@borica.com.tw
[SUCCESS] stl-service@schmid-taiwan.com
[SUCCESS] fanny@stanley-tpe.com.tw
[SUCCESS] era@era-tw.com
[SUCCESS] sales@maistek.com.tw
[SUCCESS] t.kodama@yan-kuan.com.tw
[SUCCESS] paul@winstream.com.tw
[SUCCESS] tina@mail.joupo.com
[SUCCESS] storehouse@schmid-taiwan.com
[SUCCESS] darren@mtrend.com.tw
[SUCCESS] jason@hs-tech.com.tw
[SUCCESS] pcyang@gppc.com.tw
[SUCCESS] cerrin@neomed.com.tw
[SUCCESS] alan@magnet.com.tw
[SUCCESS] yvonne@magnet.com.tw
[SUCCESS] maggie@famouship.com.tw
[SUCCESS] sophie@winstream.com.tw
[SUCCESS] rachelle@winstream.com.tw
[SUCCESS] su-e-e@worldtech.com.tw
[SUCCESS] alan@ri-pro.com
[SUCCESS] nurse@nytaps.com.tw
[SUCCESS] jesuis@ape.net.tw
[SUCCESS] hsieh@solidlite.com
[SUCCESS] kenliu@solidlite.com
[SUCCESS] tina@ri-pro.com
[SUCCESS] yeh@era-tw.com
[SUCCESS] yeh@expense-reduction.com.tw
[SUCCESS] jingyi@bossernet.com
[SUCCESS] glai@solidlite.com
[SUCCESS] rita@whitehorse.com.tw
[SUCCESS] jasonhuang@iptec.com.tw
[SUCCESS] pingao@iptec.com.tw
[SUCCESS] anita@pact.com.tw
[SUCCESS] tracy@winaccord.com.tw
[SUCCESS] maggie@advancedcapital.com.tw
[SUCCESS] max@surtecpm.com.tw
[SUCCESS] leo@bossernet.com
[SUCCESS] kelvin@er-opto.com
[SUCCESS] gina@bossernet.com
[SUCCESS] johnson@qman.com.tw
[SUCCESS] news@taiwaninfo.com.tw
[SUCCESS] karen@rcsacorp.com.tw
[SUCCESS] johannawu@iptec.com.tw
[SUCCESS] duncan@mail.joupo.com
[SUCCESS] shb@jsicom.com.tw
[SUCCESS] a3068@neostones.com.tw
[SUCCESS] taylor@ape.net.tw
[SUCCESS] maximum@yuisheng.com.tw
[SUCCESS] teresa@teppro.com.tw
[SUCCESS] rose@penmotors.com.tw
[SUCCESS] clchang@gppc.com.tw
[SUCCESS] sfchang@gppc.com.tw
[SUCCESS] tedfang@eupl.com.tw
[SUCCESS] ming@gppc.com.tw
[SUCCESS] chen@gppc.com.tw
[SUCCESS] service@apbw.com
[SUCCESS] kennyliu@eupl.com.tw
[SUCCESS] alexku@eupl.com.tw
[SUCCESS] wilsonyeh@eupl.com.tw
[SUCCESS] sammy@eupl.com.tw
[SUCCESS] order@qman.com.tw
[SUCCESS] sumer@eastek.com.tw
[SUCCESS] alexhuang@eupl.com.tw
[SUCCESS] rogertang@eupl.com.tw
[SUCCESS] kim@eupl.com.tw
[SUCCESS] melody@eupl.com.tw
[SUCCESS] yin@gianteec.com.tw
[SUCCESS] linda@eupl.com.tw
[SUCCESS] greg@eupl.com.tw
[SUCCESS] 836@hs-tech.com.tw
[SUCCESS] service@photocake.com.tw
[SUCCESS] amy@goodlcd.com.tw
[SUCCESS] flora@sableinc.com.tw
[SUCCESS] jasonliu@eupl.com.tw
[SUCCESS] a3037@neostones.com.tw
[SUCCESS] andy@ri-pro.com
[SUCCESS] human@alphamoon.com.tw
[SUCCESS] asd123@focuslight.com
[SUCCESS] hsiu0516@sunwayfood.com.tw
[SUCCESS] jack@teppro.com.tw
[SUCCESS] ivy@winstream.com.tw
[SUCCESS] service@bridgeone.net
[SUCCESS] mchien@expense-reduction.com.tw
[SUCCESS] william.chang@bridging.com.tw
[SUCCESS] info@eupl.com.tw
[SUCCESS] irene@kdi.com.tw
[SUCCESS] miramar@bodywave.com.tw
[SUCCESS] cola@ape.net.tw
[SUCCESS] steven@easternfashions.com.tw
[SUCCESS] service@schmid-taiwan.com
[SUCCESS] nda@ocarol.com.tw
[SUCCESS] cherrie@well.com.tw
[SUCCESS] services@gppc.com.tw
[SUCCESS] way@hotpops.com.tw
[SUCCESS] chen@goodlcd.com.tw
[SUCCESS] if@ifmode.com
[SUCCESS] athena@fortex.com.tw
[SUCCESS] ted@astrodyne.com.tw
[SUCCESS] sun@fortex.com.tw
[SUCCESS] emma@sembatw.com.tw
[SUCCESS] jason@tronlink.com.tw
[SUCCESS] jim@eastek.com.tw
[SUCCESS] lily@bridgeone.net
[SUCCESS] eva_chang@fabiatech.com
[SUCCESS] andy@sencun.com.tw
[SUCCESS] jeanne_jheng@fabiatech.com
[SUCCESS] joy@eastek.com.tw
[SUCCESS] phone@acgf.org.tw
[SUCCESS] service@inkcom.com.tw
[SUCCESS] service@inktec.com.tw
[SUCCESS] andrew@inktec.com.tw
[SUCCESS] rona_0311@cherting.com.tw
[SUCCESS] jackson@shine-tech.com.tw
[SUCCESS] jeng866@gppc.com.tw
[SUCCESS] jeter@yan-kuan.com.tw
[SUCCESS] ellen@hpctaiwan.com
[SUCCESS] sales@steptek.com.tw
[SUCCESS] hsu@digihomewin.com.tw
[SUCCESS] venus@winstream.com.tw
[SUCCESS] jimmy@burkle.com.tw
[SUCCESS] goolu@penmotors.com.tw
[SUCCESS] kenton@heli-ocean.com.tw
[SUCCESS] ritalai@iptec.com.tw
[SUCCESS] robert@heli-ocean.com.tw
[SUCCESS] otto@cmax.com.tw
[SUCCESS] agnes@heli-ocean.com.tw
[SUCCESS] max@flyking.com.tw
[SUCCESS] maggie@flyking.com.tw
[SUCCESS] eva@flyking.com.tw
[SUCCESS] cindy@flyking.com.tw
[SUCCESS] karen@flyking.com.tw
[SUCCESS] jennifer@flyking.com.tw
[SUCCESS] wade@flyking.com.tw
[SUCCESS] peter@astrodyne.com.tw
[SUCCESS] grace@steptek.com.tw
[SUCCESS] a2050@neostones.com.tw
[SUCCESS] ada@citycase.com.tw
[SUCCESS] phil@burkle.com.tw
[SUCCESS] debby@burkle.com.tw
[SUCCESS] angel@worldwise.com.tw
[SUCCESS] jean@hotpops.com.tw
[SUCCESS] ray@er-opto.com
[SUCCESS] emy@astrodyne.com.tw
[SUCCESS] lisa.lin@lhccpa.com.tw
[SUCCESS] nancy@mail.howard.com.tw
[SUCCESS] annru@eupl.com.tw
[SUCCESS] a2053@neostones.com.tw
[SUCCESS] phshu@plusin.com
[SUCCESS] peter@minwe.com.tw
[SUCCESS] helen@minwe.com.tw
[SUCCESS] joywu@minwe.com.tw
[SUCCESS] tsai@minwe.com.tw
[SUCCESS] rangmei@minwe.com.tw
[SUCCESS] wenlang@minwe.com.tw
[SUCCESS] sales@minwe.com.tw
[SUCCESS] joey@minwe.com.tw
[SUCCESS] ab89@airblue.com.tw
[SUCCESS] rita@jiuhshin.com
[SUCCESS] terry@exartech.com.tw
[SUCCESS] alison_hsieh@edg.com.tw
[SUCCESS] ab3352@acgf.org.tw
[SUCCESS] jerry@neomed.com.tw
[SUCCESS] michael@bossernet.com
[SUCCESS] bsu@omniservice.com.tw
[SUCCESS] 0802@astrodyne.com.tw
[SUCCESS] vic@magtekcontrol.com.tw
[SUCCESS] michael@magtekcontrol.com.tw
[SUCCESS] flexchen@magtekcontrol.com.tw
[SUCCESS] joyce@magtekcontrol.com.tw
[SUCCESS] amanda@magtekcontrol.com.tw
[SUCCESS] sales@magtekcontrol.com.tw
[SUCCESS] admin@magtekcontrol.com.tw
[SUCCESS] seing@taiwan-leader.com
[SUCCESS] sammi@nistem.com.tw
[SUCCESS] joanna@heli-ocean.com.tw
[SUCCESS] steven@fortex.com.tw
[SUCCESS] jeff@hpctaiwan.com
[SUCCESS] hr@taiwan-leader.com
[SUCCESS] enjoya@goodlcd.com.tw
[SUCCESS] cpc@gppc.com.tw
[SUCCESS] tim@konlin.com.tw
[SUCCESS] a2056@neostones.com.tw
[SUCCESS] thomas@ai-kang.com.tw
[SUCCESS] jack@taiwan-leader.com
[SUCCESS] rita@winstream.com.tw
[SUCCESS] dianna@fortex.com.tw
[SUCCESS] mod@livingpro.com.tw
[SUCCESS] philchong@tw-tpi.com.tw
[SUCCESS] joanne@solidlite.com
[SUCCESS] peigi@ite-corp.com
[SUCCESS] amylin@heliopolis.com.tw
[SUCCESS] claire@taiwan-leader.com
[SUCCESS] sherry@apexcorp.com.tw
[SUCCESS] kay@winstron.com
[SUCCESS] francis@winstron.com
[SUCCESS] edi@hilltop.com.tw
[SUCCESS] kevin@stanley-tpe.com.tw
[SUCCESS] pway@era-tw.com
[SUCCESS] sales2@crowneplaza-taipei.com
[SUCCESS] fiona@neomed.com.tw
[SUCCESS] boblin@neomed.com.tw
[SUCCESS] janice@neomed.com.tw
[SUCCESS] michelle@neomed.com.tw
[SUCCESS] charlene@exartech.com.tw
[SUCCESS] fish@neomed.com.tw
[SUCCESS] vivi@neomed.com.tw
[SUCCESS] jason@neomed.com.tw
[SUCCESS] vincent@neomed.com.tw
[SUCCESS] nick@neomed.com.tw
[SUCCESS] nielliu@neomed.com.tw
[SUCCESS] aries@neomed.com.tw
[SUCCESS] carol@neomed.com.tw
[SUCCESS] joseph@neomed.com.tw
[SUCCESS] shu@neomed.com.tw
[SUCCESS] evilufox@neomed.com.tw
[SUCCESS] tech@astrodyne.com.tw
[SUCCESS] tina@worldwise.com.tw
[SUCCESS] hsc@worldwise.com.tw
[SUCCESS] tina@digi-king.com.tw
[SUCCESS] william@worldwise.com.tw
[SUCCESS] susan@worldwise.com.tw
[SUCCESS] wallace@worldwise.com.tw
[SUCCESS] amyyeh@worldwise.com.tw
[SUCCESS] iris@worldwise.com.tw
[SUCCESS] market@worldwise.com.tw
[SUCCESS] ota@sembatw.com.tw
[SUCCESS] eri@worldwise.com.tw
[SUCCESS] l0428@ferrite.com.tw
[SUCCESS] shin@worldwise.com.tw
[SUCCESS] event@worldwise.com.tw
[SUCCESS] daleyu@worldwise.com.tw
[SUCCESS] jonathan@worldwise.com.tw
[SUCCESS] hyt@worldwise.com.tw
[SUCCESS] minhua@worldwise.com.tw
[SUCCESS] vivi@worldwise.com.tw
[SUCCESS] grace@worldwise.com.tw
[SUCCESS] fanny@worldwise.com.tw
[SUCCESS] hsiung@worldwise.com.tw
[SUCCESS] e-how@worldwise.com.tw
[SUCCESS] roy@worldwise.com.tw
[SUCCESS] ronald@worldwise.com.tw
[SUCCESS] teresa@worldwise.com.tw
[SUCCESS] eric@winstron.com
[SUCCESS] joyce@worldwise.com.tw
[SUCCESS] tommy@worldwise.com.tw
[SUCCESS] tracy@worldwise.com.tw
[SUCCESS] tony@winstron.com
[SUCCESS] linda@auslinx.com.tw
[SUCCESS] cindia@auslinx.com.tw
[SUCCESS] sherry@auslinx.com.tw
[SUCCESS] katherine@auslinx.com.tw
[SUCCESS] step@steptek.com.tw
[SUCCESS] sales@auslinx.com.tw
[SUCCESS] andy@worldwise.com.tw
[SUCCESS] jacky@worldwise.com.tw
[SUCCESS] alex@auslinx.com.tw
[SUCCESS] ann@sunprogroup.com.tw
[SUCCESS] lu@sunprogroup.com.tw
[SUCCESS] wu@sunprogroup.com.tw
[SUCCESS] diane@sunprogroup.com.tw
[SUCCESS] katie@sunprogroup.com.tw
[SUCCESS] patricia@emman.com.tw
[SUCCESS] mp@well.com.tw
[SUCCESS] well@well.com.tw
[SUCCESS] thomas@well.com.tw
[SUCCESS] grace@well.com.tw
[SUCCESS] ruby@well.com.tw
[SUCCESS] irene@well.com.tw
[SUCCESS] grace@exartech.com.tw
[SUCCESS] hhc@well.com.tw
[SUCCESS] lhy@well.com.tw
[SUCCESS] maggie@well.com.tw
[SUCCESS] mandy@well.com.tw
[SUCCESS] tony@well.com.tw
[SUCCESS] ricky@well.com.tw
[SUCCESS] mark@maistek.com.tw
[SUCCESS] fanny@well.com.tw
[SUCCESS] lucy@well.com.tw
[SUCCESS] sunny@well.com.tw
[SUCCESS] ailsa@well.com.tw
[SUCCESS] nancy@well.com.tw
[SUCCESS] lee@well.com.tw
[SUCCESS] chun-i@cenracing.com.tw
[SUCCESS] alice@worldwise.com.tw
[SUCCESS] donna@well.com.tw
[SUCCESS] jennifer@seyen.com.tw
[SUCCESS] vivian@seyen.com.tw
[SUCCESS] stanley@seyen.com.tw
[SUCCESS] salome@seyen.com.tw
[SUCCESS] sophie@seyen.com.tw
[SUCCESS] joyce@seyen.com.tw
[SUCCESS] sweety@seyen.com.tw
[SUCCESS] irene@seyen.com.tw
[SUCCESS] jessie@seyen.com.tw
[SUCCESS] emily@seyen.com.tw
[SUCCESS] nicole@seyen.com.tw
[SUCCESS] tony@seyen.com.tw
[SUCCESS] info@seyen.com.tw
[SUCCESS] tan@goodlcd.com.tw
[SUCCESS] workmenks@workmen.com.tw
[SUCCESS] amy@neomed.com.tw
[SUCCESS] anter@rcsacorp.com.tw
[SUCCESS] ivy@solidlite.com
[SUCCESS] chin@bontech.com.tw
[SUCCESS] luna@auslinx.com.tw
[SUCCESS] terry@sevenstar.com.tw
[SUCCESS] ming@emman.com.tw
[SUCCESS] ann@taiwan-leader.com
[SUCCESS] diana@elemtek.com.tw
[SUCCESS] sandychen@acgf.org.tw
[SUCCESS] julia@winaccord.com.tw
[SUCCESS] luciusshiu@orzmail.idv.tw
[SUCCESS] info@collinselco.com
[SUCCESS] sienna1999@goodlcd.com.tw
[SUCCESS] kevin@majestic-pets.com
[SUCCESS] tommy.chen@imtec.com.tw
[SUCCESS] marketing@alphamoon.com.tw
[SUCCESS] robert@mega-force.com.tw
[SUCCESS] vickyro@astrodyne.com.tw
[SUCCESS] julie@easternfashions.com.tw
[SUCCESS] mia@lma.com.tw
[SUCCESS] joanne@worldwise.com.tw
[SUCCESS] lavender@sableinc.com.tw
[SUCCESS] linda@seyen.com.tw
[SUCCESS] erison@astrodyne.com.tw
[SUCCESS] info@fabiatech.com
[SUCCESS] joan@astrodyne.com.tw
[SUCCESS] megan@starview.com.tw
[SUCCESS] philip_hsieh@edg.com.tw
[SUCCESS] freya_fu@borica.com.tw
[SUCCESS] alvin@sableinc.com.tw
[SUCCESS] kelly@winaccord.com.tw
[SUCCESS] akcool0520@wensong.com.tw
[SUCCESS] james@fabiatech.com
[SUCCESS] wade@seponline.com.tw
[SUCCESS] maggie@seponline.com.tw
[SUCCESS] max@seponline.com.tw
[SUCCESS] info@seponline.com.tw
[SUCCESS] jiji@cenracing.com.tw
[SUCCESS] jacky@fabiatech.com
[SUCCESS] brad@george-tech.com.tw
[SUCCESS] cliff@bridgeone.net
[SUCCESS] mikechu@goldenco.com.tw
[SUCCESS] ivy_chen@fabiatech.com
[SUCCESS] christine@acgf.org.tw
[SUCCESS] orange@taiwan-leader.com
[SUCCESS] henry@winaccord.com.tw
[SUCCESS] joan@heli-ocean.com.tw
[SUCCESS] support@anco.com.tw
[SUCCESS] pr@crowneplaza-taipei.com
[SUCCESS] sean@bridgeone.net
[SUCCESS] yuuko@sunwayfood.com.tw
[SUCCESS] wendy@minwe.com.tw
[SUCCESS] amber@cenracing.com.tw
[SUCCESS] info@ztek.com.tw
[SUCCESS] yako@focuslight.com
[SUCCESS] thales@bridgeone.net
[SUCCESS] benjamin@tronlink.com.tw
[SUCCESS] lilia@focuslight.com
[SUCCESS] jean@newcd.com.tw
[SUCCESS] stang@newcd.com.tw
[SUCCESS] tammy@rcsacorp.com.tw
[SUCCESS] wanhsiu@newcd.com.tw
[SUCCESS] ufwisdom@newcd.com.tw
[SUCCESS] alen.huang@behonest.com.tw
[SUCCESS] roxanne@heli-ocean.com.tw
[SUCCESS] sales2@victorylink.com.tw
[SUCCESS] charlie@sableinc.com.tw
[SUCCESS] vincent_kao@edg.com.tw
[SUCCESS] andrew_chen@edg.com.tw
[SUCCESS] sharonlin@heliopolis.com.tw
[SUCCESS] kevin@yuisheng.com.tw
[SUCCESS] lsy@tronlink.com.tw
[SUCCESS] mei-hua@enrichmusic.com.tw
[SUCCESS] public@fapro.com.tw
[SUCCESS] kevin@fapro.com.tw
[SUCCESS] chigo@fapro.com.tw
[SUCCESS] eric@fapro.com.tw
[SUCCESS] evilse_hung@fabiatech.com
[SUCCESS] acebudo@wcorp.net
[SUCCESS] bluemaymay@worldwise.com.tw
[SUCCESS] tina@jiuhshin.com
[SUCCESS] jiuhshin@jiuhshin.com
[SUCCESS] tt@jiuhshin.com
[SUCCESS] honda@jiuhshin.com
[SUCCESS] js@jiuhshin.com
[SUCCESS] steve.hsu@livingpro.com.tw
[SUCCESS] mike@eastek.com.tw
[SUCCESS] jack@acgf.org.tw
[SUCCESS] hr@rcsacorp.com.tw
[SUCCESS] tj_huang@er-opto.com
[SUCCESS] a2005@neostones.com.tw
[SUCCESS] joan@winaccord.com.tw
[SUCCESS] alan_yu@edg.com.tw
[SUCCESS] gillian@nistem.com.tw
[SUCCESS] wendy_tsai@lobos.com.tw
[SUCCESS] ksakurada@lobos.com.tw
[SUCCESS] aimei@worldwise.com.tw
[SUCCESS] cchen@era-tw.com
[SUCCESS] sophia@neomed.com.tw
[SUCCESS] anne@astrodyne.com.tw
[SUCCESS] gina@astrodyne.com.tw
[SUCCESS] sam@astrodyne.com.tw
[SUCCESS] webmaster@astrodyne.com.tw
[SUCCESS] designer@rcsacorp.com.tw
[SUCCESS] barry@solidlite.com
[SUCCESS] amy@taiwan-leader.com
[SUCCESS] ray@hpctaiwan.com
[SUCCESS] howard@5a.com.tw
[SUCCESS] rita@taiwan-leader.com
[SUCCESS] a3004@neostones.com.tw
[SUCCESS] andy@astrodyne.com.tw
[SUCCESS] stacy@ri-pro.com
[SUCCESS] amy@eupl.com.tw
[SUCCESS] richard@breita.com.tw
[SUCCESS] joyce@gppc.com.tw
[SUCCESS] an@gppc.com.tw
[SUCCESS] daphne@gppc.com.tw
[SUCCESS] nicole@gppc.com.tw
[SUCCESS] cindy.jeng@livingpro.com.tw
[SUCCESS] phong@well.com.tw
[SUCCESS] peggy@victorylink.com.tw
[SUCCESS] info@victorylink.com.tw
[SUCCESS] grace@victorylink.com.tw
[SUCCESS] rebecca@victorylink.com.tw
[SUCCESS] rachel-chiu@victorylink.com.tw
[SUCCESS] tzuyei@victorylink.com.tw
[SUCCESS] dolby@enrichmusic.com.tw
[SUCCESS] jniu@era-tw.com
[SUCCESS] st@keewah.com.tw
[SUCCESS] aimei@worldtech.com.tw
[SUCCESS] tami@worldtech.com.tw
[SUCCESS] chris@worldtech.com.tw
[SUCCESS] service@worldtech.com.tw
[SUCCESS] angel@worldtech.com.tw
[SUCCESS] edison@highpull.com.tw
[SUCCESS] tina@worldtech.com.tw
[SUCCESS] jeremy@worldtech.com.tw
[SUCCESS] hsc@worldtech.com.tw
[SUCCESS] william@worldtech.com.tw
[SUCCESS] susan@worldtech.com.tw
[SUCCESS] wallace@worldtech.com.tw
[SUCCESS] amyyeh@worldtech.com.tw
[SUCCESS] iris@worldtech.com.tw
[SUCCESS] gillian@worldtech.com.tw
[SUCCESS] eri@worldtech.com.tw
[SUCCESS] shin@worldtech.com.tw
[SUCCESS] daleyu@worldtech.com.tw
[SUCCESS] hyt@worldtech.com.tw
[SUCCESS] jonathan@worldtech.com.tw
[SUCCESS] minhua@worldtech.com.tw
[SUCCESS] vivi@worldtech.com.tw
[SUCCESS] grace@worldtech.com.tw
[SUCCESS] hsiung@worldtech.com.tw
[SUCCESS] e-how@worldtech.com.tw
[SUCCESS] roy@worldtech.com.tw
[SUCCESS] ronald@worldtech.com.tw
[SUCCESS] teresa@worldtech.com.tw
[SUCCESS] joyce@worldtech.com.tw
[SUCCESS] tommy@worldtech.com.tw
[SUCCESS] tracy@worldtech.com.tw
[SUCCESS] andy@worldtech.com.tw
[SUCCESS] jacky@worldtech.com.tw
[SUCCESS] joanne@worldtech.com.tw
[SUCCESS] bluemaymay@worldtech.com.tw
[SUCCESS] hsieh938@gppc.com.tw
[SUCCESS] meiling.wei@advancedcapital.com.tw
[SUCCESS] kitty@fortex.com.tw
[SUCCESS] samuel@hpctaiwan.com
[SUCCESS] lobo@ichu.com.tw
[SUCCESS] wendy@mail.joupo.com
[SUCCESS] a3012@neostones.com.tw
[SUCCESS] lilian@pact.com.tw
[SUCCESS] charliechen@breita.com.tw
[SUCCESS] jenniferhuang@breita.com.tw
[SUCCESS] pole@george-tech.com.tw
[SUCCESS] kemin@focuslight.com
[SUCCESS] wenny@etake.com.tw
[SUCCESS] casper@worldtech.com.tw
[SUCCESS] yujulee@workmen.com.tw
[SUCCESS] service@qman.com.tw
[SUCCESS] ivy@mega-force.com.tw
[SUCCESS] rchen@burnstewart.com.tw
[SUCCESS] lchou@burnstewart.com.tw
[SUCCESS] nlin@burnstewart.com.tw
[SUCCESS] david@er-opto.com
[SUCCESS] joyce@hpctaiwan.com
[SUCCESS] sunney@focuslight.com
[SUCCESS] william@acgf.org.tw
[SUCCESS] henry@taiwan-leader.com
[SUCCESS] 002@eastern-unicorn.com
[SUCCESS] public@era-tw.com
[SUCCESS] neng_yao@bontech.com.tw
[SUCCESS] willy@goodlcd.com.tw
[SUCCESS] cherry@hellodisc.com.tw
[SUCCESS] bumi@hellodisc.com.tw
[SUCCESS] tpe@vang.com.tw
[SUCCESS] fareast@de-consult.com.tw
[SUCCESS] car@penmotors.com.tw
[SUCCESS] sam@solidlite.com
[SUCCESS] samuel@solidlite.com
[SUCCESS] msn@qman.com.tw
[SUCCESS] jen58@acgf.org.tw
[SUCCESS] thao@well.com.tw
[SUCCESS] nhu@well.com.tw
[SUCCESS] jack@mega-force.com.tw
[SUCCESS] alice@mega-force.com.tw
[SUCCESS] angel@mega-force.com.tw
[SUCCESS] ya-fen@mega-force.com.tw
[SUCCESS] michael@mega-force.com.tw
[SUCCESS] jfchen@mega-force.com.tw
[SUCCESS] lawrence@exartech.com.tw
[SUCCESS] mavis@heli-ocean.com.tw
[SUCCESS] johnson@asiagen.com.tw
[SUCCESS] linda@asiagen.com.tw
[SUCCESS] juilin_chang@edg.com.tw
[SUCCESS] chiayin@asiagen.com.tw
[SUCCESS] shuzhen6853@asiagen.com.tw
[SUCCESS] nichin@asiagen.com.tw
[SUCCESS] martin@worldtech.com.tw
[SUCCESS] ying@asiagen.com.tw
[SUCCESS] vinc@asiagen.com.tw
[SUCCESS] sunny@asiagen.com.tw
[SUCCESS] choucs@asiagen.com.tw
[SUCCESS] shuhui@asiagen.com.tw
[SUCCESS] ginnlung@asiagen.com.tw
[SUCCESS] dwa@asiagen.com.tw
[SUCCESS] john@asiagen.com.tw
[SUCCESS] nina@astrodyne.com.tw
[SUCCESS] tony.fang@crowneplaza-taipei.com
[SUCCESS] judy@acgf.org.tw
[SUCCESS] johnliu@eupl.com.tw
[SUCCESS] max@heli-ocean.com.tw
[SUCCESS] ivy@rcsacorp.com.tw
[SUCCESS] yuan@p-johnson.com.tw
[SUCCESS] lin@asiagen.com.tw
[SUCCESS] tkwu@asiagen.com.tw
[SUCCESS] sara@heliopolis.com.tw
[SUCCESS] wanyun@astrodyne.com.tw
[SUCCESS] elvis@sencun.com.tw
[SUCCESS] allen@sencun.com.tw
[SUCCESS] dean@sencun.com.tw
[SUCCESS] aj@ichu.com.tw
[SUCCESS] jason@shine-tech.com.tw
[SUCCESS] vicky@sableinc.com.tw
[SUCCESS] hungsm@heliopolis.com.tw
[SUCCESS] tim@bridgeone.net
[SUCCESS] frank@bridgeone.net
[SUCCESS] ivan@bridgeone.net
[SUCCESS] tammy@bridgeone.net
[SUCCESS] pair@mtrend.com.tw
[SUCCESS] grace@mtrend.com.tw
[SUCCESS] any@solidlite.com
[SUCCESS] simon@solidlite.com
[SUCCESS] elsa@burkle.com.tw
[SUCCESS] winnie@sableinc.com.tw
[SUCCESS] kelly@magnet.com.tw
[SUCCESS] 828@hs-tech.com.tw
[SUCCESS] joe@taiwan-leader.com
[SUCCESS] diana@bella-hope.com.tw
[SUCCESS] leo@nistem.com.tw
[SUCCESS] nancy@vietnamairlines.com.tw
[SUCCESS] ted_chen@heli-ocean.com.tw
[SUCCESS] fred_lin@fabiatech.com
[SUCCESS] eric_tasi@fabiatech.com
[SUCCESS] claire_yeh@fabiatech.com
[SUCCESS] char@fabiatech.com
[SUCCESS] bleak_liu@fabiatech.com
[SUCCESS] betty_lien@fabiatech.com
[SUCCESS] vincent@schmid-taiwan.com
[SUCCESS] sychuang@era-tw.com
[SUCCESS] angelika@schmid-taiwan.com
[SUCCESS] lillian@worldtech.com.tw
[SUCCESS] george@exartech.com.tw
[SUCCESS] alfred@exartech.com.tw
[SUCCESS] anne@neomed.com.tw
[SUCCESS] paul@sunwayfood.com.tw
[SUCCESS] lai@sunwayfood.com.tw
[SUCCESS] silversilk@silversilk.com.tw
[SUCCESS] shiou@sunwayfood.com.tw
[SUCCESS] george@sunwayfood.com.tw
[SUCCESS] joey2598@sunwayfood.com.tw
[SUCCESS] tony@sunwayfood.com.tw
[SUCCESS] stephen@sunwayfood.com.tw
[SUCCESS] ivy@cenracing.com.tw
[SUCCESS] feng-ling@cenracing.com.tw
[SUCCESS] d29014241@citycase.com.tw
[SUCCESS] lhk@cenracing.com.tw
[SUCCESS] feiwi@cenracing.com.tw
[SUCCESS] anne@tronlink.com.tw
[SUCCESS] service@p-johnson.com.tw
[SUCCESS] public@p-johnson.com.tw
[SUCCESS] a3062@neostones.com.tw
[SUCCESS] jchuang@era-tw.com
[SUCCESS] afigo@digihomewin.com.tw
[SUCCESS] essen@wcorp.net
[SUCCESS] cj_huang@trinusys.com
[SUCCESS] sp6978@digihomewin.com.tw
[SUCCESS] sony3838@digihomewin.com.tw
[SUCCESS] lulu@sembatw.com.tw
[SUCCESS] momo@digihomewin.com.tw
[SUCCESS] digihomewin@digihomewin.com.tw
[SUCCESS] jessiesue.sue@lhccpa.com.tw
[SUCCESS] willie@tronlink.com.tw
[SUCCESS] yang@tronlink.com.tw
[SUCCESS] alice@cypac.com.tw
[SUCCESS] cleo@digihomewin.com.tw
[SUCCESS] kswang@taiwan-leader.com
[SUCCESS] jane@shinkin.com.tw
[SUCCESS] hamie_hsu@taipeicapital.com.tw
[SUCCESS] parts@nistem.com.tw
[SUCCESS] george@pact.com.tw
[SUCCESS] carol@vietnamairlines.com.tw
[SUCCESS] ian@fortex.com.tw
[SUCCESS] denny@cypac.com.tw
[SUCCESS] stephanie.chen@livingpro.com.tw
[SUCCESS] a3033@neostones.com.tw
[SUCCESS] patrick@goodlcd.com.tw
[SUCCESS] swhuang@era-tw.com
[SUCCESS] skqc@shinkin.com.tw
[SUCCESS] wendy@well.com.tw
[SUCCESS] cha@newcd.com.tw
[SUCCESS] candy@burkle.com.tw
[SUCCESS] suny@penmotors.com.tw
[SUCCESS] fusunlin18@konlin.com.tw
[SUCCESS] musician@exartech.com.tw
[SUCCESS] lawerence@gppc.com.tw
[SUCCESS] fmeng@focuslight.com
[SUCCESS] yu@shinkin.com.tw
[SUCCESS] yfcheng@shinkin.com.tw
[SUCCESS] su@shinkin.com.tw
[SUCCESS] kitai@shinkin.com.tw
[SUCCESS] charles@shinkin.com.tw
[SUCCESS] cindy@shinkin.com.tw
[SUCCESS] moon@justherb.com.tw
[SUCCESS] mason@ichu.com.tw
[SUCCESS] leo@digihomewin.com.tw
[SUCCESS] wang@shinkin.com.tw
[SUCCESS] ivylai@worldtech.com.tw
[SUCCESS] work@shinkin.com.tw
[SUCCESS] jui@shinkin.com.tw
[SUCCESS] becklin@solidlite.com
[SUCCESS] customer@alphamoon.com.tw
[SUCCESS] cyc@cenracing.com.tw
[SUCCESS] cytang@era-tw.com
[SUCCESS] victor@winstron.com
[SUCCESS] dennis@hilltop.com.tw
[SUCCESS] a3038@neostones.com.tw
[SUCCESS] elee@omniservice.com.tw
[SUCCESS] myu@era-tw.com
[SUCCESS] tliu@era-tw.com
[SUCCESS] bob@bridgeone.net
[SUCCESS] herman@jtonsys.com
[SUCCESS] tlu@era-tw.com
[SUCCESS] shuang@era-tw.com
[SUCCESS] erin@taiwan-leader.com
[SUCCESS] michael@solidlite.com
[SUCCESS] thomas@yotek.com.tw
[SUCCESS] jinlon_lin@trinusys.com
[SUCCESS] sandyshih@taiwan-leader.com
[SUCCESS] cpl@acgf.org.tw
[SUCCESS] jeff_chen@trinusys.com
[SUCCESS] sherry@mail.joupo.com
[SUCCESS] kiddershen@iptec.com.tw
[SUCCESS] evaliu@iptec.com.tw
[SUCCESS] alextsai@iptec.com.tw
[SUCCESS] black@citycase.com.tw
[SUCCESS] sales@photocake.com.tw
[SUCCESS] henry@cenracing.com.tw
[SUCCESS] jack@citycase.com.tw
[SUCCESS] jack@solidlite.com
[SUCCESS] a3039@neostones.com.tw
[SUCCESS] shatin@worldtech.com.tw
[SUCCESS] sales@trinusys.com
[SUCCESS] clara@heliopolis.com.tw
[SUCCESS] nica@lumbini.com.tw
[SUCCESS] gavin@hellodisc.com.tw
[SUCCESS] paco@hellodisc.com.tw
[SUCCESS] info@hellodisc.com.tw
[SUCCESS] tina@hellodisc.com.tw
[SUCCESS] hsinyi@mail.joupo.com
[SUCCESS] jean@seponline.com.tw
[SUCCESS] nicole@lma.com.tw
[SUCCESS] gmohr@sunprogroup.com.tw
[SUCCESS] jenny@lma.com.tw
[SUCCESS] ginger_lee@goodlcd.com.tw
[SUCCESS] abui@yuisheng.com.tw
[SUCCESS] wilson@konlin.com.tw
[SUCCESS] david@powerflow.com.tw
[SUCCESS] emily@powerflow.com.tw
[SUCCESS] lulu@taiwan-leader.com
[SUCCESS] patrick@taiwan-leader.com
[SUCCESS] kengi.chen@solacorp.com
[SUCCESS] service@solacorp.com
[SUCCESS] jeff_fan@x-fragrance.com.tw
[SUCCESS] vivian@glorytech.net
[SUCCESS] sam@qman.com.tw
[SUCCESS] ken_lin@taipeicapital.com.tw
[SUCCESS] liaw@gppc.com.tw
[SUCCESS] vincent@eupl.com.tw
[SUCCESS] michigan@orzmail.idv.tw
[SUCCESS] jay@sunwayfood.com.tw
[SUCCESS] kenny@hs-tech.com.tw
[SUCCESS] dingo.chou@lhccpa.com.tw
[SUCCESS] smile.huang@lhccpa.com.tw
[SUCCESS] yuhan.lu@lhccpa.com.tw
[SUCCESS] yukiko.tsai@lhccpa.com.tw
[SUCCESS] may.liao@lhccpa.com.tw
[SUCCESS] susan@lhccpa.com.tw
[SUCCESS] taipei@digi-king.com.tw
[SUCCESS] peishun.lan@lhccpa.com.tw
[SUCCESS] syho@cashmere.com.tw
[SUCCESS] amanda.kuo@lhccpa.com.tw
[SUCCESS] betty.yang@lhccpa.com.tw
[SUCCESS] mini.hsaio@lhccpa.com.tw
[SUCCESS] rita.lin@lhccpa.com.tw
[SUCCESS] pao@sentravel.com.tw
[SUCCESS] shatin@worldwise.com.tw
[SUCCESS] proust.chuang@lhccpa.com.tw
[SUCCESS] keven@sencun.com.tw
[SUCCESS] scott.hsieh@lhccpa.com.tw
[SUCCESS] eunice@lhccpa.com.tw
[SUCCESS] cp_chiang@taipeicapital.com.tw
[SUCCESS] david@maistek.com.tw
[SUCCESS] sliang@rstech.com.tw
[SUCCESS] vincent_lee@lobos.com.tw
[SUCCESS] celine@asiagen.com.tw
[SUCCESS] johnson.lin@solacorp.com
[SUCCESS] tien@astrodyne.com.tw
[SUCCESS] andy@cleantec.com.tw
[SUCCESS] fun@ite-corp.com
[SUCCESS] ping@gianteec.com.tw
[SUCCESS] service@polarisbook.com
[SUCCESS] editor@polarisbook.com
[SUCCESS] vanessa@jiuhshin.com
[SUCCESS] osirisone@heliopolis.com.tw
[SUCCESS] deland@archinexus.com
[SUCCESS] richard@archinexus.com
[SUCCESS] an@archinexus.com
[SUCCESS] sueping@archinexus.com
[SUCCESS] lisa@worldtech.com.tw
[SUCCESS] sean@taiwan-leader.com
[SUCCESS] miko2@sowan.com.tw
[SUCCESS] joan@digihomewin.com.tw
[SUCCESS] a3058@neostones.com.tw
[SUCCESS] kevin@silversilk.com.tw
[SUCCESS] linda@melodytech.com
[SUCCESS] richard@melodytech.com
[SUCCESS] johnson@melodytech.com
[SUCCESS] tang@gianteec.com.tw
[SUCCESS] kate@gianteec.com.tw
[SUCCESS] richardc@ite-corp.com
[SUCCESS] minyi0@ite-corp.com
[SUCCESS] troy@pact.com.tw
[SUCCESS] cathy@femar-am.com
[SUCCESS] femar@femar-am.com
[SUCCESS] alston@eastek.com.tw
[SUCCESS] fred@femar-am.com
[SUCCESS] country@lumbini.com.tw
[SUCCESS] kade@livingpro.com.tw
[SUCCESS] auliwa@sentravel.com.tw
[SUCCESS] hychan@wcorp.net
[SUCCESS] jimmy@eastek.com.tw
[SUCCESS] martin@bodywave.com.tw
[SUCCESS] qna@greenmagic.com.tw
========================================
Import: 2733
Success: 2733

