[0] mail(s) banny@5a.com.tw
[0] mail(s) daniel@5a.com.tw
[85] mail(s) fion@5a.com.tw
[20] mail(s) howard@5a.com.tw
[64] mail(s) info@5a.com.tw
[991] mail(s) jacky@5a.com.tw
[43] mail(s) jason@5a.com.tw
[0] mail(s) paul@5a.com.tw
[0] mail(s) vic@5a.com.tw
[34] mail(s) bert@777.com.tw
[7] mail(s) jeff@777.com.tw
[0] mail(s) king@777.com.tw
[4] mail(s) vicky@777.com.tw
[9] mail(s) vivian@777.com.tw
[0] mail(s) anil@acceleratedtechnology.com.tw
[13] mail(s) beverly@acceleratedtechnology.com.tw
[6] mail(s) catherine@acceleratedtechnology.com.tw
[0] mail(s) colin@acceleratedtechnology.com.tw
[11] mail(s) jack@acceleratedtechnology.com.tw
[5] mail(s) james@acceleratedtechnology.com.tw
[8] mail(s) jameschen@acceleratedtechnology.com.tw
[28] mail(s) support@acceleratedtechnology.com.tw
[4] mail(s) terry@acceleratedtechnology.com.tw
[31] mail(s) ap@accesspro.com.tw
[5] mail(s) hou@accesspro.com.tw
[1] mail(s) info@accesspro.com.tw
[34] mail(s) jerry@accesspro.com.tw
[1] mail(s) leolee@accesspro.com.tw
[18] mail(s) sales@accesspro.com.tw
[1] mail(s) service@accesspro.com.tw
[0] mail(s) vivihsu@accesspro.com.tw
[8] mail(s) ab3352@acgf.org.tw
[0] mail(s) account@acgf.org.tw
[0] mail(s) anne@acgf.org.tw
[6] mail(s) cecilia@acgf.org.tw
[4] mail(s) chel@acgf.org.tw
[0] mail(s) chiu-meiling@acgf.org.tw
[3] mail(s) christine@acgf.org.tw
[4] mail(s) constance@acgf.org.tw
[9] mail(s) cpl@acgf.org.tw
[4] mail(s) daphne@acgf.org.tw
[0] mail(s) edison@acgf.org.tw
[7] mail(s) emma@acgf.org.tw
[0] mail(s) eva@acgf.org.tw
[7] mail(s) hsu@acgf.org.tw
[7] mail(s) ice-white@acgf.org.tw
[14] mail(s) jack@acgf.org.tw
[5] mail(s) jacklee@acgf.org.tw
[3] mail(s) jen58@acgf.org.tw
[0] mail(s) jessie@acgf.org.tw
[5] mail(s) jpenguinz@acgf.org.tw
[4] mail(s) judy@acgf.org.tw
[9] mail(s) khs@acgf.org.tw
[18] mail(s) kong@acgf.org.tw
[7] mail(s) kuo@acgf.org.tw
[9] mail(s) lys@acgf.org.tw
[0] mail(s) mail@acgf.org.tw
[0] mail(s) may@acgf.org.tw
[3] mail(s) may870322@acgf.org.tw
[6] mail(s) mic@acgf.org.tw
[3] mail(s) ming@acgf.org.tw
[1] mail(s) oywc@acgf.org.tw
[7] mail(s) phone@acgf.org.tw
[15] mail(s) plan@acgf.org.tw
[3] mail(s) pung@acgf.org.tw
[3] mail(s) s340710@acgf.org.tw
[14] mail(s) sam0903@acgf.org.tw
[4] mail(s) sandychen@acgf.org.tw
[2] mail(s) secret@acgf.org.tw
[417] mail(s) service@acgf.org.tw
[14] mail(s) sherry@acgf.org.tw
[17] mail(s) tllee@acgf.org.tw
[0] mail(s) tom@acgf.org.tw
[0] mail(s) vivi@acgf.org.tw
[10] mail(s) w211@acgf.org.tw
[2] mail(s) walter@acgf.org.tw
[8] mail(s) william@acgf.org.tw
[9] mail(s) yao@acgf.org.tw
[8] mail(s) yeh@acgf.org.tw
[4] mail(s) yukai@acgf.org.tw
[9] mail(s) kenny@advancedcapital.com.tw
[1076] mail(s) maggie@advancedcapital.com.tw
[40] mail(s) meiling.wei@advancedcapital.com.tw
[0] mail(s) stanley@advancedcapital.com.tw
[0] mail(s) icome@ai-kang.com.tw
[0] mail(s) thomas@ai-kang.com.tw
[537] mail(s) service@aishih.com.tw
[0] mail(s) china@alphamoon.com.tw
[0] mail(s) christina@alphamoon.com.tw
[2] mail(s) customer@alphamoon.com.tw
[0] mail(s) fanny@alphamoon.com.tw
[49] mail(s) human@alphamoon.com.tw
[23] mail(s) is@alphamoon.com.tw
[1] mail(s) jackie@alphamoon.com.tw
[27] mail(s) julian@alphamoon.com.tw
[0] mail(s) marketing@alphamoon.com.tw
[0] mail(s) mirror@alphamoon.com.tw
[2505] mail(s) peter@alphamoon.com.tw
[0] mail(s) propagation@alphamoon.com.tw
[1] mail(s) service@alphamoon.com.tw
[8] mail(s) alex@anco.com.tw
[0] mail(s) allan@anco.com.tw
[64] mail(s) ancord@anco.com.tw
[77] mail(s) bang@anco.com.tw
[260] mail(s) beijing@anco.com.tw
[0] mail(s) caommnn@anco.com.tw
[50] mail(s) city@anco.com.tw
[75] mail(s) eric@anco.com.tw
[7] mail(s) grace@anco.com.tw
[16] mail(s) jodie@anco.com.tw
[7] mail(s) levi@anco.com.tw
[41] mail(s) michael@anco.com.tw
[1] mail(s) qin@anco.com.tw
[33] mail(s) rich@anco.com.tw
[0] mail(s) sales@anco.com.tw
[2] mail(s) support@anco.com.tw
[6] mail(s) ted@anco.com.tw
[13] mail(s) tony@anco.com.tw
[0] mail(s) alumi_lu@angleton.com.tw
[0] mail(s) dick_du@angleton.com.tw
[16] mail(s) edward_ko@angleton.com.tw
[0] mail(s) eric_huang@angleton.com.tw
[8] mail(s) frank_wu@angleton.com.tw
[10] mail(s) jack_hu@angleton.com.tw
[6] mail(s) leopard_yang@angleton.com.tw
[6] mail(s) linux_sung@angleton.com.tw
[1] mail(s) lisa_hsu@angleton.com.tw
[2] mail(s) monica_chen@angleton.com.tw
[1] mail(s) patricia_kao@angleton.com.tw
[36] mail(s) robin_huang@angleton.com.tw
[2] mail(s) wenhung_chen@angleton.com.tw
[24] mail(s) william_lan@angleton.com.tw
[0] mail(s) winner_lin@angleton.com.tw
[119] mail(s) ec_service@apbw.com
[0] mail(s) epaper@apbw.com
[7] mail(s) service@apbw.com
[677] mail(s) chuckchang@aped.com.tw
[2] mail(s) liangchang@aped.com.tw
[49] mail(s) apex@apexcorp.com.tw
[10] mail(s) harmony@apexcorp.com.tw
[0] mail(s) lucia@apexcorp.com.tw
[7] mail(s) sherry@apexcorp.com.tw
[18] mail(s) an@archinexus.com
[0] mail(s) deland@archinexus.com
[0] mail(s) moon@archinexus.com
[1] mail(s) richard@archinexus.com
[7] mail(s) sueping@archinexus.com
[0] mail(s) tailai@archinexus.com
[2] mail(s) celine@asiagen.com.tw
[0] mail(s) chang_jiun_li@asiagen.com.tw
[26] mail(s) chiayin@asiagen.com.tw
[8] mail(s) choucs@asiagen.com.tw
[2] mail(s) dwa@asiagen.com.tw
[1] mail(s) ginnlung@asiagen.com.tw
[0] mail(s) hsungchi@asiagen.com.tw
[2] mail(s) john@asiagen.com.tw
[4] mail(s) johnson@asiagen.com.tw
[6] mail(s) lili@asiagen.com.tw
[31] mail(s) lin@asiagen.com.tw
[68] mail(s) linda@asiagen.com.tw
[0] mail(s) mouse@asiagen.com.tw
[4] mail(s) nichin@asiagen.com.tw
[20] mail(s) rogerwu@asiagen.com.tw
[0] mail(s) s39105008@asiagen.com.tw
[53] mail(s) shuhui@asiagen.com.tw
[3] mail(s) shuzhen6853@asiagen.com.tw
[36] mail(s) sunny@asiagen.com.tw
[22] mail(s) tkwu@asiagen.com.tw
[4] mail(s) tony@asiagen.com.tw
[14] mail(s) vinc@asiagen.com.tw
[0] mail(s) yenling@asiagen.com.tw
[26] mail(s) ying@asiagen.com.tw
[0] mail(s) yufon@asiagen.com.tw
[5] mail(s) 0302@astrodyne.com.tw
[3] mail(s) 0802@astrodyne.com.tw
[1] mail(s) 1202@astrodyne.com.tw
[0] mail(s) andy@astrodyne.com.tw
[0] mail(s) angel@astrodyne.com.tw
[8] mail(s) anne@astrodyne.com.tw
[1] mail(s) catalog@astrodyne.com.tw
[5] mail(s) emy@astrodyne.com.tw
[6] mail(s) erica@astrodyne.com.tw
[11] mail(s) erison@astrodyne.com.tw
[6] mail(s) gina@astrodyne.com.tw
[3] mail(s) greg@astrodyne.com.tw
[2] mail(s) henry@astrodyne.com.tw
[1] mail(s) james@astrodyne.com.tw
[20] mail(s) joan@astrodyne.com.tw
[2] mail(s) kitty@astrodyne.com.tw
[0] mail(s) marketing@astrodyne.com.tw
[3] mail(s) meilin@astrodyne.com.tw
[3] mail(s) micky@astrodyne.com.tw
[3] mail(s) nick@astrodyne.com.tw
[51] mail(s) nina@astrodyne.com.tw
[9] mail(s) peter@astrodyne.com.tw
[2] mail(s) quotes@astrodyne.com.tw
[11] mail(s) sales@astrodyne.com.tw
[13] mail(s) sam@astrodyne.com.tw
[1] mail(s) star@astrodyne.com.tw
[2] mail(s) tech@astrodyne.com.tw
[0] mail(s) ted@astrodyne.com.tw
[3] mail(s) tien@astrodyne.com.tw
[1] mail(s) toni@astrodyne.com.tw
[25] mail(s) vickyro@astrodyne.com.tw
[9] mail(s) wanyun@astrodyne.com.tw
[0] mail(s) webmaster@astrodyne.com.tw
[13] mail(s) alex@auslinx.com.tw
[1] mail(s) artwu@auslinx.com.tw
[15] mail(s) cindia@auslinx.com.tw
[1] mail(s) jackyeh@auslinx.com.tw
[28] mail(s) katherine@auslinx.com.tw
[3] mail(s) linda@auslinx.com.tw
[1] mail(s) louisliao@auslinx.com.tw
[11] mail(s) luna@auslinx.com.tw
[32] mail(s) sales@auslinx.com.tw
[17] mail(s) sherry@auslinx.com.tw
[2] mail(s) vitachen@auslinx.com.tw
[108] mail(s) alex@avacavac.com.tw
[0] mail(s) boss@avacavac.com.tw
[24] mail(s) crc@avacavac.com.tw
[18] mail(s) ivy@avacavac.com.tw
[107] mail(s) jean@avacavac.com.tw
[7] mail(s) jungle@avacavac.com.tw
[2] mail(s) wen@avacavac.com.tw
[206] mail(s) bbqtp@bbqtp.com.tw
[0] mail(s) alen.huang@behonest.com.tw
[2] mail(s) blue@behonest.com.tw
[0] mail(s) info@behonest.com.tw
[8] mail(s) matt@behonest.com.tw
[12] mail(s) matthew@behonest.com.tw
[0] mail(s) polly@behonest.com.tw
[0] mail(s) sale@behonest.com.tw
[0] mail(s) tymou@behonest.com.tw
[0] mail(s) diana@bella-hope.com.tw
[1] mail(s) hope@bella-hope.com.tw
[0] mail(s) nora@bella-hope.com.tw
[90] mail(s) service@bigdoor.cc
[1] mail(s) carol@bodywave.com.tw
[37] mail(s) elan@bodywave.com.tw
[10] mail(s) keela@bodywave.com.tw
[0] mail(s) martin@bodywave.com.tw
[0] mail(s) max@bodywave.com.tw
[0] mail(s) miramar@bodywave.com.tw
[5] mail(s) wayne@bodywave.com.tw
[0] mail(s) chin@bontech.com.tw
[0] mail(s) johnny_chiang@bontech.com.tw
[0] mail(s) lsm566@bontech.com.tw
[0] mail(s) ming@bontech.com.tw
[18] mail(s) neng_yao@bontech.com.tw
[0] mail(s) ou_yang@bontech.com.tw
[0] mail(s) sf_chiang@bontech.com.tw
[82] mail(s) abby_ding@borica.com.tw
[0] mail(s) ac@borica.com.tw
[7] mail(s) cathylu@borica.com.tw
[2] mail(s) cathy_lu@borica.com.tw
[31] mail(s) elenawen@borica.com.tw
[80] mail(s) freya_fu@borica.com.tw
[29] mail(s) johnwen@borica.com.tw
[2] mail(s) kevintsuo@borica.com.tw
[1] mail(s) nathalie_chan@borica.com.tw
[14] mail(s) postmaster@borica.com.tw
[7] mail(s) service@borica.com.tw
[2] mail(s) spencer_hsieh@borica.com.tw
[70] mail(s) bosser@bossernet.com
[0] mail(s) gina@bossernet.com
[0] mail(s) jingyi@bossernet.com
[98] mail(s) leo@bossernet.com
[3] mail(s) lily@bossernet.com
[13] mail(s) michael@bossernet.com
[0] mail(s) charliechen@breita.com.tw
[1] mail(s) jenniferhuang@breita.com.tw
[1] mail(s) richard@breita.com.tw
[460] mail(s) service@breita.com.tw
[0] mail(s) tomy@breita.com.tw
[29] mail(s) warren@breita.com.tw
[4] mail(s) andy@bridgeone.net
[0] mail(s) andy.weng@bridgeone.net
[21] mail(s) bob@bridgeone.net
[0] mail(s) cindy@bridgeone.net
[8] mail(s) cliff@bridgeone.net
[8] mail(s) danny.hsiao@bridgeone.net
[0] mail(s) frank@bridgeone.net
[7] mail(s) irene@bridgeone.net
[1] mail(s) ivan@bridgeone.net
[91] mail(s) justine@bridgeone.net
[5] mail(s) lily@bridgeone.net
[10] mail(s) paulina@bridgeone.net
[16] mail(s) sean@bridgeone.net
[1] mail(s) service@bridgeone.net
[21] mail(s) tammy@bridgeone.net
[41] mail(s) thales@bridgeone.net
[48] mail(s) tim@bridgeone.net
[1] mail(s) vincent@bridgeone.net
[8] mail(s) alec.yuan@bridging.com.tw
[63] mail(s) barrywu@bridging.com.tw
[4] mail(s) debbiechiu@bridging.com.tw
[6] mail(s) jackchang@bridging.com.tw
[0] mail(s) linda.chiu@bridging.com.tw
[12] mail(s) service@bridging.com.tw
[5] mail(s) sunnie.wu@bridging.com.tw
[15] mail(s) thomas.chang@bridging.com.tw
[8] mail(s) william.chang@bridging.com.tw
[12] mail(s) candy@burkle.com.tw
[30] mail(s) debby@burkle.com.tw
[2] mail(s) elsa@burkle.com.tw
[6] mail(s) jimmy@burkle.com.tw
[3] mail(s) mark@burkle.com.tw
[25] mail(s) paul@burkle.com.tw
[58] mail(s) phil@burkle.com.tw
[21] mail(s) tim@burkle.com.tw
[6] mail(s) achang@burnstewart.com.tw
[1] mail(s) cliu@burnstewart.com.tw
[0] mail(s) lchou@burnstewart.com.tw
[18] mail(s) nlin@burnstewart.com.tw
[3] mail(s) rchen@burnstewart.com.tw
[34] mail(s) sales@burnstewart.com.tw
[10] mail(s) sales-kao@burnstewart.com.tw
[3] mail(s) sales-tch@burnstewart.com.tw
[1] mail(s) sales-tpe@burnstewart.com.tw
[1] mail(s) slu@burnstewart.com.tw
[0] mail(s) jennifer@carmen.com.tw
[1] mail(s) katy@carmen.com.tw
[11] mail(s) olivekuo@carmen.com.tw
[40] mail(s) service@carmen.com.tw
[1447] mail(s) steve@carmen.com.tw
[57] mail(s) kcshiu@cashmere.com.tw
[4] mail(s) msli@cashmere.com.tw
[27] mail(s) service@cashmere.com.tw
[3] mail(s) syho@cashmere.com.tw
[2] mail(s) jacklai@catc.com.tw
[0] mail(s) project@catc.com.tw
[0] mail(s) report@catc.com.tw
[6] mail(s) teresawen@catc.com.tw
[2] mail(s) amber@cenracing.com.tw
[14] mail(s) chun-i@cenracing.com.tw
[281] mail(s) cyc@cenracing.com.tw
[50] mail(s) feiwi@cenracing.com.tw
[7] mail(s) feng-ling@cenracing.com.tw
[0] mail(s) henry@cenracing.com.tw
[3] mail(s) ivy@cenracing.com.tw
[1] mail(s) jason@cenracing.com.tw
[2] mail(s) jiji@cenracing.com.tw
[7] mail(s) kinggi@cenracing.com.tw
[11] mail(s) lhk@cenracing.com.tw
[2] mail(s) ad123a@cherting.com.tw
[0] mail(s) beaut67@cherting.com.tw
[0] mail(s) coco.chiu@cherting.com.tw
[0] mail(s) nico@cherting.com.tw
[0] mail(s) rona_0311@cherting.com.tw
[463] mail(s) service@cherting.com.tw
[9] mail(s) ada@citycase.com.tw
[0] mail(s) angel@citycase.com.tw
[4] mail(s) black@citycase.com.tw
[20] mail(s) carol@citycase.com.tw
[0] mail(s) cathy@citycase.com.tw
[1] mail(s) cheng@citycase.com.tw
[14] mail(s) chien@citycase.com.tw
[0] mail(s) d29014241@citycase.com.tw
[3] mail(s) doris@citycase.com.tw
[1] mail(s) jack@citycase.com.tw
[0] mail(s) jacky@citycase.com.tw
[3] mail(s) jimmy@citycase.com.tw
[1] mail(s) juju@citycase.com.tw
[0] mail(s) kate@citycase.com.tw
[4] mail(s) kent@citycase.com.tw
[0] mail(s) king@citycase.com.tw
[8] mail(s) macgyver@citycase.com.tw
[6] mail(s) monica@citycase.com.tw
[9] mail(s) queeny@citycase.com.tw
[51] mail(s) rd@citycase.com.tw
[33] mail(s) sales@citycase.com.tw
[1] mail(s) sunny@citycase.com.tw
[8] mail(s) tseng@citycase.com.tw
[0] mail(s) yi-ping@citycase.com.tw
[38] mail(s) alice@cleantec.com.tw
[0] mail(s) andy@cleantec.com.tw
[56] mail(s) grace@cleantec.com.tw
[0] mail(s) jush@cleantec.com.tw
[21] mail(s) kender@cleantec.com.tw
[99] mail(s) sales@cleantec.com.tw
[1] mail(s) service@cleantec.com.tw
[26] mail(s) terence@cleantec.com.tw
[0] mail(s) bright@click-animation.com
[0] mail(s) click.huang@click-animation.com
[1] mail(s) michelle@click-animation.com
[0] mail(s) service@click-animation.com
[0] mail(s) tony@click-animation.com
[12] mail(s) ayang@cmax.com.tw
[0] mail(s) christine@cmax.com.tw
[8] mail(s) gyen@cmax.com.tw
[24] mail(s) jtsao@cmax.com.tw
[0] mail(s) lance@cmax.com.tw
[0] mail(s) nteng@cmax.com.tw
[1] mail(s) otto@cmax.com.tw
[0] mail(s) psu@cmax.com.tw
[6] mail(s) swu@cmax.com.tw
[6] mail(s) vhuang@cmax.com.tw
[0] mail(s) eugene@collinselco.com
[0] mail(s) info@collinselco.com
[0] mail(s) licky@collinselco.com
[0] mail(s) tina@collinselco.com
[2] mail(s) carrie@comweal.com.tw
[1] mail(s) frank@comweal.com.tw
[12] mail(s) jean@comweal.com.tw
[1] mail(s) vivi@comweal.com.tw
[10] mail(s) belle@continental-link.com.tw
[1] mail(s) danny@continental-link.com.tw
[22] mail(s) dennis@continental-link.com.tw
[18] mail(s) kathy@continental-link.com.tw
[2] mail(s) mendy@continental-link.com.tw
[0] mail(s) tippi@continental-link.com.tw
[19] mail(s) vivian@continental-link.com.tw
[31] mail(s) meg@counterpoint.com.tw
[8] mail(s) peggy@counterpoint.com.tw
[0] mail(s) sales@counterpoint.com.tw
[0] mail(s) services@counterpoint.com.tw
[4] mail(s) f-b@crowneplaza-taipei.com
[5] mail(s) food-rsvn@crowneplaza-taipei.com
[3] mail(s) gm@crowneplaza-taipei.com
[34] mail(s) hr@crowneplaza-taipei.com
[7] mail(s) laura.chen@crowneplaza-taipei.com
[7] mail(s) marcom@crowneplaza-taipei.com
[0] mail(s) pr@crowneplaza-taipei.com
[28] mail(s) rebar@crowneplaza-taipei.com
[7] mail(s) room-rsvn@crowneplaza-taipei.com
[19] mail(s) sales@crowneplaza-taipei.com
[153] mail(s) sales2@crowneplaza-taipei.com
[2] mail(s) sales3@crowneplaza-taipei.com
[0] mail(s) sales5@crowneplaza-taipei.com
[3] mail(s) salesovs@crowneplaza-taipei.com
[1] mail(s) tony.fang@crowneplaza-taipei.com
[13] mail(s) ctba@ctba.org.tw
[9] mail(s) service@ctba.org.tw
[44] mail(s) chk@ctcba.org.tw
[943] mail(s) ctcba@ctcba.org.tw
[704] mail(s) editor@ctcba.org.tw
[0] mail(s) hlh@ctcba.org.tw
[1] mail(s) hsnu749@ctcba.org.tw
[35] mail(s) ibc@ctcba.org.tw
[10] mail(s) jany@ctcba.org.tw
[0] mail(s) sandy@ctcba.org.tw
[47] mail(s) alice@cypac.com.tw
[2] mail(s) denny@cypac.com.tw
[10] mail(s) jean@cypac.com.tw
[23] mail(s) mintarja@cypac.com.tw
[19] mail(s) peiching@cypac.com.tw
[21] mail(s) purple@cypac.com.tw
[7] mail(s) reese@cypac.com.tw
[0] mail(s) fareast@de-consult.com.tw
[106] mail(s) lucaslee@de-consult.com.tw
[13] mail(s) office@de-consult.com.tw
[84] mail(s) deeu@deeu.com.tw
[7] mail(s) pamd@deeu.com.tw
[18] mail(s) ccm@diecasting.com.tw
[84] mail(s) info@diecasting.com.tw
[354] mail(s) james@diecasting.com.tw
[19] mail(s) dking@digi-king.com.tw
[4] mail(s) eva@digi-king.com.tw
[0] mail(s) service@digi-king.com.tw
[4] mail(s) taipei@digi-king.com.tw
[1] mail(s) tina@digi-king.com.tw
[0] mail(s) afigo@digihomewin.com.tw
[14] mail(s) cleo@digihomewin.com.tw
[83] mail(s) digihomewin@digihomewin.com.tw
[2] mail(s) hsu@digihomewin.com.tw
[3] mail(s) joan@digihomewin.com.tw
[120] mail(s) leo@digihomewin.com.tw
[3] mail(s) man@digihomewin.com.tw
[4] mail(s) momo@digihomewin.com.tw
[5] mail(s) nancy@digihomewin.com.tw
[0] mail(s) sony3838@digihomewin.com.tw
[15] mail(s) sp6978@digihomewin.com.tw
[10] mail(s) chiaoyi@dorm.com.tw
[197] mail(s) derek@dorm.com.tw
[0] mail(s) dorm@dorm.com.tw
[1] mail(s) samlu@dorm.com.tw
[63] mail(s) thales@dorm.com.tw
[0] mail(s) goodheart@e-castle.cc
[0] mail(s) technical@e-castle.cc
[9] mail(s) service@e-fss.org
[0] mail(s) alston@eastek.com.tw
[18] mail(s) carlyang@eastek.com.tw
[0] mail(s) daniellu@eastek.com.tw
[7] mail(s) dennywu@eastek.com.tw
[160] mail(s) eastek@eastek.com.tw
[20] mail(s) edhuang@eastek.com.tw
[21] mail(s) evan@eastek.com.tw
[1] mail(s) fancy@eastek.com.tw
[0] mail(s) jim@eastek.com.tw
[143] mail(s) jimmy@eastek.com.tw
[26] mail(s) joy@eastek.com.tw
[25] mail(s) judy@eastek.com.tw
[6] mail(s) kay@eastek.com.tw
[2] mail(s) kevin@eastek.com.tw
[1] mail(s) lucy@eastek.com.tw
[1] mail(s) mike@eastek.com.tw
[2] mail(s) mikechao@eastek.com.tw
[9] mail(s) ming@eastek.com.tw
[11] mail(s) scottlin@eastek.com.tw
[7] mail(s) se.tech@eastek.com.tw
[5] mail(s) sumer@eastek.com.tw
[0] mail(s) 001@eastern-unicorn.com
[0] mail(s) 002@eastern-unicorn.com
[0] mail(s) 007@eastern-unicorn.com
[0] mail(s) 168@eastern-unicorn.com
[305] mail(s) design@eastern-unicorn.com
[3] mail(s) jasonlee@eastern-unicorn.com
[416] mail(s) work@eastern-unicorn.com
[0] mail(s) angel@easternfashions.com.tw
[0] mail(s) ann@easternfashions.com.tw
[1] mail(s) catheleen@easternfashions.com.tw
[0] mail(s) cyberyeh@easternfashions.com.tw
[0] mail(s) fion@easternfashions.com.tw
[0] mail(s) fion-teng@easternfashions.com.tw
[1] mail(s) joan@easternfashions.com.tw
[0] mail(s) julie@easternfashions.com.tw
[8] mail(s) linda@easternfashions.com.tw
[3] mail(s) sandra@easternfashions.com.tw
[0] mail(s) sarah@easternfashions.com.tw
[1] mail(s) steven@easternfashions.com.tw
[10] mail(s) terry@easternfashions.com.tw
[6] mail(s) tina@easternfashions.com.tw
[2] mail(s) victoria@easternfashions.com.tw
[0] mail(s) vivian@easternfashions.com.tw
[3] mail(s) alan_yu@edg.com.tw
[87] mail(s) alison_hsieh@edg.com.tw
[64] mail(s) andrew_chen@edg.com.tw
[3] mail(s) cecily_chou@edg.com.tw
[2] mail(s) charlene_chung@edg.com.tw
[2] mail(s) christine_lee@edg.com.tw
[12] mail(s) construction@edg.com.tw
[5] mail(s) desmand_chou@edg.com.tw
[10] mail(s) edg@edg.com.tw
[0] mail(s) emily_wang@edg.com.tw
[0] mail(s) eunice_ma@edg.com.tw
[0] mail(s) evelyn_kuo@edg.com.tw
[7] mail(s) flora_chou@edg.com.tw
[7] mail(s) jason_3t@edg.com.tw
[0] mail(s) juilin_chang@edg.com.tw
[0] mail(s) kansin@edg.com.tw
[1] mail(s) michael_huang@edg.com.tw
[206] mail(s) paul_chen@edg.com.tw
[0] mail(s) philip_hsieh@edg.com.tw
[87] mail(s) vc_site@edg.com.tw
[0] mail(s) vc_tpe@edg.com.tw
[1] mail(s) vincent_ham@edg.com.tw
[6] mail(s) vincent_kao@edg.com.tw
[57] mail(s) chuang@eid.com.tw
[16] mail(s) cjwu@eid.com.tw
[5] mail(s) cmchen@eid.com.tw
[0] mail(s) cylin@eid.com.tw
[0] mail(s) jessielin@eid.com.tw
[1] mail(s) diana@elemtek.com.tw
[6] mail(s) eagle@elemtek.com.tw
[13] mail(s) service@elemtek.com.tw
[8] mail(s) tina@elemtek.com.tw
[0] mail(s) user5@elemtek.com.tw
[0] mail(s) user8@elemtek.com.tw
[7] mail(s) info@emman.com.tw
[47] mail(s) liu@emman.com.tw
[0] mail(s) ming@emman.com.tw
[0] mail(s) patricia@emman.com.tw
[0] mail(s) wang@emman.com.tw
[13] mail(s) adm@enrichmusic.com.tw
[12] mail(s) arvin@enrichmusic.com.tw
[0] mail(s) dolby@enrichmusic.com.tw
[43] mail(s) enrich@enrichmusic.com.tw
[1] mail(s) jenny@enrichmusic.com.tw
[90] mail(s) lian@enrichmusic.com.tw
[31] mail(s) mei-hua@enrichmusic.com.tw
[6] mail(s) thomas@enrichmusic.com.tw
[4] mail(s) vivian@enrichmusic.com.tw
[0] mail(s) chad@envinex.com.tw
[12] mail(s) sales@envinex.com.tw
[2] mail(s) sarah@envinex.com.tw
[27] mail(s) stanley@envinex.com.tw
[16] mail(s) thomas@envinex.com.tw
[1] mail(s) charlene@er-opto.com
[0] mail(s) david@er-opto.com
[0] mail(s) jessie@er-opto.com
[2] mail(s) kelvin@er-opto.com
[0] mail(s) kitty@er-opto.com
[0] mail(s) ray@er-opto.com
[0] mail(s) snow@er-opto.com
[0] mail(s) stephen@er-opto.com
[0] mail(s) tj_huang@er-opto.com
[0] mail(s) tracy@er-opto.com
[0] mail(s) vanessa@er-opto.com
[3] mail(s) cchen@era-tw.com
[1] mail(s) clin@era-tw.com
[0] mail(s) cytang@era-tw.com
[0] mail(s) dchen@era-tw.com
[106] mail(s) era@era-tw.com
[0] mail(s) fchu2@era-tw.com
[3] mail(s) hchen@era-tw.com
[0] mail(s) ilee@era-tw.com
[32] mail(s) isun@era-tw.com
[10] mail(s) jchuang@era-tw.com
[0] mail(s) jniu@era-tw.com
[4] mail(s) mchien@era-tw.com
[16] mail(s) myu@era-tw.com
[3] mail(s) public@era-tw.com
[6] mail(s) pway@era-tw.com
[47] mail(s) shuang@era-tw.com
[0] mail(s) swhuang@era-tw.com
[0] mail(s) sychuang@era-tw.com
[3] mail(s) tliu@era-tw.com
[0] mail(s) tlu@era-tw.com
[18] mail(s) wyeh@era-tw.com
[141] mail(s) yeh@era-tw.com
[0] mail(s) andy@etake.com.tw
[0] mail(s) bill@etake.com.tw
[5] mail(s) bruce@etake.com.tw
[1] mail(s) carol@etake.com.tw
[0] mail(s) dick@etake.com.tw
[0] mail(s) emily@etake.com.tw
[1] mail(s) eric@etake.com.tw
[0] mail(s) irene@etake.com.tw
[0] mail(s) jerry@etake.com.tw
[0] mail(s) judy@etake.com.tw
[0] mail(s) leo@etake.com.tw
[0] mail(s) neil@etake.com.tw
[0] mail(s) peter@etake.com.tw
[9] mail(s) ray@etake.com.tw
[2] mail(s) wenny@etake.com.tw
[1] mail(s) wesley@etake.com.tw
[27] mail(s) admin@ethome.net
[288] mail(s) alexhuang@eupl.com.tw
[1] mail(s) alexku@eupl.com.tw
[4] mail(s) amy@eupl.com.tw
[438] mail(s) annru@eupl.com.tw
[98] mail(s) eddics@eupl.com.tw
[10] mail(s) greg@eupl.com.tw
[172] mail(s) info@eupl.com.tw
[114] mail(s) jacqueline@eupl.com.tw
[19] mail(s) jasonliu@eupl.com.tw
[57] mail(s) johnliu@eupl.com.tw
[18] mail(s) kennyliu@eupl.com.tw
[359] mail(s) kim@eupl.com.tw
[0] mail(s) linda@eupl.com.tw
[625] mail(s) melody@eupl.com.tw
[0] mail(s) rebeccayang@eupl.com.tw
[516] mail(s) rogertang@eupl.com.tw
[0] mail(s) sammy@eupl.com.tw
[3] mail(s) sandra@eupl.com.tw
[123] mail(s) tedfang@eupl.com.tw
[19] mail(s) tonyhu@eupl.com.tw
[0] mail(s) viannchao@eupl.com.tw
[0] mail(s) vincent@eupl.com.tw
[0] mail(s) wilsonyeh@eupl.com.tw
[0] mail(s) yaoyao@eupl.com.tw
[2] mail(s) ada@exartech.com.tw
[0] mail(s) alfred@exartech.com.tw
[19] mail(s) amos@exartech.com.tw
[6] mail(s) amy@exartech.com.tw
[2] mail(s) andy@exartech.com.tw
[22] mail(s) beverly@exartech.com.tw
[0] mail(s) charlene@exartech.com.tw
[26] mail(s) chechi@exartech.com.tw
[13] mail(s) davidh@exartech.com.tw
[13] mail(s) dennis@exartech.com.tw
[17] mail(s) george@exartech.com.tw
[66] mail(s) gordon@exartech.com.tw
[2] mail(s) grace@exartech.com.tw
[372] mail(s) intl@exartech.com.tw
[20] mail(s) jack@exartech.com.tw
[68] mail(s) james@exartech.com.tw
[108] mail(s) jameschen@exartech.com.tw
[6] mail(s) jennifer@exartech.com.tw
[29] mail(s) jorin@exartech.com.tw
[0] mail(s) ken@exartech.com.tw
[0] mail(s) lawrence@exartech.com.tw
[15] mail(s) marco@exartech.com.tw
[24] mail(s) may@exartech.com.tw
[1] mail(s) musician@exartech.com.tw
[1] mail(s) senthil@exartech.com.tw
[0] mail(s) shawn@exartech.com.tw
[818] mail(s) support@exartech.com.tw
[5] mail(s) terry@exartech.com.tw
[41] mail(s) tina@exartech.com.tw
[2] mail(s) wayne@exartech.com.tw
[1] mail(s) yaona@exartech.com.tw
[0] mail(s) cchen@expense-reduction.com.tw
[2] mail(s) mchien@expense-reduction.com.tw
[0] mail(s) yeh@expense-reduction.com.tw
[4] mail(s) abi_tsou@fabiatech.com
[0] mail(s) adam_hsu@fabiatech.com
[0] mail(s) angela_chang@fabiatech.com
[3] mail(s) bertha_lin@fabiatech.com
[0] mail(s) betty_lien@fabiatech.com
[0] mail(s) bleak_liu@fabiatech.com
[0] mail(s) bruce_wang@fabiatech.com
[31] mail(s) celine@fabiatech.com
[0] mail(s) char@fabiatech.com
[0] mail(s) claire_yeh@fabiatech.com
[8] mail(s) eric_tasi@fabiatech.com
[3] mail(s) eva_chang@fabiatech.com
[4] mail(s) evilse_hung@fabiatech.com
[20] mail(s) fred_lin@fabiatech.com
[9] mail(s) gary_chen@fabiatech.com
[4] mail(s) info@fabiatech.com
[0] mail(s) info2005@fabiatech.com
[199] mail(s) ivy_chen@fabiatech.com
[20] mail(s) jacky@fabiatech.com
[1] mail(s) james@fabiatech.com
[2] mail(s) jeanne_jheng@fabiatech.com
[8] mail(s) jeffrey@fabiatech.com
[0] mail(s) jessica_chiang@fabiatech.com
[10] mail(s) kevin@fabiatech.com
[19] mail(s) kevinchang@fabiatech.com
[0] mail(s) maggie_shie@fabiatech.com
[51] mail(s) may_hsueh@fabiatech.com
[1] mail(s) morgan_lai@fabiatech.com
[2] mail(s) nicole_chen@fabiatech.com
[4] mail(s) pony@fabiatech.com
[13] mail(s) ray@fabiatech.com
[3] mail(s) ray_lin@fabiatech.com
[0] mail(s) rma@fabiatech.com
[5] mail(s) sales@fabiatech.com
[0] mail(s) sales2005@fabiatech.com
[13] mail(s) sandy_wu@fabiatech.com
[1] mail(s) sen_yu@fabiatech.com
[1] mail(s) support@fabiatech.com
[16] mail(s) todd@fabiatech.com
[5] mail(s) victor_hsu@fabiatech.com
[5] mail(s) sales@fabric999-hsh.com
[0] mail(s) famouship@famouship.com.tw
[67] mail(s) frank@famouship.com.tw
[0] mail(s) maggie@famouship.com.tw
[0] mail(s) viola@famouship.com.tw
[14] mail(s) chigo@fapro.com.tw
[1] mail(s) eric@fapro.com.tw
[1] mail(s) kevin@fapro.com.tw
[19] mail(s) public@fapro.com.tw
[0] mail(s) qq@fatec.com.tw
[33] mail(s) tom@fatec.com.tw
[500] mail(s) contact@fda2003.com
[3] mail(s) a490903@ferrite.com.tw
[1] mail(s) a530122@ferrite.com.tw
[36] mail(s) aa8703@ferrite.com.tw
[1] mail(s) alumi127@ferrite.com.tw
[7] mail(s) amo@ferrite.com.tw
[4] mail(s) ange0227@ferrite.com.tw
[1] mail(s) angel1106@ferrite.com.tw
[7] mail(s) apple@ferrite.com.tw
[47] mail(s) candy@ferrite.com.tw
[44] mail(s) chihjang@ferrite.com.tw
[9] mail(s) cyliu@ferrite.com.tw
[187] mail(s) cynthia@ferrite.com.tw
[20] mail(s) fang@ferrite.com.tw
[1] mail(s) jackeytang@ferrite.com.tw
[15] mail(s) jason@ferrite.com.tw
[8] mail(s) jc@ferrite.com.tw
[3] mail(s) jessie@ferrite.com.tw
[0] mail(s) karen@ferrite.com.tw
[8] mail(s) l0428@ferrite.com.tw
[26] mail(s) magnet@ferrite.com.tw
[7] mail(s) only@ferrite.com.tw
[72] mail(s) pin@ferrite.com.tw
[29] mail(s) racher@ferrite.com.tw
[34] mail(s) simon@ferrite.com.tw
[6] mail(s) sun@ferrite.com.tw
[1] mail(s) t3366@ferrite.com.tw
[5] mail(s) vivi@ferrite.com.tw
[4] mail(s) yang@ferrite.com.tw
[21] mail(s) aaron@fijittro.org.tw
[36] mail(s) alex@fijittro.org.tw
[13] mail(s) james@fijittro.org.tw
[4] mail(s) joyce@fijittro.org.tw
[1] mail(s) julie@fijittro.org.tw
[112] mail(s) levani@fijittro.org.tw
[9] mail(s) sai@fijittro.org.tw
[246] mail(s) taina@fijittro.org.tw
[0] mail(s) cindy@flyking.com.tw
[0] mail(s) dino@flyking.com.tw
[0] mail(s) emma@flyking.com.tw
[4] mail(s) eva@flyking.com.tw
[8] mail(s) jean@flyking.com.tw
[65] mail(s) jennifer@flyking.com.tw
[0] mail(s) karen@flyking.com.tw
[23] mail(s) maggie@flyking.com.tw
[133] mail(s) max@flyking.com.tw
[4] mail(s) wade@flyking.com.tw
[14] mail(s) acct@focuslight.com
[3] mail(s) amy@focuslight.com
[0] mail(s) asd123@focuslight.com
[5] mail(s) bl@focuslight.com
[0] mail(s) doris@focuslight.com
[0] mail(s) fmeng@focuslight.com
[31] mail(s) gary@focuslight.com
[22] mail(s) jessica@focuslight.com
[47] mail(s) joss@focuslight.com
[1] mail(s) kemin@focuslight.com
[44] mail(s) lchen@focuslight.com
[0] mail(s) lilia@focuslight.com
[98] mail(s) qa@focuslight.com
[5] mail(s) rd@focuslight.com
[2] mail(s) sam-yeh@focuslight.com
[0] mail(s) sunney@focuslight.com
[15] mail(s) uhp@focuslight.com
[2] mail(s) yako@focuslight.com
[7] mail(s) art@foodnews.com.tw
[41] mail(s) ching@foodnews.com.tw
[16] mail(s) julian@foodnews.com.tw
[30] mail(s) rouhlan@foodnews.com.tw
[0] mail(s) susan.wang@foodnews.com.tw
[0] mail(s) taffy@foodnews.com.tw
[2] mail(s) vincent@foodnews.com.tw
[23] mail(s) alex@fortex.com.tw
[17] mail(s) ameko@fortex.com.tw
[0] mail(s) anchu@fortex.com.tw
[4] mail(s) andre@fortex.com.tw
[4] mail(s) angel@fortex.com.tw
[35] mail(s) athena@fortex.com.tw
[4] mail(s) cam@fortex.com.tw
[8] mail(s) connie@fortex.com.tw
[17] mail(s) conrad@fortex.com.tw
[5] mail(s) csw@fortex.com.tw
[5] mail(s) dianna@fortex.com.tw
[7] mail(s) finna@fortex.com.tw
[2] mail(s) fortex@fortex.com.tw
[0] mail(s) gary@fortex.com.tw
[2] mail(s) ian@fortex.com.tw
[16] mail(s) iris@fortex.com.tw
[35] mail(s) jane@fortex.com.tw
[15] mail(s) jimmy@fortex.com.tw
[8] mail(s) kelly@fortex.com.tw
[1] mail(s) kitty@fortex.com.tw
[20] mail(s) lady@fortex.com.tw
[1] mail(s) lan@fortex.com.tw
[1] mail(s) lei@fortex.com.tw
[12] mail(s) lily@fortex.com.tw
[11] mail(s) magda@fortex.com.tw
[11] mail(s) meihua@fortex.com.tw
[4] mail(s) mike@fortex.com.tw
[32] mail(s) pearl@fortex.com.tw
[205] mail(s) peng@fortex.com.tw
[7] mail(s) rita@fortex.com.tw
[21] mail(s) sandy@fortex.com.tw
[3] mail(s) shirley@fortex.com.tw
[7] mail(s) steven@fortex.com.tw
[16] mail(s) sun@fortex.com.tw
[151] mail(s) tom@fortex.com.tw
[18] mail(s) young@fortex.com.tw
[1] mail(s) service@fsk2002.com.tw
[2] mail(s) service@galaxylighting.com.tw
[0] mail(s) fiona.lin@genechannel.com
[0] mail(s) hsuchun.liu@genechannel.com
[7] mail(s) litien.lee@genechannel.com
[10] mail(s) roger.ho@genechannel.com
[5] mail(s) tina.fu@genechannel.com
[1] mail(s) brad@george-tech.com.tw
[3] mail(s) connie@george-tech.com.tw
[12] mail(s) george@george-tech.com.tw
[3] mail(s) james@george-tech.com.tw
[3] mail(s) judy@george-tech.com.tw
[0] mail(s) mos@george-tech.com.tw
[0] mail(s) pole@george-tech.com.tw
[1] mail(s) tim@george-tech.com.tw
[167] mail(s) lydia@gfktwn.com.tw
[83] mail(s) market@gfktwn.com.tw
[0] mail(s) test@gfktwn.com.tw
[0] mail(s) emily@gianteec.com.tw
[46] mail(s) gianteec@gianteec.com.tw
[4] mail(s) kate@gianteec.com.tw
[0] mail(s) ping@gianteec.com.tw
[1] mail(s) tang@gianteec.com.tw
[5] mail(s) yin@gianteec.com.tw
[3] mail(s) clare@glorytech.net
[1] mail(s) davies@glorytech.net
[1] mail(s) jack@glorytech.net
[2] mail(s) lina@glorytech.net
[6] mail(s) service@glorytech.net
[1] mail(s) vivian@glorytech.net
[0] mail(s) goldenco@goldenco.com.tw
[5] mail(s) jessica@goldenco.com.tw
[0] mail(s) joan@goldenco.com.tw
[0] mail(s) juliana@goldenco.com.tw
[3] mail(s) mikechu@goldenco.com.tw
[0] mail(s) amitec@goodlcd.com.tw
[191] mail(s) amy@goodlcd.com.tw
[26] mail(s) annie@goodlcd.com.tw
[5] mail(s) chen@goodlcd.com.tw
[4] mail(s) cloudia@goodlcd.com.tw
[0] mail(s) enjoy@goodlcd.com.tw
[0] mail(s) enjoya@goodlcd.com.tw
[0] mail(s) ginger_lee@goodlcd.com.tw
[216] mail(s) goodlcd@goodlcd.com.tw
[26] mail(s) jacky@goodlcd.com.tw
[4] mail(s) james_yao@goodlcd.com.tw
[21] mail(s) joanne@goodlcd.com.tw
[3] mail(s) k.k@goodlcd.com.tw
[0] mail(s) mandy@goodlcd.com.tw
[4] mail(s) patrick@goodlcd.com.tw
[4] mail(s) pc@goodlcd.com.tw
[1] mail(s) samson@goodlcd.com.tw
[17] mail(s) sharon@goodlcd.com.tw
[0] mail(s) shelly@goodlcd.com.tw
[0] mail(s) sienna1999@goodlcd.com.tw
[7] mail(s) susan@goodlcd.com.tw
[17] mail(s) tan@goodlcd.com.tw
[27] mail(s) tiffany@goodlcd.com.tw
[2] mail(s) uan@goodlcd.com.tw
[115] mail(s) vicky@goodlcd.com.tw
[13] mail(s) willy@goodlcd.com.tw
[13] mail(s) a801092@gppc.com.tw
[0] mail(s) a801097@gppc.com.tw
[15] mail(s) a801158@gppc.com.tw
[1] mail(s) a801407@gppc.com.tw
[12] mail(s) an@gppc.com.tw
[430] mail(s) angela@gppc.com.tw
[5] mail(s) anteng@gppc.com.tw
[2] mail(s) ara1234@gppc.com.tw
[74] mail(s) aslin@gppc.com.tw
[9] mail(s) austini@gppc.com.tw
[23] mail(s) barly@gppc.com.tw
[3] mail(s) bill_wang@gppc.com.tw
[41] mail(s) carol@gppc.com.tw
[111] mail(s) cbhu@gppc.com.tw
[6] mail(s) cc@gppc.com.tw
[9] mail(s) ccwu@gppc.com.tw
[7] mail(s) ccy@gppc.com.tw
[3] mail(s) changtp@gppc.com.tw
[42] mail(s) chao0412@gppc.com.tw
[7] mail(s) chaotsungpin@gppc.com.tw
[4] mail(s) chen@gppc.com.tw
[2] mail(s) chengjlake@gppc.com.tw
[7] mail(s) chenshinan@gppc.com.tw
[14] mail(s) chiah@gppc.com.tw
[4] mail(s) chiangmw@gppc.com.tw
[7] mail(s) chiangst@gppc.com.tw
[5] mail(s) chihhou@gppc.com.tw
[4] mail(s) chin@gppc.com.tw
[8] mail(s) ching@gppc.com.tw
[16] mail(s) chinle@gppc.com.tw
[5] mail(s) christine@gppc.com.tw
[6] mail(s) chuanlu@gppc.com.tw
[82] mail(s) chungwc@gppc.com.tw
[3] mail(s) cilin@gppc.com.tw
[4] mail(s) ckltina@gppc.com.tw
[15] mail(s) clchang@gppc.com.tw
[7] mail(s) cllin@gppc.com.tw
[5] mail(s) clwu@gppc.com.tw
[4] mail(s) cmchou@gppc.com.tw
[16] mail(s) cmfang@gppc.com.tw
[10] mail(s) cpc@gppc.com.tw
[25] mail(s) cpchen@gppc.com.tw
[2] mail(s) cws@gppc.com.tw
[11] mail(s) daphne@gppc.com.tw
[0] mail(s) daweuy2@gppc.com.tw
[21] mail(s) edger@gppc.com.tw
[9] mail(s) elvis@gppc.com.tw
[7] mail(s) fang@gppc.com.tw
[11] mail(s) fanny@gppc.com.tw
[11] mail(s) felix_huang@gppc.com.tw
[18] mail(s) fion_hou@gppc.com.tw
[32] mail(s) fuhuatsao@gppc.com.tw
[123] mail(s) gary@gppc.com.tw
[67] mail(s) gppc@gppc.com.tw
[100] mail(s) gppcsales@gppc.com.tw
[0] mail(s) guard@gppc.com.tw
[8] mail(s) hcwu@gppc.com.tw
[99] mail(s) her@gppc.com.tw
[64] mail(s) hfchiang@gppc.com.tw
[15] mail(s) ho@gppc.com.tw
[99] mail(s) hong@gppc.com.tw
[14] mail(s) hrm@gppc.com.tw
[31] mail(s) hsieh@gppc.com.tw
[2] mail(s) hsieh938@gppc.com.tw
[25] mail(s) hsiu_ying@gppc.com.tw
[12] mail(s) hstuan@gppc.com.tw
[12] mail(s) hsueh@gppc.com.tw
[5] mail(s) hsumingchao@gppc.com.tw
[4] mail(s) huei@gppc.com.tw
[22] mail(s) jcliang@gppc.com.tw
[29] mail(s) jean@gppc.com.tw
[3] mail(s) jeng866@gppc.com.tw
[3] mail(s) jennifer@gppc.com.tw
[16] mail(s) john@gppc.com.tw
[7] mail(s) joletta@gppc.com.tw
[8] mail(s) joyce@gppc.com.tw
[3] mail(s) jsc@gppc.com.tw
[0] mail(s) jslan@gppc.com.tw
[12] mail(s) k069@gppc.com.tw
[3] mail(s) k071@gppc.com.tw
[7] mail(s) k079@gppc.com.tw
[3] mail(s) k086@gppc.com.tw
[29] mail(s) k425@gppc.com.tw
[38] mail(s) k501@gppc.com.tw
[2] mail(s) k502@gppc.com.tw
[1] mail(s) kbh@gppc.com.tw
[18] mail(s) khwu@gppc.com.tw
[2] mail(s) klaus@gppc.com.tw
[7] mail(s) kshuang@gppc.com.tw
[6] mail(s) kuei_ying@gppc.com.tw
[4] mail(s) kuni_chang@gppc.com.tw
[9] mail(s) kuo@gppc.com.tw
[8] mail(s) lan290@gppc.com.tw
[30] mail(s) laura@gppc.com.tw
[8] mail(s) law@gppc.com.tw
[7] mail(s) lawerence@gppc.com.tw
[8] mail(s) liaw@gppc.com.tw
[14] mail(s) lien@gppc.com.tw
[9] mail(s) lin123@gppc.com.tw
[5] mail(s) lincj@gppc.com.tw
[16] mail(s) linjuyi@gppc.com.tw
[245] mail(s) lins729@gppc.com.tw
[7] mail(s) liping@gppc.com.tw
[6] mail(s) liusc@gppc.com.tw
[61] mail(s) lu@gppc.com.tw
[0] mail(s) marklin@gppc.com.tw
[4] mail(s) mcl@gppc.com.tw
[13] mail(s) meigen@gppc.com.tw
[13] mail(s) meiling@gppc.com.tw
[11] mail(s) ming@gppc.com.tw
[25] mail(s) myshen@gppc.com.tw
[7] mail(s) mywang@gppc.com.tw
[50] mail(s) nicole@gppc.com.tw
[3] mail(s) patty@gppc.com.tw
[58] mail(s) pauline@gppc.com.tw
[6] mail(s) pcyang@gppc.com.tw
[5] mail(s) phwang@gppc.com.tw
[5] mail(s) pong@gppc.com.tw
[4] mail(s) robert@gppc.com.tw
[183] mail(s) rtyang@gppc.com.tw
[94] mail(s) ruby@gppc.com.tw
[90] mail(s) sandy@gppc.com.tw
[10] mail(s) sclee@gppc.com.tw
[12] mail(s) sentra@gppc.com.tw
[2] mail(s) services@gppc.com.tw
[19] mail(s) sfchang@gppc.com.tw
[13] mail(s) sfchou@gppc.com.tw
[8] mail(s) sfliu@gppc.com.tw
[15] mail(s) sjy@gppc.com.tw
[0] mail(s) sm2@gppc.com.tw
[0] mail(s) solomon_lou@gppc.com.tw
[80] mail(s) stc@gppc.com.tw
[13] mail(s) sylvia@gppc.com.tw
[100] mail(s) tecshf@gppc.com.tw
[41] mail(s) tecta@gppc.com.tw
[112] mail(s) tecwei@gppc.com.tw
[23] mail(s) thur@gppc.com.tw
[2] mail(s) tjwang@gppc.com.tw
[35] mail(s) tmchang@gppc.com.tw
[3] mail(s) tml105@gppc.com.tw
[0] mail(s) tnc106@gppc.com.tw
[12] mail(s) tseng@gppc.com.tw
[115] mail(s) tsmao@gppc.com.tw
[12] mail(s) vlin@gppc.com.tw
[13] mail(s) wangchenghua@gppc.com.tw
[20] mail(s) wangyt@gppc.com.tw
[8] mail(s) wctsai@gppc.com.tw
[1] mail(s) weeklyreport@gppc.com.tw
[3] mail(s) wejn@gppc.com.tw
[4] mail(s) wen4498@gppc.com.tw
[1] mail(s) wslin@gppc.com.tw
[5] mail(s) yangshiowmei@gppc.com.tw
[3] mail(s) yao.may@gppc.com.tw
[6] mail(s) yau@gppc.com.tw
[5] mail(s) ycm@gppc.com.tw
[0] mail(s) yeong@gppc.com.tw
[549] mail(s) ytlin@gppc.com.tw
[3] mail(s) yuan@gppc.com.tw
[0] mail(s) ney@greenmagic.com.tw
[0] mail(s) order@greenmagic.com.tw
[0] mail(s) qna@greenmagic.com.tw
[0] mail(s) service@greenmagic.com.tw
[0] mail(s) simon@greenmagic.com.tw
[13] mail(s) agnes@heli-ocean.com.tw
[18] mail(s) alex@heli-ocean.com.tw
[24] mail(s) alexl@heli-ocean.com.tw
[0] mail(s) allenh@heli-ocean.com.tw
[1] mail(s) allenl@heli-ocean.com.tw
[0] mail(s) amanda@heli-ocean.com.tw
[6] mail(s) amyw@heli-ocean.com.tw
[6] mail(s) andyl@heli-ocean.com.tw
[1] mail(s) arma@heli-ocean.com.tw
[35] mail(s) arthurh@heli-ocean.com.tw
[10] mail(s) avery@heli-ocean.com.tw
[6] mail(s) beauc@heli-ocean.com.tw
[0] mail(s) bess@heli-ocean.com.tw
[4] mail(s) bonnieh@heli-ocean.com.tw
[10] mail(s) buffyl@heli-ocean.com.tw
[7] mail(s) candyt@heli-ocean.com.tw
[8] mail(s) daffodil@heli-ocean.com.tw
[9] mail(s) davidc@heli-ocean.com.tw
[5] mail(s) davidf@heli-ocean.com.tw
[14] mail(s) dickc@heli-ocean.com.tw
[0] mail(s) doris@heli-ocean.com.tw
[41] mail(s) fei@heli-ocean.com.tw
[0] mail(s) huang@heli-ocean.com.tw
[2] mail(s) jackt@heli-ocean.com.tw
[2] mail(s) jasonw@heli-ocean.com.tw
[3] mail(s) jensen@heli-ocean.com.tw
[3] mail(s) joan@heli-ocean.com.tw
[13] mail(s) joanna@heli-ocean.com.tw
[2] mail(s) joyceh@heli-ocean.com.tw
[0] mail(s) kenton@heli-ocean.com.tw
[12] mail(s) kevinh@heli-ocean.com.tw
[14] mail(s) kylec@heli-ocean.com.tw
[0] mail(s) laura@heli-ocean.com.tw
[5] mail(s) martinl@heli-ocean.com.tw
[9] mail(s) mavis@heli-ocean.com.tw
[5] mail(s) max@heli-ocean.com.tw
[0] mail(s) mayc@heli-ocean.com.tw
[3] mail(s) patrickl@heli-ocean.com.tw
[3] mail(s) paul@heli-ocean.com.tw
[4] mail(s) rainey@heli-ocean.com.tw
[47] mail(s) robert@heli-ocean.com.tw
[10] mail(s) roxanne@heli-ocean.com.tw
[6] mail(s) sales@heli-ocean.com.tw
[0] mail(s) service@heli-ocean.com.tw
[1] mail(s) shun@heli-ocean.com.tw
[10] mail(s) stevel@heli-ocean.com.tw
[7] mail(s) ted_chen@heli-ocean.com.tw
[9] mail(s) vivianl@heli-ocean.com.tw
[1] mail(s) yvonne@heli-ocean.com.tw
[0] mail(s) amylin@heliopolis.com.tw
[7] mail(s) ann@heliopolis.com.tw
[1] mail(s) chungwutsai@heliopolis.com.tw
[3] mail(s) chunlin@heliopolis.com.tw
[11] mail(s) clara@heliopolis.com.tw
[1] mail(s) clare@heliopolis.com.tw
[2] mail(s) evon@heliopolis.com.tw
[2] mail(s) fangfang@heliopolis.com.tw
[0] mail(s) graceyang@heliopolis.com.tw
[0] mail(s) hungsm@heliopolis.com.tw
[2] mail(s) jill@heliopolis.com.tw
[0] mail(s) jimmychang@heliopolis.com.tw
[0] mail(s) juno@heliopolis.com.tw
[4] mail(s) michael@heliopolis.com.tw
[0] mail(s) osirisone@heliopolis.com.tw
[9] mail(s) rita@heliopolis.com.tw
[7] mail(s) sandra@heliopolis.com.tw
[5] mail(s) sara@heliopolis.com.tw
[4] mail(s) service@heliopolis.com.tw
[3] mail(s) sharonlin@heliopolis.com.tw
[2] mail(s) tony@heliopolis.com.tw
[2] mail(s) trudy@heliopolis.com.tw
[3] mail(s) ycchang@heliopolis.com.tw
[0] mail(s) yuying@heliopolis.com.tw
[0] mail(s) bumi@hellodisc.com.tw
[0] mail(s) cherry@hellodisc.com.tw
[5] mail(s) gavin@hellodisc.com.tw
[3] mail(s) info@hellodisc.com.tw
[11] mail(s) kevin@hellodisc.com.tw
[0] mail(s) kimi@hellodisc.com.tw
[0] mail(s) nicole@hellodisc.com.tw
[8] mail(s) paco@hellodisc.com.tw
[67] mail(s) sys@hellodisc.com.tw
[2] mail(s) tina@hellodisc.com.tw
[45] mail(s) antony@highpull.com.tw
[9] mail(s) edison@highpull.com.tw
[78] mail(s) housman@highpull.com.tw
[2] mail(s) jerry@highpull.com.tw
[0] mail(s) reiner@highpull.com.tw
[35] mail(s) service@highpull.com.tw
[4] mail(s) taimin@highpull.com.tw
[26] mail(s) vinson@highpull.com.tw
[11] mail(s) wendy@highpull.com.tw
[10] mail(s) amy@hilltop.com.tw
[13] mail(s) belinda@hilltop.com.tw
[2] mail(s) dennis@hilltop.com.tw
[2] mail(s) edi@hilltop.com.tw
[24] mail(s) emily@hilltop.com.tw
[3] mail(s) hsiang@hilltop.com.tw
[0] mail(s) jack@hilltop.com.tw
[0] mail(s) james@hilltop.com.tw
[12] mail(s) jean@hilltop.com.tw
[25] mail(s) jenny@hilltop.com.tw
[5] mail(s) joanne@hilltop.com.tw
[109] mail(s) julia@hilltop.com.tw
[31] mail(s) lct@hilltop.com.tw
[85] mail(s) lmh@hilltop.com.tw
[27] mail(s) love@hilltop.com.tw
[6] mail(s) nico@hilltop.com.tw
[15] mail(s) patience@hilltop.com.tw
[28] mail(s) peter@hilltop.com.tw
[666] mail(s) service@hilltop.com.tw
[7] mail(s) terry@hilltop.com.tw
[3] mail(s) tiffeny@hilltop.com.tw
[4] mail(s) vicky@hilltop.com.tw
[5] mail(s) vincent@hilltop.com.tw
[0] mail(s) anita@hitechs.com.tw
[0] mail(s) christina@hitechs.com.tw
[0] mail(s) ht@hitechs.com.tw
[3] mail(s) jessica@hitechs.com.tw
[0] mail(s) judy@hitechs.com.tw
[0] mail(s) marine@hitechs.com.tw
[1] mail(s) matt@hitechs.com.tw
[2] mail(s) joan@hontek-tw.com.tw
[6] mail(s) jolynn@hontek-tw.com.tw
[1] mail(s) karen@hontek-tw.com.tw
[12] mail(s) valerie@hontek-tw.com.tw
[0] mail(s) eva@hotpops.com.tw
[0] mail(s) jean@hotpops.com.tw
[0] mail(s) karen@hotpops.com.tw
[61] mail(s) maggie@hotpops.com.tw
[0] mail(s) way@hotpops.com.tw
[0] mail(s) ben@hpctaiwan.com
[0] mail(s) christine@hpctaiwan.com
[10] mail(s) ellen@hpctaiwan.com
[0] mail(s) fang_yeh@hpctaiwan.com
[5] mail(s) hpc@hpctaiwan.com
[379] mail(s) jeff@hpctaiwan.com
[3] mail(s) joyce@hpctaiwan.com
[2] mail(s) kevin@hpctaiwan.com
[5] mail(s) ray@hpctaiwan.com
[2] mail(s) samuel@hpctaiwan.com
[4] mail(s) standly@hpctaiwan.com
[2] mail(s) 0921@hs-tech.com.tw
[0] mail(s) 813@hs-tech.com.tw
[2] mail(s) 826@hs-tech.com.tw
[1] mail(s) 827@hs-tech.com.tw
[0] mail(s) 828@hs-tech.com.tw
[20] mail(s) 836@hs-tech.com.tw
[0] mail(s) alan_teng@hs-tech.com.tw
[3] mail(s) cct@hs-tech.com.tw
[1] mail(s) chen@hs-tech.com.tw
[1] mail(s) hs-tech@hs-tech.com.tw
[1] mail(s) jason@hs-tech.com.tw
[0] mail(s) jeff@hs-tech.com.tw
[4] mail(s) jerry_chen@hs-tech.com.tw
[3] mail(s) kenny@hs-tech.com.tw
[4] mail(s) ramy@hs-tech.com.tw
[2] mail(s) rhl@hs-tech.com.tw
[4] mail(s) cjwu@hsinyu.com.tw
[1] mail(s) ckhuang@hsinyu.com.tw
[30] mail(s) crystalwu@hsinyu.com.tw
[4] mail(s) cylin@hsinyu.com.tw
[30] mail(s) darrenwu@hsinyu.com.tw
[0] mail(s) dnchen@hsinyu.com.tw
[29] mail(s) evajeng@hsinyu.com.tw
[7] mail(s) gracelee@hsinyu.com.tw
[99] mail(s) hsinchu1@hsinyu.com.tw
[1] mail(s) hsinchu2@hsinyu.com.tw
[1] mail(s) kensu@hsinyu.com.tw
[0] mail(s) liangchang@hsinyu.com.tw
[18] mail(s) lisayeh@hsinyu.com.tw
[3] mail(s) scottliu@hsinyu.com.tw
[2] mail(s) stanleyliu@hsinyu.com.tw
[18] mail(s) wplin@hsinyu.com.tw
[1] mail(s) yvonnechen@hsinyu.com.tw
[0] mail(s) scottliao@hydra.com.tw
[9] mail(s) chin@iavx.com.tw
[2] mail(s) jason@iavx.com.tw
[0] mail(s) vincent@iavx.com.tw
[139] mail(s) aj@ichu.com.tw
[0] mail(s) betty@ichu.com.tw
[17] mail(s) chen@ichu.com.tw
[2] mail(s) chris@ichu.com.tw
[0] mail(s) donna@ichu.com.tw
[24] mail(s) lisa@ichu.com.tw
[0] mail(s) lobo@ichu.com.tw
[2] mail(s) mason@ichu.com.tw
[33] mail(s) peter@ichu.com.tw
[441] mail(s) service@ichu.com.tw
[85] mail(s) susan@ichu.com.tw
[0] mail(s) if@ifmode.com
[0] mail(s) david.lee@imtec.com.tw
[0] mail(s) fanny@imtec.com.tw
[0] mail(s) leon.tsai@imtec.com.tw
[0] mail(s) morning.tsai@imtec.com.tw
[6] mail(s) steve.hsu@imtec.com.tw
[0] mail(s) tommy.chen@imtec.com.tw
[20] mail(s) alice@infotec.com.tw
[1] mail(s) claire@infotec.com.tw
[0] mail(s) fred@infotec.com.tw
[1028] mail(s) freda@infotec.com.tw
[0] mail(s) samyuan@infotec.com.tw
[43] mail(s) service@infotec.com.tw
[0] mail(s) steven@infotec.com.tw
[3] mail(s) william@infotec.com.tw
[131] mail(s) michaelchang@inkcom.com.tw
[0] mail(s) service@inkcom.com.tw
[0] mail(s) andrew@inktec.com.tw
[8] mail(s) service@inktec.com.tw
[3] mail(s) alanweng@iptec.com.tw
[35] mail(s) alexkuo@iptec.com.tw
[0] mail(s) alextsai@iptec.com.tw
[1] mail(s) anniewu@iptec.com.tw
[0] mail(s) coscattseng@iptec.com.tw
[0] mail(s) doralee@iptec.com.tw
[10] mail(s) eileenchiu@iptec.com.tw
[29] mail(s) ericchuang@iptec.com.tw
[166] mail(s) evaliu@iptec.com.tw
[0] mail(s) evelynhua@iptec.com.tw
[57] mail(s) jacktau@iptec.com.tw
[46] mail(s) jasonhuang@iptec.com.tw
[0] mail(s) johannawu@iptec.com.tw
[33] mail(s) kiddershen@iptec.com.tw
[1] mail(s) mandylin@iptec.com.tw
[193] mail(s) marketing@iptec.com.tw
[11] mail(s) maylin@iptec.com.tw
[2] mail(s) michelleliu@iptec.com.tw
[4] mail(s) phoebefan@iptec.com.tw
[0] mail(s) phoebefeng@iptec.com.tw
[0] mail(s) pingao@iptec.com.tw
[0] mail(s) richardyang@iptec.com.tw
[1] mail(s) ritalai@iptec.com.tw
[24] mail(s) rogerkang@iptec.com.tw
[68] mail(s) ryanchen@iptec.com.tw
[33] mail(s) sabrinalee@iptec.com.tw
[53] mail(s) service@iptec.com.tw
[0] mail(s) stevenchuang@iptec.com.tw
[23] mail(s) teresayang@iptec.com.tw
[0] mail(s) tipo_iptec@iptec.com.tw
[33] mail(s) williamchen@iptec.com.tw
[0] mail(s) bon@ite-corp.com
[10] mail(s) cheng-wei@ite-corp.com
[0] mail(s) chousc@ite-corp.com
[45] mail(s) david@ite-corp.com
[0] mail(s) debby@ite-corp.com
[34] mail(s) dennis@ite-corp.com
[3] mail(s) duck@ite-corp.com
[2] mail(s) eason@ite-corp.com
[2] mail(s) fun@ite-corp.com
[0] mail(s) h_s_chen28@ite-corp.com
[0] mail(s) im77@ite-corp.com
[49] mail(s) johnny@ite-corp.com
[0] mail(s) juei28@ite-corp.com
[0] mail(s) linda@ite-corp.com
[0] mail(s) mcliu@ite-corp.com
[1] mail(s) mingchu@ite-corp.com
[0] mail(s) minyi0@ite-corp.com
[0] mail(s) peigi@ite-corp.com
[0] mail(s) richardc@ite-corp.com
[1] mail(s) sharon@ite-corp.com
[11] mail(s) summer@ite-corp.com
[3] mail(s) swh@ite-corp.com
[19] mail(s) sy@ite-corp.com
[9] mail(s) tsenkuei@ite-corp.com
[0] mail(s) vivian@ite-corp.com
[4] mail(s) wtcheng@ite-corp.com
[23] mail(s) wyd@ite-corp.com
[0] mail(s) yeh@ite-corp.com
[78] mail(s) jackie@jackiesunny.com.tw
[5] mail(s) jackie1@jackiesunny.com.tw
[0] mail(s) sunny@jackiesunny.com.tw
[10] mail(s) sunny1@jackiesunny.com.tw
[2] mail(s) jiannder2@jiannder.com.tw
[19] mail(s) avis@jiuhshin.com
[21] mail(s) carol@jiuhshin.com
[0] mail(s) emma@jiuhshin.com
[0] mail(s) honda@jiuhshin.com
[435] mail(s) jiuhshin@jiuhshin.com
[0] mail(s) js@jiuhshin.com
[1] mail(s) mavis@jiuhshin.com
[0] mail(s) rita@jiuhshin.com
[24] mail(s) sales@jiuhshin.com
[95] mail(s) tina@jiuhshin.com
[0] mail(s) tt@jiuhshin.com
[93] mail(s) vanessa@jiuhshin.com
[1] mail(s) eddy.chen@jsicom.com.tw
[0] mail(s) hui@jsicom.com.tw
[0] mail(s) ivan.chen@jsicom.com.tw
[21] mail(s) jackly@jsicom.com.tw
[344] mail(s) jerry@jsicom.com.tw
[1] mail(s) reaky@jsicom.com.tw
[0] mail(s) shb@jsicom.com.tw
[1] mail(s) vanessa@jsicom.com.tw
[4] mail(s) daveliao@jtonsys.com
[0] mail(s) herman@jtonsys.com
[1] mail(s) hershow@jtonsys.com
[2] mail(s) marvin@jtonsys.com
[0] mail(s) monchi@jtonsys.com
[18] mail(s) sam@jtonsys.com
[0] mail(s) chiang@justherb.com.tw
[6] mail(s) grace@justherb.com.tw
[2] mail(s) kevin@justherb.com.tw
[2] mail(s) luieis@justherb.com.tw
[8] mail(s) mayhsin@justherb.com.tw
[3] mail(s) moon@justherb.com.tw
[34] mail(s) nancy@justherb.com.tw
[10] mail(s) sure@justherb.com.tw
[12] mail(s) sylvia@justherb.com.tw
[2] mail(s) tiny@justherb.com.tw
[0] mail(s) cservice@kdi.com.tw
[0] mail(s) fang@kdi.com.tw
[0] mail(s) irene@kdi.com.tw
[0] mail(s) jason@kdi.com.tw
[0] mail(s) mitchell@kdi.com.tw
[14] mail(s) product@kdi.com.tw
[125] mail(s) richard@kdi.com.tw
[5] mail(s) training@kdi.com.tw
[293] mail(s) ykchen@kdi.com.tw
[53] mail(s) betty@keewah.com.tw
[2] mail(s) jojo@keewah.com.tw
[1] mail(s) kelly@keewah.com.tw
[1] mail(s) max@keewah.com.tw
[24] mail(s) pat@keewah.com.tw
[1] mail(s) sandy@keewah.com.tw
[5] mail(s) st@keewah.com.tw
[24] mail(s) syl@keewah.com.tw
[0] mail(s) chris@konlin.com.tw
[41] mail(s) fusunlin18@konlin.com.tw
[9] mail(s) ivy@konlin.com.tw
[43] mail(s) jack@konlin.com.tw
[5] mail(s) jenlin@konlin.com.tw
[8] mail(s) kaede@konlin.com.tw
[0] mail(s) karlking@konlin.com.tw
[30] mail(s) meggy@konlin.com.tw
[32] mail(s) mei@konlin.com.tw
[0] mail(s) tim@konlin.com.tw
[16] mail(s) tina36154@konlin.com.tw
[0] mail(s) wilson@konlin.com.tw
[2] mail(s) yujui_lin@konlin.com.tw
[298] mail(s) alb@lavita.com.tw
[0] mail(s) china@lavita.com.tw
[1] mail(s) eric@lavita.com.tw
[1] mail(s) fian@lavita.com.tw
[2] mail(s) krissy@lavita.com.tw
[100] mail(s) lavita@lavita.com.tw
[0] mail(s) service@lavita.com.tw
[67] mail(s) smart@lavita.com.tw
[0] mail(s) taiwan@lavita.com.tw
[292] mail(s) tiya@lavita.com.tw
[29] mail(s) anie@law100.com.tw
[1] mail(s) annie@law100.com.tw
[2] mail(s) chin@law100.com.tw
[201] mail(s) client@law100.com.tw
[10] mail(s) fan@law100.com.tw
[2] mail(s) lee@law100.com.tw
[83] mail(s) thales@law100.com.tw
[0] mail(s) wenggy@law100.com.tw
[495] mail(s) law@lawtw.net
[65] mail(s) law104@lawtw.net
[25] mail(s) lawyer@lawtw.net
[4] mail(s) lawyer007@lawtw.net
[2] mail(s) service@lawtw.net
[5] mail(s) twlawyer@lawtw.net
[0] mail(s) amanda.kuo@lhccpa.com.tw
[0] mail(s) anko.huang@lhccpa.com.tw
[39] mail(s) aparecium@lhccpa.com.tw
[0] mail(s) betty.yang@lhccpa.com.tw
[3] mail(s) brucechung@lhccpa.com.tw
[24] mail(s) chinllee@lhccpa.com.tw
[0] mail(s) dingo.chou@lhccpa.com.tw
[1] mail(s) eunice@lhccpa.com.tw
[0] mail(s) j.c.@lhccpa.com.tw
[0] mail(s) jessica.hsaio@lhccpa.com.tw
[0] mail(s) jessiesue.sue@lhccpa.com.tw
[28] mail(s) krystalhsiao@lhccpa.com.tw
[0] mail(s) lisa.lin@lhccpa.com.tw
[0] mail(s) max.chang@lhccpa.com.tw
[0] mail(s) may.liao@lhccpa.com.tw
[0] mail(s) mini.hsaio@lhccpa.com.tw
[0] mail(s) peishun.lan@lhccpa.com.tw
[4] mail(s) proust.chuang@lhccpa.com.tw
[0] mail(s) rita.lin@lhccpa.com.tw
[0] mail(s) scott.hsieh@lhccpa.com.tw
[0] mail(s) slash.tseng@lhccpa.com.tw
[3] mail(s) smile.huang@lhccpa.com.tw
[1] mail(s) susan@lhccpa.com.tw
[0] mail(s) yuhan.lu@lhccpa.com.tw
[0] mail(s) yukiko.tsai@lhccpa.com.tw
[6] mail(s) angel@lianyivi.com.tw
[26] mail(s) ernesthuang@lianyivi.com.tw
[2] mail(s) jason@lianyivi.com.tw
[1] mail(s) mandy@lianyivi.com.tw
[370] mail(s) minno@lianyivi.com.tw
[0] mail(s) sales@lianyivi.com.tw
[4] mail(s) vincent@lianyivi.com.tw
[2] mail(s) anne@liu-law.com.tw
[44] mail(s) client@liu-law.com.tw
[2] mail(s) hata@liu-law.com.tw
[32] mail(s) liu@liu-law.com.tw
[20] mail(s) mico@liu-law.com.tw
[9] mail(s) pichiu@liu-law.com.tw
[15] mail(s) teresa@liu-law.com.tw
[2] mail(s) aom@livingpro.com.tw
[4] mail(s) cindy.jeng@livingpro.com.tw
[13] mail(s) eileen.yao@livingpro.com.tw
[3] mail(s) jerry.yang@livingpro.com.tw
[1] mail(s) kade@livingpro.com.tw
[0] mail(s) mac.lin@livingpro.com.tw
[1] mail(s) mod@livingpro.com.tw
[648] mail(s) service@livingpro.com.tw
[2] mail(s) stephanie.chen@livingpro.com.tw
[0] mail(s) steve.hsu@livingpro.com.tw
[2] mail(s) tammy.tang@livingpro.com.tw
[12] mail(s) tina.lee@livingpro.com.tw
[3] mail(s) ann@lma.com.tw
[0] mail(s) jenny@lma.com.tw
[0] mail(s) jessie@lma.com.tw
[4] mail(s) ken@lma.com.tw
[0] mail(s) mia@lma.com.tw
[0] mail(s) nicole@lma.com.tw
[24] mail(s) patrick@lma.com.tw
[1] mail(s) rita@lma.com.tw
[1] mail(s) steve@lma.com.tw
[2] mail(s) waylon@lma.com.tw
[0] mail(s) bunny_chen@lobos.com.tw
[0] mail(s) gino_tzeng@lobos.com.tw
[2] mail(s) jason_yen@lobos.com.tw
[90] mail(s) ksakurada@lobos.com.tw
[0] mail(s) landy_chen@lobos.com.tw
[9] mail(s) sales@lobos.com.tw
[0] mail(s) support@lobos.com.tw
[6] mail(s) vincent_lee@lobos.com.tw
[0] mail(s) webmaster@lobos.com.tw
[3] mail(s) wendy_tsai@lobos.com.tw
[0] mail(s) allen@lumbini.com.tw
[0] mail(s) country@lumbini.com.tw
[36] mail(s) janekung@lumbini.com.tw
[0] mail(s) nica@lumbini.com.tw
[2] mail(s) serdar@lumbini.com.tw
[12] mail(s) service@lumbini.com.tw
[1] mail(s) alan@magnet.com.tw
[1] mail(s) alissa@magnet.com.tw
[8] mail(s) david@magnet.com.tw
[2] mail(s) fanny@magnet.com.tw
[8] mail(s) jimchang@magnet.com.tw
[12] mail(s) joyce@magnet.com.tw
[2] mail(s) keke@magnet.com.tw
[0] mail(s) kelly@magnet.com.tw
[0] mail(s) kerin@magnet.com.tw
[3] mail(s) maruko@magnet.com.tw
[0] mail(s) marx@magnet.com.tw
[486] mail(s) service@magnet.com.tw
[21] mail(s) tarker@magnet.com.tw
[11] mail(s) yvonne@magnet.com.tw
[83] mail(s) admin@magtekcontrol.com.tw
[1] mail(s) amanda@magtekcontrol.com.tw
[115] mail(s) flexchen@magtekcontrol.com.tw
[8] mail(s) joyce@magtekcontrol.com.tw
[11] mail(s) kevin@magtekcontrol.com.tw
[30] mail(s) michael@magtekcontrol.com.tw
[143] mail(s) sales@magtekcontrol.com.tw
[44] mail(s) vic@magtekcontrol.com.tw
[1928] mail(s) support@mail.anco.com.tw
[17] mail(s) howard@mail.howard.com.tw
[30] mail(s) karen@mail.howard.com.tw
[0] mail(s) nancy@mail.howard.com.tw
[4] mail(s) tina@mail.howard.com.tw
[18] mail(s) bill@mail.joupo.com
[18] mail(s) catherine@mail.joupo.com
[48] mail(s) davidjou@mail.joupo.com
[4] mail(s) duncan@mail.joupo.com
[29] mail(s) elisa@mail.joupo.com
[7] mail(s) fang@mail.joupo.com
[0] mail(s) fl@mail.joupo.com
[1] mail(s) fornix@mail.joupo.com
[7] mail(s) frank@mail.joupo.com
[1] mail(s) grantjou@mail.joupo.com
[2] mail(s) hsinyi@mail.joupo.com
[1] mail(s) ikumi@mail.joupo.com
[9] mail(s) ivy@mail.joupo.com
[1] mail(s) julie@mail.joupo.com
[15] mail(s) laura@mail.joupo.com
[4] mail(s) rita@mail.joupo.com
[2] mail(s) rosalind@mail.joupo.com
[24] mail(s) service@mail.joupo.com
[1] mail(s) sherry@mail.joupo.com
[0] mail(s) shimo@mail.joupo.com
[2] mail(s) sophia@mail.joupo.com
[0] mail(s) sophy@mail.joupo.com
[7] mail(s) steven@mail.joupo.com
[2] mail(s) tina@mail.joupo.com
[2] mail(s) wanling@mail.joupo.com
[3] mail(s) wendy@mail.joupo.com
[0] mail(s) wenfei@mail.joupo.com
[0] mail(s) yuka@mail.joupo.com
[2] mail(s) zhiren@mail.joupo.com
[0] mail(s) alice@maistek.com.tw
[5] mail(s) audrey@maistek.com.tw
[0] mail(s) bem@maistek.com.tw
[7] mail(s) david@maistek.com.tw
[7] mail(s) eugene@maistek.com.tw
[0] mail(s) hptu@maistek.com.tw
[2] mail(s) jacky@maistek.com.tw
[2] mail(s) jane@maistek.com.tw
[18] mail(s) lindon@maistek.com.tw
[34] mail(s) mark@maistek.com.tw
[4] mail(s) max@maistek.com.tw
[4] mail(s) miranda@maistek.com.tw
[0] mail(s) ryan@maistek.com.tw
[5] mail(s) sales@maistek.com.tw
[19] mail(s) wufrank@maistek.com.tw
[0] mail(s) hachi@majestic-pets.com
[0] mail(s) horlic@majestic-pets.com
[0] mail(s) kevin@majestic-pets.com
[0] mail(s) tedl@majestic-pets.com
[1] mail(s) alice@mega-force.com.tw
[2] mail(s) angel@mega-force.com.tw
[1] mail(s) candy@mega-force.com.tw
[7] mail(s) ivy@mega-force.com.tw
[3] mail(s) jack@mega-force.com.tw
[32] mail(s) jfchen@mega-force.com.tw
[2] mail(s) michael@mega-force.com.tw
[2] mail(s) robert@mega-force.com.tw
[1] mail(s) ya-fen@mega-force.com.tw
[2] mail(s) johnson@melodytech.com
[0] mail(s) linda@melodytech.com
[51] mail(s) richard@melodytech.com
[207] mail(s) finance@micro-view.com.tw
[143] mail(s) johnny@micro-view.com.tw
[107] mail(s) kelly@micro-view.com.tw
[130] mail(s) sales@micro-view.com.tw
[15] mail(s) shipping@micro-view.com.tw
[100] mail(s) helen@minwe.com.tw
[5] mail(s) joey@minwe.com.tw
[0] mail(s) joywu@minwe.com.tw
[3] mail(s) peter@minwe.com.tw
[234] mail(s) rangmei@minwe.com.tw
[1] mail(s) sales@minwe.com.tw
[0] mail(s) tsai@minwe.com.tw
[0] mail(s) wendy@minwe.com.tw
[36] mail(s) wenlang@minwe.com.tw
[104] mail(s) darren@mtrend.com.tw
[1] mail(s) david@mtrend.com.tw
[6] mail(s) grace@mtrend.com.tw
[0] mail(s) henry@mtrend.com.tw
[0] mail(s) kong@mtrend.com.tw
[0] mail(s) michael@mtrend.com.tw
[7] mail(s) pair@mtrend.com.tw
[0] mail(s) peter@mtrend.com.tw
[2] mail(s) teresa@mtrend.com.tw
[259] mail(s) service@naycherng.com.tw
[246] mail(s) yang@naycherng.com.tw
[70] mail(s) amy@neomed.com.tw
[1] mail(s) angel@neomed.com.tw
[0] mail(s) anne@neomed.com.tw
[27] mail(s) aries@neomed.com.tw
[23] mail(s) boblin@neomed.com.tw
[99] mail(s) carol@neomed.com.tw
[2] mail(s) cerrin@neomed.com.tw
[0] mail(s) evilufox@neomed.com.tw
[4] mail(s) fiona@neomed.com.tw
[0] mail(s) fish@neomed.com.tw
[12] mail(s) janice@neomed.com.tw
[0] mail(s) jason@neomed.com.tw
[0] mail(s) jerry@neomed.com.tw
[8] mail(s) jessica@neomed.com.tw
[59] mail(s) joseph@neomed.com.tw
[2] mail(s) justine@neomed.com.tw
[1] mail(s) michelle@neomed.com.tw
[4] mail(s) nick@neomed.com.tw
[86] mail(s) nielliu@neomed.com.tw
[2] mail(s) shu@neomed.com.tw
[1] mail(s) sophia@neomed.com.tw
[1] mail(s) tina@neomed.com.tw
[7] mail(s) vincent@neomed.com.tw
[6] mail(s) vivi@neomed.com.tw
[4] mail(s) yukichin@neomed.com.tw
[5] mail(s) a1001@neostones.com.tw
[65] mail(s) a1002@neostones.com.tw
[17] mail(s) a1003@neostones.com.tw
[144] mail(s) a1004@neostones.com.tw
[0] mail(s) a1005@neostones.com.tw
[1] mail(s) a1006@neostones.com.tw
[49] mail(s) a1007@neostones.com.tw
[40] mail(s) a1008@neostones.com.tw
[0] mail(s) a1009@neostones.com.tw
[36] mail(s) a1011@neostones.com.tw
[13] mail(s) a1012@neostones.com.tw
[0] mail(s) a1013@neostones.com.tw
[5] mail(s) a1016@neostones.com.tw
[60] mail(s) a1017@neostones.com.tw
[1] mail(s) a1018@neostones.com.tw
[4] mail(s) a1019@neostones.com.tw
[27] mail(s) a1020@neostones.com.tw
[41] mail(s) a1026@neostones.com.tw
[19] mail(s) a1027@neostones.com.tw
[1] mail(s) a1028@neostones.com.tw
[15] mail(s) a1030@neostones.com.tw
[38] mail(s) a1031@neostones.com.tw
[3] mail(s) a1033@neostones.com.tw
[39] mail(s) a1034@neostones.com.tw
[0] mail(s) a1038@neostones.com.tw
[0] mail(s) a1039@neostones.com.tw
[40] mail(s) a1040@neostones.com.tw
[3] mail(s) a1042@neostones.com.tw
[31] mail(s) a1043@neostones.com.tw
[34] mail(s) a1044@neostones.com.tw
[0] mail(s) a1045@neostones.com.tw
[0] mail(s) a1047@neostones.com.tw
[0] mail(s) a1048@neostones.com.tw
[37] mail(s) a1049@neostones.com.tw
[63] mail(s) a1051@neostones.com.tw
[3] mail(s) a1052@neostones.com.tw
[1] mail(s) a1053@neostones.com.tw
[56] mail(s) a1054@neostones.com.tw
[32] mail(s) a2001@neostones.com.tw
[2] mail(s) a2002@neostones.com.tw
[21] mail(s) a2004@neostones.com.tw
[5] mail(s) a2005@neostones.com.tw
[49] mail(s) a2011@neostones.com.tw
[3] mail(s) a2013@neostones.com.tw
[12] mail(s) a2020@neostones.com.tw
[0] mail(s) a2021@neostones.com.tw
[10] mail(s) a2022@neostones.com.tw
[71] mail(s) a2027@neostones.com.tw
[0] mail(s) a2049@neostones.com.tw
[4] mail(s) a2050@neostones.com.tw
[10] mail(s) a2052@neostones.com.tw
[9] mail(s) a2053@neostones.com.tw
[26] mail(s) a2056@neostones.com.tw
[49] mail(s) a3004@neostones.com.tw
[0] mail(s) a3010@neostones.com.tw
[15] mail(s) a3012@neostones.com.tw
[60] mail(s) a3019@neostones.com.tw
[38] mail(s) a3029@neostones.com.tw
[78] mail(s) a3033@neostones.com.tw
[33] mail(s) a3035@neostones.com.tw
[1] mail(s) a3037@neostones.com.tw
[0] mail(s) a3038@neostones.com.tw
[5] mail(s) a3039@neostones.com.tw
[36] mail(s) a3041@neostones.com.tw
[38] mail(s) a3042@neostones.com.tw
[1] mail(s) a3045@neostones.com.tw
[51] mail(s) a3046@neostones.com.tw
[2] mail(s) a3057@neostones.com.tw
[1] mail(s) a3058@neostones.com.tw
[0] mail(s) a3059@neostones.com.tw
[0] mail(s) a3060@neostones.com.tw
[3] mail(s) a3061@neostones.com.tw
[37] mail(s) a3062@neostones.com.tw
[25] mail(s) a3064@neostones.com.tw
[0] mail(s) a3065@neostones.com.tw
[0] mail(s) a3066@neostones.com.tw
[0] mail(s) a3068@neostones.com.tw
[2] mail(s) a3070@neostones.com.tw
[0] mail(s) a4001@neostones.com.tw
[2] mail(s) a4002@neostones.com.tw
[0] mail(s) a4004@neostones.com.tw
[4] mail(s) neostones@neostones.com.tw
[1] mail(s) yoyo@neostones.com.tw
[0] mail(s) cha@newcd.com.tw
[3] mail(s) jassey@newcd.com.tw
[3] mail(s) jean@newcd.com.tw
[4] mail(s) stang@newcd.com.tw
[101] mail(s) susan@newcd.com.tw
[5] mail(s) ufwisdom@newcd.com.tw
[0] mail(s) wanhsiu@newcd.com.tw
[3] mail(s) ella@nistem.com.tw
[5] mail(s) ellen@nistem.com.tw
[0] mail(s) gillian@nistem.com.tw
[0] mail(s) huang_cs@nistem.com.tw
[57] mail(s) laihp@nistem.com.tw
[2] mail(s) leo@nistem.com.tw
[1] mail(s) liang@nistem.com.tw
[19] mail(s) mark_chen@nistem.com.tw
[0] mail(s) parts@nistem.com.tw
[4] mail(s) sammi@nistem.com.tw
[9] mail(s) shui@nistem.com.tw
[15] mail(s) service@nobility.com.tw
[0] mail(s) amy_chen@northtech.com.tw
[30] mail(s) contact@northtech.com.tw
[0] mail(s) kathy_yu@northtech.com.tw
[0] mail(s) trade@northtech.com.tw
[0] mail(s) vincent_yen@northtech.com.tw
[0] mail(s) admin@nytaps.com.tw
[0] mail(s) cashier@nytaps.com.tw
[1] mail(s) dr@nytaps.com.tw
[0] mail(s) nurse@nytaps.com.tw
[1] mail(s) pro@nytaps.com.tw
[701] mail(s) carol@ocarol.com.tw
[0] mail(s) connie@ocarol.com.tw
[2] mail(s) joe@ocarol.com.tw
[22] mail(s) nba@ocarol.com.tw
[0] mail(s) nda@ocarol.com.tw
[36] mail(s) ocarol@ocarol.com.tw
[1] mail(s) rose@ocarol.com.tw
[2] mail(s) ahsueh@omniservice.com.tw
[0] mail(s) bsu@omniservice.com.tw
[0] mail(s) elee@omniservice.com.tw
[2] mail(s) gchen@omniservice.com.tw
[43] mail(s) wchern@omniservice.com.tw
[0] mail(s) dannylin@orzmail.idv.tw
[0] mail(s) luciusshiu@orzmail.idv.tw
[0] mail(s) michigan@orzmail.idv.tw
[42] mail(s) public@p-johnson.com.tw
[0] mail(s) service@p-johnson.com.tw
[0] mail(s) yuan@p-johnson.com.tw
[0] mail(s) alan@pact.com.tw
[1] mail(s) anita@pact.com.tw
[2] mail(s) george@pact.com.tw
[4] mail(s) jack@pact.com.tw
[1] mail(s) jessica@pact.com.tw
[9] mail(s) leon@pact.com.tw
[0] mail(s) lilian@pact.com.tw
[1] mail(s) lydia@pact.com.tw
[0] mail(s) pact@pact.com.tw
[1] mail(s) troy@pact.com.tw
[2] mail(s) coal@pencoal.com.tw
[13] mail(s) emily@pencoal.com.tw
[10] mail(s) janne@pencoal.com.tw
[41] mail(s) jeffrey@pencoal.com.tw
[4] mail(s) judychen@pencoal.com.tw
[5] mail(s) maxlee@pencoal.com.tw
[3] mail(s) polly@pencoal.com.tw
[10] mail(s) thomas@pencoal.com.tw
[6] mail(s) tinahuang@pencoal.com.tw
[52] mail(s) happy@penku.com.tw
[14] mail(s) jan@penku.com.tw
[9] mail(s) jewel@penku.com.tw
[4] mail(s) lin@penku.com.tw
[36] mail(s) sandy@penku.com.tw
[63] mail(s) tenlin@penku.com.tw
[11] mail(s) teresa@penku.com.tw
[0] mail(s) wps@penku.com.tw
[6] mail(s) anne@penmotors.com.tw
[219] mail(s) anniechen@penmotors.com.tw
[0] mail(s) car@penmotors.com.tw
[177] mail(s) david@penmotors.com.tw
[0] mail(s) gary@penmotors.com.tw
[1] mail(s) goolu@penmotors.com.tw
[1] mail(s) hubert@penmotors.com.tw
[7] mail(s) jack@penmotors.com.tw
[2] mail(s) jean@penmotors.com.tw
[8] mail(s) olivia@penmotors.com.tw
[0] mail(s) rose@penmotors.com.tw
[111] mail(s) ss135750@penmotors.com.tw
[862] mail(s) ss136311@penmotors.com.tw
[3] mail(s) suny@penmotors.com.tw
[12] mail(s) tseng@penmotors.com.tw
[1] mail(s) wang@penmotors.com.tw
[6] mail(s) wen@penmotors.com.tw
[155] mail(s) william@penmotors.com.tw
[13] mail(s) yen@penmotors.com.tw
[0] mail(s) yu@penmotors.com.tw
[0] mail(s) sales@photocake.com.tw
[0] mail(s) service@photocake.com.tw
[14] mail(s) info@plusin.com
[44] mail(s) mandy@plusin.com
[0] mail(s) phshu@plusin.com
[7] mail(s) plusin@plusin.com
[21] mail(s) samuel@plusin.com
[27] mail(s) jackie@pnm.com.tw
[15] mail(s) jysu@pnm.com.tw
[3] mail(s) kc@pnm.com.tw
[123] mail(s) pnm99@pnm.com.tw
[5] mail(s) rose@pnm.com.tw
[0] mail(s) editor@polarisbook.com
[0] mail(s) service@polarisbook.com
[3] mail(s) feleen_w@power-tech.biz
[0] mail(s) gloria@power-tech.biz
[29] mail(s) nico_l@power-tech.biz
[54] mail(s) info@powerfarm.com.tw
[168] mail(s) peace@powerfarm.com.tw
[1] mail(s) david@powerflow.com.tw
[1] mail(s) emily@powerflow.com.tw
[0] mail(s) service@powerflow.com.tw
[1] mail(s) lilian@prime.com.tw
[25] mail(s) logistic@prime.com.tw
[0] mail(s) logistic1@prime.com.tw
[23] mail(s) richard@prime.com.tw
[115] mail(s) sales@prime.com.tw
[87] mail(s) service@prime.com.tw
[78] mail(s) support@prime.com.tw
[2] mail(s) annie@pro-technology.com.tw
[97] mail(s) bill@pro-technology.com.tw
[45] mail(s) kho@ptahdesign.com.tw
[1] mail(s) mia@ptahdesign.com.tw
[4] mail(s) johnson@qman.com.tw
[35] mail(s) msn@qman.com.tw
[23] mail(s) order@qman.com.tw
[48] mail(s) sales@qman.com.tw
[0] mail(s) sam@qman.com.tw
[28] mail(s) service@qman.com.tw
[0] mail(s) anter@rcsacorp.com.tw
[10] mail(s) designer@rcsacorp.com.tw
[1] mail(s) doris@rcsacorp.com.tw
[6] mail(s) hr@rcsacorp.com.tw
[8] mail(s) info@rcsacorp.com.tw
[5] mail(s) ivy@rcsacorp.com.tw
[30] mail(s) karen@rcsacorp.com.tw
[30] mail(s) master@rcsacorp.com.tw
[8] mail(s) mavis@rcsacorp.com.tw
[10] mail(s) richard@rcsacorp.com.tw
[39] mail(s) steve@rcsacorp.com.tw
[1] mail(s) tammy@rcsacorp.com.tw
[70] mail(s) yvonne@rcsacorp.com.tw
[3] mail(s) regis@regis-tech.com
[71] mail(s) sam@regis-tech.com
[32] mail(s) service@regis-tech.com
[0] mail(s) wayne@regis-tech.com
[0] mail(s) daniel@relaxt.com.tw
[2] mail(s) sonia@relaxt.com.tw
[0] mail(s) alan@ri-pro.com
[0] mail(s) andy@ri-pro.com
[71] mail(s) carol@ri-pro.com
[0] mail(s) cathy@ri-pro.com
[2] mail(s) dora@ri-pro.com
[36] mail(s) joan@ri-pro.com
[10] mail(s) kelly@ri-pro.com
[7] mail(s) lola@ri-pro.com
[10] mail(s) mandy@ri-pro.com
[0] mail(s) mark@ri-pro.com
[0] mail(s) marketing@ri-pro.com
[0] mail(s) rose@ri-pro.com
[9] mail(s) sam@ri-pro.com
[3] mail(s) stacy@ri-pro.com
[1] mail(s) suching@ri-pro.com
[5] mail(s) tina@ri-pro.com
[0] mail(s) alex@romax.com.tw
[0] mail(s) nancy@romax.com.tw
[0] mail(s) pat@romax.com.tw
[104] mail(s) roger@romax.com.tw
[6] mail(s) vincent@romax.com.tw
[81] mail(s) vivi@romax.com.tw
[67] mail(s) chao@rsam.com.tw
[0] mail(s) chen@rsam.com.tw
[0] mail(s) cs@rsam.com.tw
[62] mail(s) mayas@rsam.com.tw
[0] mail(s) rsam@rsam.com.tw
[0] mail(s) sabrina@rsam.com.tw
[0] mail(s) samlu@rsam.com.tw
[1] mail(s) thales@rsam.com.tw
[5] mail(s) achang@rstech.com.tw
[0] mail(s) dpeng@rstech.com.tw
[3] mail(s) emerly@rstech.com.tw
[0] mail(s) sliang@rstech.com.tw
[0] mail(s) tina@rstech.com.tw
[2] mail(s) account@ruody.com.tw
[5] mail(s) boss@ruody.com.tw
[67] mail(s) debbie@ruody.com.tw
[1] mail(s) tseng@ruody.com.tw
[0] mail(s) van@ruody.com.tw
[68] mail(s) anchia@s-channel.com.tw
[1] mail(s) dixon@s-channel.com.tw
[33] mail(s) admi@sableinc.com.tw
[0] mail(s) admi-1@sableinc.com.tw
[0] mail(s) alex@sableinc.com.tw
[6] mail(s) alvin@sableinc.com.tw
[0] mail(s) anchi@sableinc.com.tw
[3] mail(s) bert@sableinc.com.tw
[41] mail(s) bill@sableinc.com.tw
[2] mail(s) charlie@sableinc.com.tw
[0] mail(s) fanny@sableinc.com.tw
[3] mail(s) flora@sableinc.com.tw
[0] mail(s) george@sableinc.com.tw
[0] mail(s) janny@sableinc.com.tw
[1] mail(s) jason@sableinc.com.tw
[2] mail(s) jo.010@sableinc.com.tw
[0] mail(s) justin@sableinc.com.tw
[75] mail(s) larry@sableinc.com.tw
[89] mail(s) lavender@sableinc.com.tw
[56] mail(s) lisa@sableinc.com.tw
[53] mail(s) loca@sableinc.com.tw
[3] mail(s) louis@sableinc.com.tw
[3] mail(s) manu@sableinc.com.tw
[260] mail(s) market@sableinc.com.tw
[0] mail(s) monica@sableinc.com.tw
[58] mail(s) pd@sableinc.com.tw
[7] mail(s) pd-1@sableinc.com.tw
[10] mail(s) purchase@sableinc.com.tw
[15] mail(s) rd@sableinc.com.tw
[8] mail(s) rita@sableinc.com.tw
[8] mail(s) vicky@sableinc.com.tw
[22] mail(s) vivian@sableinc.com.tw
[9] mail(s) wh@sableinc.com.tw
[6] mail(s) wh01@sableinc.com.tw
[23] mail(s) winnie@sableinc.com.tw
[0] mail(s) ywchen@sableinc.com.tw
[0] mail(s) jier@samson-metal.com.tw
[3] mail(s) service@samson-metal.com.tw
[0] mail(s) simon@samson-metal.com.tw
[0] mail(s) alex@schmid-taiwan.com
[17] mail(s) angel@schmid-taiwan.com
[1] mail(s) angelika@schmid-taiwan.com
[7] mail(s) ariel@schmid-taiwan.com
[4] mail(s) ava@schmid-taiwan.com
[7] mail(s) carlson@schmid-taiwan.com
[3] mail(s) claudia@schmid-taiwan.com
[9] mail(s) cwuerth@schmid-taiwan.com
[0] mail(s) denise@schmid-taiwan.com
[0] mail(s) erin@schmid-taiwan.com
[5] mail(s) guenter@schmid-taiwan.com
[4] mail(s) jason@schmid-taiwan.com
[8] mail(s) johnny@schmid-taiwan.com
[0] mail(s) max@schmid-taiwan.com
[0] mail(s) monica@schmid-taiwan.com
[0] mail(s) revita@schmid-taiwan.com
[1] mail(s) service@schmid-taiwan.com
[1] mail(s) simon@schmid-taiwan.com
[1] mail(s) stl-service@schmid-taiwan.com
[1] mail(s) storehouse@schmid-taiwan.com
[1] mail(s) sue@schmid-taiwan.com
[12] mail(s) thomas@schmid-taiwan.com
[134] mail(s) vincent@schmid-taiwan.com
[72] mail(s) vivian@schmid-taiwan.com
[16] mail(s) wells@schmid-taiwan.com
[2] mail(s) wendy@schmid-taiwan.com
[38] mail(s) admin@scopewell.com.tw
[30] mail(s) soon@scopewell.com.tw
[4] mail(s) chou@sembatw.com.tw
[0] mail(s) emma@sembatw.com.tw
[7] mail(s) fenny@sembatw.com.tw
[12] mail(s) hing@sembatw.com.tw
[1] mail(s) isao.itoda@sembatw.com.tw
[5] mail(s) ken1008@sembatw.com.tw
[20] mail(s) lulu@sembatw.com.tw
[0] mail(s) ota@sembatw.com.tw
[1] mail(s) arnold@sentravel.com.tw
[0] mail(s) auliwa@sentravel.com.tw
[4] mail(s) christina@sentravel.com.tw
[21] mail(s) daiven@sentravel.com.tw
[9] mail(s) jason@sentravel.com.tw
[5] mail(s) jean@sentravel.com.tw
[47] mail(s) mailbox@sentravel.com.tw
[25] mail(s) operation@sentravel.com.tw
[0] mail(s) pao@sentravel.com.tw
[12] mail(s) pichen@sentravel.com.tw
[2] mail(s) piggy@sentravel.com.tw
[8] mail(s) robin@sentravel.com.tw
[1] mail(s) sammi@sentravel.com.tw
[0] mail(s) eva@seponline.com.tw
[104] mail(s) info@seponline.com.tw
[85] mail(s) jean@seponline.com.tw
[85] mail(s) maggie@seponline.com.tw
[17] mail(s) max@seponline.com.tw
[2] mail(s) wade@seponline.com.tw
[21] mail(s) alan@sevenstar.com.tw
[0] mail(s) barbara@sevenstar.com.tw
[9] mail(s) david@sevenstar.com.tw
[0] mail(s) denkenho@sevenstar.com.tw
[9] mail(s) emily@sevenstar.com.tw
[3] mail(s) fiona@sevenstar.com.tw
[0] mail(s) james@sevenstar.com.tw
[8] mail(s) jerry@sevenstar.com.tw
[8] mail(s) jessica@sevenstar.com.tw
[46] mail(s) joyce@sevenstar.com.tw
[0] mail(s) kenny@sevenstar.com.tw
[0] mail(s) konch@sevenstar.com.tw
[0] mail(s) mary@sevenstar.com.tw
[179] mail(s) meya@sevenstar.com.tw
[1] mail(s) nina@sevenstar.com.tw
[12] mail(s) rita@sevenstar.com.tw
[10] mail(s) sandy@sevenstar.com.tw
[2] mail(s) sevenstar@sevenstar.com.tw
[14] mail(s) stephen@sevenstar.com.tw
[0] mail(s) teddy@sevenstar.com.tw
[44] mail(s) terry@sevenstar.com.tw
[0] mail(s) alien@seyen.com.tw
[0] mail(s) antony@seyen.com.tw
[2] mail(s) emily@seyen.com.tw
[5] mail(s) info@seyen.com.tw
[2] mail(s) irene@seyen.com.tw
[13] mail(s) jennifer@seyen.com.tw
[15] mail(s) jessie@seyen.com.tw
[96] mail(s) joyce@seyen.com.tw
[111] mail(s) linda@seyen.com.tw
[7] mail(s) nicole@seyen.com.tw
[5] mail(s) salome@seyen.com.tw
[91] mail(s) sophie@seyen.com.tw
[121] mail(s) stanley@seyen.com.tw
[13] mail(s) sweety@seyen.com.tw
[25] mail(s) tony@seyen.com.tw
[29] mail(s) vivian@seyen.com.tw
[1] mail(s) annyta@shine-tech.com.tw
[0] mail(s) frank@shine-tech.com.tw
[7] mail(s) fuliang@shine-tech.com.tw
[0] mail(s) jackson@shine-tech.com.tw
[0] mail(s) jason@shine-tech.com.tw
[0] mail(s) paul@shine-tech.com.tw
[14] mail(s) carol@shinkin.com.tw
[47] mail(s) charles@shinkin.com.tw
[0] mail(s) chou@shinkin.com.tw
[4] mail(s) cindy@shinkin.com.tw
[4] mail(s) jane@shinkin.com.tw
[19] mail(s) jui@shinkin.com.tw
[2] mail(s) kitai@shinkin.com.tw
[39] mail(s) lee@shinkin.com.tw
[0] mail(s) mkgt@shinkin.com.tw
[28] mail(s) purchase@shinkin.com.tw
[5] mail(s) skqc@shinkin.com.tw
[2] mail(s) su@shinkin.com.tw
[35] mail(s) wang@shinkin.com.tw
[2] mail(s) work@shinkin.com.tw
[2] mail(s) yfcheng@shinkin.com.tw
[3] mail(s) yu@shinkin.com.tw
[7] mail(s) michael@shred-et.com
[169] mail(s) personnel@shred-et.com
[311] mail(s) sales@shred-et.com
[2] mail(s) service@shred-et.com
[0] mail(s) kevin@silversilk.com.tw
[0] mail(s) peter@silversilk.com.tw
[4] mail(s) silversilk@silversilk.com.tw
[1] mail(s) ted@silversilk.com.tw
[0] mail(s) annielin@sinwa.com.tw
[0] mail(s) finance@sinwa.com.tw
[0] mail(s) neelylin@sinwa.com.tw
[104] mail(s) sallylin@sinwa.com.tw
[1] mail(s) service@sinwa.com.tw
[97] mail(s) jack@skysis.com.tw
[68] mail(s) jeff@skysis.com.tw
[16] mail(s) lu@skysis.com.tw
[494] mail(s) service@skysis.com.tw
[9] mail(s) sheila@skysis.com.tw
[50] mail(s) ilan@smoothtour.com.tw
[33] mail(s) tpe@smoothtour.com.tw
[16] mail(s) corinachen@soezco.com.tw
[1] mail(s) et.chou@solacorp.com
[2] mail(s) johnson.lin@solacorp.com
[27] mail(s) kengi.chen@solacorp.com
[11] mail(s) service@solacorp.com
[32] mail(s) tylee@solacorp.com
[3] mail(s) anna@solidlite.com
[0] mail(s) any@solidlite.com
[12] mail(s) barry@solidlite.com
[0] mail(s) becklin@solidlite.com
[32] mail(s) coco@solidlite.com
[25] mail(s) david@solidlite.com
[1] mail(s) eliza@solidlite.com
[14] mail(s) emmi@solidlite.com
[11] mail(s) glai@solidlite.com
[0] mail(s) howard@solidlite.com
[40] mail(s) hr@solidlite.com
[1] mail(s) hsieh@solidlite.com
[6] mail(s) ivy@solidlite.com
[11] mail(s) jack@solidlite.com
[4] mail(s) jason@solidlite.com
[25] mail(s) jean@solidlite.com
[6] mail(s) joan@solidlite.com
[0] mail(s) joanne@solidlite.com
[38] mail(s) joyce@solidlite.com
[3] mail(s) kai@solidlite.com
[9] mail(s) kenliu@solidlite.com
[25] mail(s) kenneth@solidlite.com
[71] mail(s) led@solidlite.com
[21] mail(s) lillian@solidlite.com
[0] mail(s) material@solidlite.com
[3] mail(s) michael@solidlite.com
[0] mail(s) monica@solidlite.com
[1] mail(s) paolo@solidlite.com
[0] mail(s) pd@solidlite.com
[5] mail(s) pe@solidlite.com
[0] mail(s) peggy@solidlite.com
[10] mail(s) qa@solidlite.com
[11] mail(s) sales1@solidlite.com
[10] mail(s) sales2@solidlite.com
[0] mail(s) sam@solidlite.com
[9] mail(s) sammy@solidlite.com
[7] mail(s) samuel@solidlite.com
[34] mail(s) sharon@solidlite.com
[19] mail(s) simon@solidlite.com
[0] mail(s) sony@solidlite.com
[20] mail(s) tess@solidlite.com
[19] mail(s) wen@solidlite.com
[0] mail(s) xavier@solidlite.com
[1] mail(s) zoy@solidlite.com
[1] mail(s) cp_chiang@sonostar.com
[0] mail(s) drq_chiou@sonostar.com
[2] mail(s) joesam_liu@sonostar.com
[3] mail(s) johnny_shen@sonostar.com
[0] mail(s) jonathon_chen@sonostar.com
[1] mail(s) ken_lin@sonostar.com
[0] mail(s) lillian_wang@sonostar.com
[3] mail(s) miko@sowan.com.tw
[0] mail(s) miko2@sowan.com.tw
[0] mail(s) miko3@sowan.com.tw
[0] mail(s) miko4@sowan.com.tw
[0] mail(s) miko5@sowan.com.tw
[3] mail(s) amy@stanley-tpe.com.tw
[18] mail(s) ariel@stanley-tpe.com.tw
[7] mail(s) chen@stanley-tpe.com.tw
[5] mail(s) chris@stanley-tpe.com.tw
[2] mail(s) elaine@stanley-tpe.com.tw
[3] mail(s) eric@stanley-tpe.com.tw
[1] mail(s) fanny@stanley-tpe.com.tw
[16] mail(s) kaku@stanley-tpe.com.tw
[26] mail(s) kathy@stanley-tpe.com.tw
[14] mail(s) kevin@stanley-tpe.com.tw
[68] mail(s) sarah@stanley-tpe.com.tw
[318] mail(s) set-sales@stanley-tpe.com.tw
[6] mail(s) wada@stanley-tpe.com.tw
[25] mail(s) anna@starview.com.tw
[0] mail(s) buyer@starview.com.tw
[0] mail(s) jack@starview.com.tw
[3] mail(s) johnson@starview.com.tw
[14] mail(s) kelly@starview.com.tw
[1] mail(s) megan@starview.com.tw
[46] mail(s) rick@starview.com.tw
[0] mail(s) sales@starview.com.tw
[20] mail(s) tony@starview.com.tw
[0] mail(s) grace@steptek.com.tw
[0] mail(s) kender@steptek.com.tw
[0] mail(s) pam@steptek.com.tw
[1] mail(s) sales@steptek.com.tw
[55] mail(s) step@steptek.com.tw
[20] mail(s) ann@sunprogroup.com.tw
[5] mail(s) diane@sunprogroup.com.tw
[0] mail(s) gmohr@sunprogroup.com.tw
[23] mail(s) katie@sunprogroup.com.tw
[0] mail(s) keith@sunprogroup.com.tw
[10] mail(s) lu@sunprogroup.com.tw
[5] mail(s) wu@sunprogroup.com.tw
[0] mail(s) seda.tseng@suntex89.com
[0] mail(s) sun.lin@suntex89.com
[4] mail(s) andrew@sunwayfood.com.tw
[0] mail(s) george@sunwayfood.com.tw
[0] mail(s) hsiu0516@sunwayfood.com.tw
[1] mail(s) jay@sunwayfood.com.tw
[0] mail(s) joey2598@sunwayfood.com.tw
[0] mail(s) junior@sunwayfood.com.tw
[1] mail(s) lai@sunwayfood.com.tw
[5] mail(s) paul@sunwayfood.com.tw
[1] mail(s) shiou@sunwayfood.com.tw
[1] mail(s) stephen@sunwayfood.com.tw
[0] mail(s) tony@sunwayfood.com.tw
[0] mail(s) yuuko@sunwayfood.com.tw
[3] mail(s) bear@surtecpm.com.tw
[12] mail(s) bill@surtecpm.com.tw
[0] mail(s) eng1@surtecpm.com.tw
[0] mail(s) eng2@surtecpm.com.tw
[3] mail(s) jeff@surtecpm.com.tw
[0] mail(s) joe@surtecpm.com.tw
[119] mail(s) john@surtecpm.com.tw
[0] mail(s) khl@surtecpm.com.tw
[1] mail(s) mary@surtecpm.com.tw
[1] mail(s) max@surtecpm.com.tw
[5] mail(s) nono@surtecpm.com.tw
[11] mail(s) peter@surtecpm.com.tw
[2] mail(s) power@surtecpm.com.tw
[0] mail(s) cp_chiang@taipeicapital.com.tw
[11] mail(s) hamie_hsu@taipeicapital.com.tw
[22] mail(s) joesam_liu@taipeicapital.com.tw
[20] mail(s) johnny_shen@taipeicapital.com.tw
[0] mail(s) ken_lin@taipeicapital.com.tw
[0] mail(s) lillian_wang@taipeicapital.com.tw
[0] mail(s) melinda_chen@taipeicapital.com.tw
[2] mail(s) akiyo@taiwan-leader.com
[4] mail(s) amy@taiwan-leader.com
[2] mail(s) ann@taiwan-leader.com
[1] mail(s) benson@taiwan-leader.com
[3] mail(s) betty@taiwan-leader.com
[13] mail(s) carrie@taiwan-leader.com
[1] mail(s) chiang@taiwan-leader.com
[169] mail(s) claire@taiwan-leader.com
[3] mail(s) danny@taiwan-leader.com
[3] mail(s) erin@taiwan-leader.com
[0] mail(s) eva@taiwan-leader.com
[4] mail(s) gladys@taiwan-leader.com
[3] mail(s) grace@taiwan-leader.com
[2] mail(s) henry@taiwan-leader.com
[1] mail(s) hr@taiwan-leader.com
[5] mail(s) jack@taiwan-leader.com
[2] mail(s) jaspershen@taiwan-leader.com
[2] mail(s) jeff@taiwan-leader.com
[52] mail(s) jessica@taiwan-leader.com
[0] mail(s) joe@taiwan-leader.com
[13] mail(s) kc@taiwan-leader.com
[4] mail(s) kelly@taiwan-leader.com
[29] mail(s) kswang@taiwan-leader.com
[4] mail(s) lin@taiwan-leader.com
[0] mail(s) lulu@taiwan-leader.com
[0] mail(s) marvin@taiwan-leader.com
[0] mail(s) monica@taiwan-leader.com
[0] mail(s) orange@taiwan-leader.com
[0] mail(s) patrick@taiwan-leader.com
[0] mail(s) rita@taiwan-leader.com
[2] mail(s) sabrina@taiwan-leader.com
[13] mail(s) sandy@taiwan-leader.com
[6] mail(s) sandyshih@taiwan-leader.com
[0] mail(s) sean@taiwan-leader.com
[1] mail(s) seing@taiwan-leader.com
[0] mail(s) shumin@taiwan-leader.com
[4] mail(s) sunny@taiwan-leader.com
[10] mail(s) taiwan@taiwan-leader.com
[79] mail(s) webmaster@taiwan-leader.com
[76] mail(s) yen@taiwan-leader.com
[0] mail(s) service@taling.com.tw
[16] mail(s) taling@taling.com.tw
[18] mail(s) jack@teppro.com.tw
[2] mail(s) judy@teppro.com.tw
[19] mail(s) sherry@teppro.com.tw
[3] mail(s) sitc@teppro.com.tw
[5] mail(s) teresa@teppro.com.tw
[79] mail(s) acc@tld.com.tw
[13] mail(s) assis@tld.com.tw
[11] mail(s) mandy@tld.com.tw
[33] mail(s) sales@tld.com.tw
[20] mail(s) sales2@tld.com.tw
[22] mail(s) sales3@tld.com.tw
[9] mail(s) sales5@tld.com.tw
[0] mail(s) sales6@tld.com.tw
[33] mail(s) sales7@tld.com.tw
[23] mail(s) service@tld.com.tw
[0] mail(s) jeffery@top-player.com.tw
[36] mail(s) jimmy@top-player.com.tw
[199] mail(s) joanne@top-player.com.tw
[37] mail(s) julia@top-player.com.tw
[701] mail(s) maggie@top-player.com.tw
[142] mail(s) sam@top-player.com.tw
[445] mail(s) v-shop@top-player.com.tw
[371] mail(s) vortex@top-player.com.tw
[2] mail(s) 888@toplulu.net
[0] mail(s) com@toplulu.net
[0] mail(s) dodo@toplulu.net
[0] mail(s) tiger@toplulu.net
[15] mail(s) cj_huang@trinusys.com
[57] mail(s) jeff_chen@trinusys.com
[0] mail(s) jinlon_lin@trinusys.com
[1] mail(s) sales@trinusys.com
[1] mail(s) amy@tronlink.com.tw
[5] mail(s) angel@tronlink.com.tw
[1] mail(s) anne@tronlink.com.tw
[14] mail(s) annyta@tronlink.com.tw
[0] mail(s) benjamin@tronlink.com.tw
[7] mail(s) charles_lu@tronlink.com.tw
[2] mail(s) dabby@tronlink.com.tw
[1] mail(s) eagle@tronlink.com.tw
[3] mail(s) franklee@tronlink.com.tw
[0] mail(s) fuliang@tronlink.com.tw
[1] mail(s) fun@tronlink.com.tw
[1] mail(s) isaac@tronlink.com.tw
[0] mail(s) jackson@tronlink.com.tw
[7] mail(s) jason@tronlink.com.tw
[0] mail(s) jr.lin@tronlink.com.tw
[0] mail(s) jui@tronlink.com.tw
[8] mail(s) lai@tronlink.com.tw
[1] mail(s) lank@tronlink.com.tw
[44] mail(s) leon@tronlink.com.tw
[3] mail(s) lihger@tronlink.com.tw
[0] mail(s) lsy@tronlink.com.tw
[5] mail(s) mei@tronlink.com.tw
[0] mail(s) nicole@tronlink.com.tw
[1] mail(s) pameli@tronlink.com.tw
[2] mail(s) paul@tronlink.com.tw
[3] mail(s) shelley@tronlink.com.tw
[5] mail(s) ted@tronlink.com.tw
[3] mail(s) vic@tronlink.com.tw
[0] mail(s) willie@tronlink.com.tw
[5] mail(s) yang@tronlink.com.tw
[5] mail(s) ying@tronlink.com.tw
[0] mail(s) yuming@tronlink.com.tw
[2] mail(s) zack@tronlink.com.tw
[0] mail(s) allen@tronstar.com.tw
[0] mail(s) evelyn@tronstar.com.tw
[0] mail(s) jessica@tronstar.com.tw
[0] mail(s) sales@tronstar.com.tw
[0] mail(s) tronstar@tronstar.com.tw
[5] mail(s) amy-wu@tw-tpi.com.tw
[6] mail(s) betty-ho@tw-tpi.com.tw
[0] mail(s) philchong@tw-tpi.com.tw
[10] mail(s) se-chao@tw-tpi.com.tw
[50] mail(s) tpi@tw-tpi.com.tw
[0] mail(s) wy-chong@tw-tpi.com.tw
[67] mail(s) gill@unicomes.com.tw
[493] mail(s) johnny@unicomes.com.tw
[11] mail(s) owen@unicomes.com.tw
[5] mail(s) peggy@unicomes.com.tw
[4] mail(s) rick@unicomes.com.tw
[5] mail(s) jo@vang.com.tw
[6] mail(s) kathy@vang.com.tw
[4] mail(s) rachel@vang.com.tw
[46] mail(s) tpe@vang.com.tw
[48] mail(s) txg@vang.com.tw
[17] mail(s) amy@vantectw.com
[0] mail(s) bobby@vantectw.com
[2] mail(s) cindy@vantectw.com
[9] mail(s) cs@vantectw.com
[0] mail(s) david@vantectw.com
[0] mail(s) erica@vantectw.com
[0] mail(s) iren@vantectw.com
[0] mail(s) jarod@vantectw.com
[0] mail(s) jay@vantectw.com
[0] mail(s) jerry@vantectw.com
[0] mail(s) king@vantectw.com
[2] mail(s) louis@vantectw.com
[0] mail(s) ricky@vantectw.com
[1] mail(s) sales@vantectw.com
[13] mail(s) sally@vantectw.com
[6] mail(s) steven@vantectw.com
[0] mail(s) tommy@vantectw.com
[1] mail(s) yuron@vantectw.com
[20] mail(s) ahda@vaxcel.com.tw
[29] mail(s) amy@vaxcel.com.tw
[69] mail(s) belle@vaxcel.com.tw
[12] mail(s) beta@vaxcel.com.tw
[0] mail(s) chia-teh@vaxcel.com.tw
[29] mail(s) chris@vaxcel.com.tw
[3] mail(s) claire@vaxcel.com.tw
[171] mail(s) ct@vaxcel.com.tw
[39] mail(s) cynthia@vaxcel.com.tw
[0] mail(s) daniel@vaxcel.com.tw
[2] mail(s) elyse@vaxcel.com.tw
[11] mail(s) emily@vaxcel.com.tw
[0] mail(s) eric@vaxcel.com.tw
[104] mail(s) eva@vaxcel.com.tw
[14] mail(s) grace@vaxcel.com.tw
[10] mail(s) jacky@vaxcel.com.tw
[23] mail(s) jasmine@vaxcel.com.tw
[6] mail(s) jason@vaxcel.com.tw
[21] mail(s) jeffery@vaxcel.com.tw
[10] mail(s) johnson@vaxcel.com.tw
[6] mail(s) kathy@vaxcel.com.tw
[0] mail(s) kent@vaxcel.com.tw
[34] mail(s) lily@vaxcel.com.tw
[0] mail(s) lumirack@vaxcel.com.tw
[25] mail(s) maggie@vaxcel.com.tw
[11] mail(s) michael@vaxcel.com.tw
[16] mail(s) mico@vaxcel.com.tw
[7] mail(s) monica@vaxcel.com.tw
[5] mail(s) patty@vaxcel.com.tw
[2] mail(s) service@vaxcel.com.tw
[5] mail(s) tammy@vaxcel.com.tw
[29] mail(s) teresa@vaxcel.com.tw
[4] mail(s) terry@vaxcel.com.tw
[0] mail(s) thomas@vaxcel.com.tw
[28] mail(s) whyne@vaxcel.com.tw
[0] mail(s) william@vaxcel.com.tw
[81] mail(s) wilson@vaxcel.com.tw
[76] mail(s) grace@victorylink.com.tw
[3] mail(s) info@victorylink.com.tw
[35] mail(s) peggy@victorylink.com.tw
[0] mail(s) rachel-chiu@victorylink.com.tw
[5] mail(s) rebecca@victorylink.com.tw
[0] mail(s) sales2@victorylink.com.tw
[2] mail(s) sales3@victorylink.com.tw
[1] mail(s) tzuyei@victorylink.com.tw
[0] mail(s) airport.tpe@vietnamairlines.com.tw
[0] mail(s) airporttpe@vietnamairlines.com.tw
[0] mail(s) airport_tpe@vietnamairlines.com.tw
[0] mail(s) carol@vietnamairlines.com.tw
[1016] mail(s) glp@vietnamairlines.com.tw
[45] mail(s) nancy@vietnamairlines.com.tw
[0] mail(s) evan@vos.org.tw
[0] mail(s) ifl@vos.org.tw
[2] mail(s) prog@vos.org.tw
[1] mail(s) vos@vos.org.tw
[3] mail(s) wang@vos.org.tw
[40] mail(s) acebudo@wcorp.net
[62] mail(s) budox@wcorp.net
[7] mail(s) essen@wcorp.net
[0] mail(s) hychan@wcorp.net
[1] mail(s) rosa@wcorp.net
[28] mail(s) amy@webwatch.com.tw
[0] mail(s) anita@webwatch.com.tw
[391] mail(s) candy@webwatch.com.tw
[18] mail(s) grace@webwatch.com.tw
[31] mail(s) karen@webwatch.com.tw
[11] mail(s) otto@webwatch.com.tw
[24] mail(s) sales@webwatch.com.tw
[0] mail(s) webwatch@webwatch.com.tw
[1] mail(s) ailsa@well.com.tw
[20] mail(s) cherrie@well.com.tw
[28] mail(s) christer@well.com.tw
[12] mail(s) david@well.com.tw
[5] mail(s) din@well.com.tw
[1] mail(s) donna@well.com.tw
[4] mail(s) eric@well.com.tw
[12] mail(s) fanny@well.com.tw
[37] mail(s) grace@well.com.tw
[52] mail(s) hhc@well.com.tw
[234] mail(s) irene@well.com.tw
[31] mail(s) kevin@well.com.tw
[85] mail(s) lee@well.com.tw
[23] mail(s) lhy@well.com.tw
[2] mail(s) lisa@well.com.tw
[7] mail(s) lucy@well.com.tw
[24] mail(s) maggie@well.com.tw
[545] mail(s) mandy@well.com.tw
[0] mail(s) mei@well.com.tw
[70] mail(s) mp@well.com.tw
[2] mail(s) nancy@well.com.tw
[4] mail(s) nhu@well.com.tw
[0] mail(s) phong@well.com.tw
[34] mail(s) ricky@well.com.tw
[24] mail(s) ruby@well.com.tw
[5] mail(s) shyang@well.com.tw
[11] mail(s) sunny@well.com.tw
[5] mail(s) thao@well.com.tw
[53] mail(s) thomas@well.com.tw
[0] mail(s) todd@well.com.tw
[20] mail(s) tony@well.com.tw
[411] mail(s) well@well.com.tw
[12] mail(s) wendy@well.com.tw
[0] mail(s) xiao@well.com.tw
[0] mail(s) akcool0520@wensong.com.tw
[3] mail(s) amy@wensong.com.tw
[1] mail(s) jeanpaul@wensong.com.tw
[2] mail(s) lin@wensong.com.tw
[22] mail(s) sales@wensong.com.tw
[0] mail(s) finance@whitehorse.com.tw
[0] mail(s) gm@whitehorse.com.tw
[0] mail(s) hr@whitehorse.com.tw
[0] mail(s) mis@whitehorse.com.tw
[0] mail(s) purchase@whitehorse.com.tw
[0] mail(s) rita@whitehorse.com.tw
[0] mail(s) secretary@whitehorse.com.tw
[4] mail(s) whitehorse@whitehorse.com.tw
[2] mail(s) fairy@winaccord.com.tw
[0] mail(s) henry@winaccord.com.tw
[0] mail(s) joan@winaccord.com.tw
[1] mail(s) julia@winaccord.com.tw
[8] mail(s) kelly@winaccord.com.tw
[0] mail(s) peggy@winaccord.com.tw
[24] mail(s) redyyen@winaccord.com.tw
[0] mail(s) tracy@winaccord.com.tw
[0] mail(s) angs@winshen.com.tw
[0] mail(s) ivy@winshen.com.tw
[0] mail(s) may@winshen.com.tw
[3] mail(s) meg@winshen.com.tw
[8] mail(s) service@winshen.com.tw
[7] mail(s) francis@winstream.com.tw
[0] mail(s) ivy@winstream.com.tw
[155] mail(s) kay@winstream.com.tw
[16] mail(s) kcl@winstream.com.tw
[196] mail(s) paul@winstream.com.tw
[10] mail(s) rachelle@winstream.com.tw
[104] mail(s) rita@winstream.com.tw
[1] mail(s) sonja@winstream.com.tw
[184] mail(s) sophie@winstream.com.tw
[2] mail(s) venus@winstream.com.tw
[5] mail(s) yingche@winstream.com.tw
[46] mail(s) zaki@winstream.com.tw
[8] mail(s) arther@winstron.com
[13] mail(s) carey@winstron.com
[0] mail(s) eric@winstron.com
[4] mail(s) francis@winstron.com
[0] mail(s) jack@winstron.com
[0] mail(s) kay@winstron.com
[0] mail(s) steven@winstron.com
[0] mail(s) tina@winstron.com
[2] mail(s) tony@winstron.com
[1] mail(s) victor@winstron.com
[15] mail(s) ada_tseng@wking.com.tw
[2] mail(s) clchang@wking.com.tw
[4] mail(s) richard_wu@wking.com.tw
[488] mail(s) betty@workmen.com.tw
[4] mail(s) gobby068@workmen.com.tw
[6] mail(s) jacky@workmen.com.tw
[13] mail(s) jackywei@workmen.com.tw
[21] mail(s) jason@workmen.com.tw
[0] mail(s) max.tower@workmen.com.tw
[15] mail(s) may399@workmen.com.tw
[3] mail(s) mpowerx5@workmen.com.tw
[169] mail(s) peggy@workmen.com.tw
[0] mail(s) riva@workmen.com.tw
[0] mail(s) workmenks@workmen.com.tw
[0] mail(s) workmen_ch@workmen.com.tw
[12] mail(s) yujulee@workmen.com.tw
[17] mail(s) aimei@worldtech.com.tw
[0] mail(s) alice@worldtech.com.tw
[0] mail(s) amyyeh@worldtech.com.tw
[46] mail(s) andy@worldtech.com.tw
[26] mail(s) angel@worldtech.com.tw
[30] mail(s) bluemaymay@worldtech.com.tw
[5] mail(s) carrie@worldtech.com.tw
[18] mail(s) casper@worldtech.com.tw
[36] mail(s) chris@worldtech.com.tw
[5] mail(s) daleyu@worldtech.com.tw
[3] mail(s) daphne@worldtech.com.tw
[15] mail(s) e-how@worldtech.com.tw
[1] mail(s) eddie@worldtech.com.tw
[3] mail(s) eri@worldtech.com.tw
[91] mail(s) eric@worldtech.com.tw
[1] mail(s) gillian@worldtech.com.tw
[1] mail(s) grace@worldtech.com.tw
[24] mail(s) hsc@worldtech.com.tw
[5] mail(s) hsiung@worldtech.com.tw
[0] mail(s) hyt@worldtech.com.tw
[8] mail(s) iris@worldtech.com.tw
[14] mail(s) ivylai@worldtech.com.tw
[4] mail(s) jacky@worldtech.com.tw
[36] mail(s) janicechen@worldtech.com.tw
[158] mail(s) jeremy@worldtech.com.tw
[0] mail(s) jerry@worldtech.com.tw
[0] mail(s) jessica@worldtech.com.tw
[7] mail(s) joanne@worldtech.com.tw
[8] mail(s) jonathan@worldtech.com.tw
[7] mail(s) joyce@worldtech.com.tw
[58] mail(s) kelly@worldtech.com.tw
[11] mail(s) lillian@worldtech.com.tw
[0] mail(s) lio@worldtech.com.tw
[4] mail(s) lisa@worldtech.com.tw
[2] mail(s) mark@worldtech.com.tw
[0] mail(s) martin@worldtech.com.tw
[0] mail(s) masterli@worldtech.com.tw
[516] mail(s) may@worldtech.com.tw
[144] mail(s) minhua@worldtech.com.tw
[0] mail(s) montell@worldtech.com.tw
[1] mail(s) nico@worldtech.com.tw
[1] mail(s) ronald@worldtech.com.tw
[1] mail(s) roy@worldtech.com.tw
[0] mail(s) sam@worldtech.com.tw
[108] mail(s) service@worldtech.com.tw
[2] mail(s) shatin@worldtech.com.tw
[0] mail(s) shin@worldtech.com.tw
[81] mail(s) stevenchang@worldtech.com.tw
[6] mail(s) su-e-e@worldtech.com.tw
[1] mail(s) susan@worldtech.com.tw
[0] mail(s) tami@worldtech.com.tw
[5] mail(s) teresa@worldtech.com.tw
[38] mail(s) tina@worldtech.com.tw
[0] mail(s) tommy@worldtech.com.tw
[0] mail(s) tracy@worldtech.com.tw
[0] mail(s) tsao@worldtech.com.tw
[9] mail(s) vincent@worldtech.com.tw
[7] mail(s) vivi@worldtech.com.tw
[45] mail(s) wallace@worldtech.com.tw
[5] mail(s) william@worldtech.com.tw
[1] mail(s) yvonne@worldtech.com.tw
[106] mail(s) aimei@worldwise.com.tw
[142] mail(s) alice@worldwise.com.tw
[3] mail(s) amyyeh@worldwise.com.tw
[69] mail(s) andy@worldwise.com.tw
[9] mail(s) angel@worldwise.com.tw
[0] mail(s) bluemaymay@worldwise.com.tw
[83] mail(s) chris@worldwise.com.tw
[72] mail(s) daleyu@worldwise.com.tw
[0] mail(s) e-how@worldwise.com.tw
[5] mail(s) eri@worldwise.com.tw
[102] mail(s) eric@worldwise.com.tw
[1] mail(s) event@worldwise.com.tw
[44] mail(s) fanny@worldwise.com.tw
[95] mail(s) grace@worldwise.com.tw
[110] mail(s) hsc@worldwise.com.tw
[7] mail(s) hsiung@worldwise.com.tw
[0] mail(s) hyt@worldwise.com.tw
[122] mail(s) iris@worldwise.com.tw
[208] mail(s) jacky@worldwise.com.tw
[24] mail(s) joanne@worldwise.com.tw
[17] mail(s) jonathan@worldwise.com.tw
[3] mail(s) joyce@worldwise.com.tw
[4] mail(s) market@worldwise.com.tw
[51] mail(s) minhua@worldwise.com.tw
[4] mail(s) ronald@worldwise.com.tw
[42] mail(s) roy@worldwise.com.tw
[0] mail(s) shatin@worldwise.com.tw
[0] mail(s) shin@worldwise.com.tw
[5] mail(s) susan@worldwise.com.tw
[7] mail(s) tami@worldwise.com.tw
[5] mail(s) teresa@worldwise.com.tw
[479] mail(s) tina@worldwise.com.tw
[5] mail(s) tommy@worldwise.com.tw
[6] mail(s) tracy@worldwise.com.tw
[10] mail(s) vivi@worldwise.com.tw
[7] mail(s) wallace@worldwise.com.tw
[3] mail(s) william@worldwise.com.tw
[6] mail(s) jeff_fan@x-fragrance.com.tw
[0] mail(s) service@x-fragrance.com.tw
[0] mail(s) aifaye@xiertek.com.tw
[11] mail(s) amy@xiertek.com.tw
[0] mail(s) andy@xiertek.com.tw
[15] mail(s) angel@xiertek.com.tw
[1] mail(s) george@xiertek.com.tw
[0] mail(s) james@xiertek.com.tw
[4] mail(s) jerry@xiertek.com.tw
[21] mail(s) joyce@xiertek.com.tw
[0] mail(s) lisa@xiertek.com.tw
[2] mail(s) lsm@xiertek.com.tw
[5] mail(s) rita@xiertek.com.tw
[3] mail(s) ruru@xiertek.com.tw
[3] mail(s) simon@xiertek.com.tw
[7] mail(s) twsales@xiertek.com.tw
[1] mail(s) afa@yan-kuan.com.tw
[104] mail(s) jeter@yan-kuan.com.tw
[3] mail(s) kodama@yan-kuan.com.tw
[21] mail(s) ksir@yan-kuan.com.tw
[55] mail(s) lin@yan-kuan.com.tw
[1350] mail(s) lisa@yan-kuan.com.tw
[86] mail(s) rose@yan-kuan.com.tw
[0] mail(s) t.kodama@yan-kuan.com.tw
[167] mail(s) ting@yan-kuan.com.tw
[764] mail(s) yichia@yichia.com.tw
[26] mail(s) david@yotek.com.tw
[0] mail(s) eric@yotek.com.tw
[17] mail(s) hung@yotek.com.tw
[22] mail(s) jason@yotek.com.tw
[45] mail(s) linda@yotek.com.tw
[37] mail(s) max@yotek.com.tw
[2] mail(s) philip@yotek.com.tw
[6] mail(s) robin@yotek.com.tw
[2] mail(s) ruth@yotek.com.tw
[40] mail(s) sales@yotek.com.tw
[2] mail(s) sam@yotek.com.tw
[0] mail(s) thomas@yotek.com.tw
[0] mail(s) abui@yuisheng.com.tw
[14] mail(s) brian.huang@yuisheng.com.tw
[0] mail(s) c.h.chang@yuisheng.com.tw
[0] mail(s) kevin@yuisheng.com.tw
[1] mail(s) maximum@yuisheng.com.tw
[8] mail(s) sales@yuisheng.com.tw
[3] mail(s) miki@zchao.com.tw
[66] mail(s) ac@zeninc.com.tw
[0] mail(s) ak@zeninc.com.tw
[0] mail(s) bingo@zeninc.com.tw
[0] mail(s) su@zeninc.com.tw
[4] mail(s) zeninc@zeninc.com.tw
[0] mail(s) hnen@ztek.com.tw
[13] mail(s) info@ztek.com.tw
[0] mail(s) jason@ztek.com.tw
[0] mail(s) markchiu@ztek.com.tw
[0] mail(s) monnicamon@ztek.com.tw
[0] mail(s) vishen@ztek.com.tw

